[2022-12-26T08:00:18.569+0000] {taskinstance.py:1165} INFO - Dependencies all met for <TaskInstance: bertopic_autopik_airflow.raw_data_preprocess scheduled__2022-12-26T06:00:00+00:00 [queued]>
[2022-12-26T08:00:18.622+0000] {taskinstance.py:1165} INFO - Dependencies all met for <TaskInstance: bertopic_autopik_airflow.raw_data_preprocess scheduled__2022-12-26T06:00:00+00:00 [queued]>
[2022-12-26T08:00:18.623+0000] {taskinstance.py:1362} INFO - 
--------------------------------------------------------------------------------
[2022-12-26T08:00:18.624+0000] {taskinstance.py:1363} INFO - Starting attempt 1 of 1
[2022-12-26T08:00:18.624+0000] {taskinstance.py:1364} INFO - 
--------------------------------------------------------------------------------
[2022-12-26T08:00:18.697+0000] {taskinstance.py:1383} INFO - Executing <Task(PythonOperator): raw_data_preprocess> on 2022-12-26 06:00:00+00:00
[2022-12-26T08:00:18.715+0000] {standard_task_runner.py:54} INFO - Started process 479 to run task
[2022-12-26T08:00:18.722+0000] {standard_task_runner.py:82} INFO - Running: ['***', 'tasks', 'run', 'bertopic_autopik_***', 'raw_data_preprocess', 'scheduled__2022-12-26T06:00:00+00:00', '--job-id', '17', '--raw', '--subdir', 'DAGS_FOLDER/bertopic_autopik_***.py', '--cfg-path', '/tmp/tmp7fdqiki9']
[2022-12-26T08:00:18.723+0000] {standard_task_runner.py:83} INFO - Job 17: Subtask raw_data_preprocess
[2022-12-26T08:00:18.725+0000] {dagbag.py:525} INFO - Filling up the DagBag from /opt/***/dags/bertopic_autopik_***.py
[2022-12-26T08:00:31.309+0000] {warnings.py:109} WARNING - /home/***/.local/lib/python3.8/site-packages/***/configuration.py:545: DeprecationWarning: The sql_alchemy_conn option in [core] has been moved to the sql_alchemy_conn option in [database] - the old setting has been used, but please update your config.
  option = self._get_environment_variables(deprecated_key, deprecated_section, key, section)

[2022-12-26T08:00:31.381+0000] {task_command.py:384} INFO - Running <TaskInstance: bertopic_autopik_airflow.raw_data_preprocess scheduled__2022-12-26T06:00:00+00:00 [running]> on host c4b524c24ec1
[2022-12-26T08:00:31.470+0000] {taskinstance.py:1590} INFO - Exporting the following env vars:
AIRFLOW_CTX_DAG_EMAIL=hojun.seo@pikurate.com
AIRFLOW_CTX_DAG_OWNER=***
AIRFLOW_CTX_DAG_ID=bertopic_autopik_***
AIRFLOW_CTX_TASK_ID=raw_data_preprocess
AIRFLOW_CTX_EXECUTION_DATE=2022-12-26T06:00:00+00:00
AIRFLOW_CTX_TRY_NUMBER=1
AIRFLOW_CTX_DAG_RUN_ID=scheduled__2022-12-26T06:00:00+00:00
[2022-12-26T08:01:13.919+0000] {python.py:177} INFO - Done. Returned value was: None
[2022-12-26T08:01:13.932+0000] {taskinstance.py:1401} INFO - Marking task as SUCCESS. dag_id=bertopic_autopik_***, task_id=raw_data_preprocess, execution_date=20221226T060000, start_date=20221226T080018, end_date=20221226T080113
[2022-12-26T08:01:14.591+0000] {local_task_job.py:164} INFO - Task exited with return code 0
[2022-12-26T08:01:14.629+0000] {local_task_job.py:273} INFO - 1 downstream tasks scheduled from follow-on schedule check
