[2022-12-28T06:01:45.401+0000] {taskinstance.py:1165} INFO - Dependencies all met for <TaskInstance: bertopic_autopik_airflow.raw_data_preprocess manual__2022-12-28T06:01:24.767025+00:00 [queued]>
[2022-12-28T06:01:45.416+0000] {taskinstance.py:1165} INFO - Dependencies all met for <TaskInstance: bertopic_autopik_airflow.raw_data_preprocess manual__2022-12-28T06:01:24.767025+00:00 [queued]>
[2022-12-28T06:01:45.416+0000] {taskinstance.py:1362} INFO - 
--------------------------------------------------------------------------------
[2022-12-28T06:01:45.417+0000] {taskinstance.py:1363} INFO - Starting attempt 1 of 1
[2022-12-28T06:01:45.417+0000] {taskinstance.py:1364} INFO - 
--------------------------------------------------------------------------------
[2022-12-28T06:01:45.436+0000] {taskinstance.py:1383} INFO - Executing <Task(PythonOperator): raw_data_preprocess> on 2022-12-28 06:01:24.767025+00:00
[2022-12-28T06:01:45.444+0000] {standard_task_runner.py:54} INFO - Started process 514 to run task
[2022-12-28T06:01:45.448+0000] {standard_task_runner.py:82} INFO - Running: ['***', 'tasks', 'run', 'bertopic_autopik_***', 'raw_data_preprocess', 'manual__2022-12-28T06:01:24.767025+00:00', '--job-id', '14', '--raw', '--subdir', 'DAGS_FOLDER/bertopic_autopik_***.py', '--cfg-path', '/tmp/tmprre9edq6']
[2022-12-28T06:01:45.449+0000] {standard_task_runner.py:83} INFO - Job 14: Subtask raw_data_preprocess
[2022-12-28T06:01:45.450+0000] {dagbag.py:525} INFO - Filling up the DagBag from /opt/***/dags/bertopic_autopik_***.py
[2022-12-28T06:02:00.039+0000] {warnings.py:109} WARNING - /home/***/.local/lib/python3.8/site-packages/***/configuration.py:545: DeprecationWarning: The sql_alchemy_conn option in [core] has been moved to the sql_alchemy_conn option in [database] - the old setting has been used, but please update your config.
  option = self._get_environment_variables(deprecated_key, deprecated_section, key, section)

[2022-12-28T06:02:00.106+0000] {task_command.py:384} INFO - Running <TaskInstance: bertopic_autopik_airflow.raw_data_preprocess manual__2022-12-28T06:01:24.767025+00:00 [running]> on host 01844bb5aa3c
[2022-12-28T06:02:00.188+0000] {taskinstance.py:1590} INFO - Exporting the following env vars:
AIRFLOW_CTX_DAG_EMAIL=hojun.seo@pikurate.com
AIRFLOW_CTX_DAG_OWNER=***
AIRFLOW_CTX_DAG_ID=bertopic_autopik_***
AIRFLOW_CTX_TASK_ID=raw_data_preprocess
AIRFLOW_CTX_EXECUTION_DATE=2022-12-28T06:01:24.767025+00:00
AIRFLOW_CTX_TRY_NUMBER=1
AIRFLOW_CTX_DAG_RUN_ID=manual__2022-12-28T06:01:24.767025+00:00
[2022-12-28T06:02:07.813+0000] {warnings.py:109} WARNING - /opt/***/dags/functions/data.py:212: DtypeWarning: Columns (0,9,10,11,12,14,15,20) have mixed types. Specify dtype option on import or set low_memory=False.
  link = pd.read_csv(open(f'{path}/link.csv','rU'), encoding='utf-8', engine='c')

[2022-12-28T06:02:29.418+0000] {python.py:177} INFO - Done. Returned value was: None
[2022-12-28T06:02:29.430+0000] {taskinstance.py:1401} INFO - Marking task as SUCCESS. dag_id=bertopic_autopik_***, task_id=raw_data_preprocess, execution_date=20221228T060124, start_date=20221228T060145, end_date=20221228T060229
[2022-12-28T06:02:29.922+0000] {local_task_job.py:164} INFO - Task exited with return code 0
[2022-12-28T06:02:29.966+0000] {local_task_job.py:273} INFO - 0 downstream tasks scheduled from follow-on schedule check
