[2022-12-27T06:22:06.314+0000] {taskinstance.py:1165} INFO - Dependencies all met for <TaskInstance: bertopic_autopik_airflow.train_vectorizers manual__2022-12-27T06:14:35.251813+00:00 [queued]>
[2022-12-27T06:22:06.327+0000] {taskinstance.py:1165} INFO - Dependencies all met for <TaskInstance: bertopic_autopik_airflow.train_vectorizers manual__2022-12-27T06:14:35.251813+00:00 [queued]>
[2022-12-27T06:22:06.327+0000] {taskinstance.py:1362} INFO - 
--------------------------------------------------------------------------------
[2022-12-27T06:22:06.327+0000] {taskinstance.py:1363} INFO - Starting attempt 1 of 1
[2022-12-27T06:22:06.327+0000] {taskinstance.py:1364} INFO - 
--------------------------------------------------------------------------------
[2022-12-27T06:22:06.344+0000] {taskinstance.py:1383} INFO - Executing <Task(PythonOperator): train_vectorizers> on 2022-12-27 06:14:35.251813+00:00
[2022-12-27T06:22:06.351+0000] {standard_task_runner.py:54} INFO - Started process 659 to run task
[2022-12-27T06:22:06.355+0000] {standard_task_runner.py:82} INFO - Running: ['***', 'tasks', 'run', 'bertopic_autopik_***', 'train_vectorizers', 'manual__2022-12-27T06:14:35.251813+00:00', '--job-id', '16', '--raw', '--subdir', 'DAGS_FOLDER/bertopic_autopik_***.py', '--cfg-path', '/tmp/tmpamglcval']
[2022-12-27T06:22:06.356+0000] {standard_task_runner.py:83} INFO - Job 16: Subtask train_vectorizers
[2022-12-27T06:22:06.357+0000] {dagbag.py:525} INFO - Filling up the DagBag from /opt/***/dags/bertopic_autopik_***.py
[2022-12-27T06:22:17.593+0000] {warnings.py:109} WARNING - /home/***/.local/lib/python3.8/site-packages/***/configuration.py:545: DeprecationWarning: The sql_alchemy_conn option in [core] has been moved to the sql_alchemy_conn option in [database] - the old setting has been used, but please update your config.
  option = self._get_environment_variables(deprecated_key, deprecated_section, key, section)

[2022-12-27T06:22:17.666+0000] {task_command.py:384} INFO - Running <TaskInstance: bertopic_autopik_airflow.train_vectorizers manual__2022-12-27T06:14:35.251813+00:00 [running]> on host c4e9f2234c2b
[2022-12-27T06:22:17.797+0000] {taskinstance.py:1590} INFO - Exporting the following env vars:
AIRFLOW_CTX_DAG_EMAIL=hojun.seo@pikurate.com
AIRFLOW_CTX_DAG_OWNER=***
AIRFLOW_CTX_DAG_ID=bertopic_autopik_***
AIRFLOW_CTX_TASK_ID=train_vectorizers
AIRFLOW_CTX_EXECUTION_DATE=2022-12-27T06:14:35.251813+00:00
AIRFLOW_CTX_TRY_NUMBER=1
AIRFLOW_CTX_DAG_RUN_ID=manual__2022-12-27T06:14:35.251813+00:00
[2022-12-27T06:22:20.883+0000] {logging_mixin.py:117} INFO - It is pandas.Series type
[2022-12-27T06:22:22.299+0000] {taskinstance.py:1851} ERROR - Task failed with exception
Traceback (most recent call last):
  File "/home/airflow/.local/lib/python3.8/site-packages/airflow/operators/python.py", line 175, in execute
    return_value = self.execute_callable()
  File "/home/airflow/.local/lib/python3.8/site-packages/airflow/operators/python.py", line 193, in execute_callable
    return self.python_callable(*self.op_args, **self.op_kwargs)
  File "/opt/airflow/dags/functions/training_vectorizers.py", line 34, in train_vectorizers_save
    count_vectorizer, tfidf_transformer, feature_names = tf_idf(data['link_title'])
  File "/opt/airflow/dags/functions/training_vectorizers.py", line 25, in tf_idf
    feature_names=cv.get_feature_names()
AttributeError: 'CountVectorizer' object has no attribute 'get_feature_names'
[2022-12-27T06:22:22.312+0000] {taskinstance.py:1401} INFO - Marking task as FAILED. dag_id=bertopic_autopik_***, task_id=train_vectorizers, execution_date=20221227T061435, start_date=20221227T062206, end_date=20221227T062222
[2022-12-27T06:22:22.676+0000] {standard_task_runner.py:102} ERROR - Failed to execute job 16 for task train_vectorizers ('CountVectorizer' object has no attribute 'get_feature_names'; 659)
[2022-12-27T06:22:22.889+0000] {local_task_job.py:164} INFO - Task exited with return code 1
[2022-12-27T06:22:22.983+0000] {local_task_job.py:273} INFO - 0 downstream tasks scheduled from follow-on schedule check
