[2022-12-28T04:18:43.949+0000] {taskinstance.py:1165} INFO - Dependencies all met for <TaskInstance: bertopic_autopik_airflow.clear_bento scheduled__2022-12-28T02:00:00+00:00 [queued]>
[2022-12-28T04:18:43.972+0000] {taskinstance.py:1165} INFO - Dependencies all met for <TaskInstance: bertopic_autopik_airflow.clear_bento scheduled__2022-12-28T02:00:00+00:00 [queued]>
[2022-12-28T04:18:43.973+0000] {taskinstance.py:1362} INFO - 
--------------------------------------------------------------------------------
[2022-12-28T04:18:43.973+0000] {taskinstance.py:1363} INFO - Starting attempt 1 of 1
[2022-12-28T04:18:43.973+0000] {taskinstance.py:1364} INFO - 
--------------------------------------------------------------------------------
[2022-12-28T04:18:44.020+0000] {taskinstance.py:1383} INFO - Executing <Task(BashOperator): clear_bento> on 2022-12-28 02:00:00+00:00
[2022-12-28T04:18:44.037+0000] {standard_task_runner.py:54} INFO - Started process 68 to run task
[2022-12-28T04:18:44.048+0000] {standard_task_runner.py:82} INFO - Running: ['***', 'tasks', 'run', 'bertopic_autopik_***', 'clear_bento', 'scheduled__2022-12-28T02:00:00+00:00', '--job-id', '2', '--raw', '--subdir', 'DAGS_FOLDER/bertopic_autopik_***.py', '--cfg-path', '/tmp/tmp0a_a5x4z']
[2022-12-28T04:18:44.050+0000] {standard_task_runner.py:83} INFO - Job 2: Subtask clear_bento
[2022-12-28T04:18:44.053+0000] {dagbag.py:525} INFO - Filling up the DagBag from /opt/***/dags/bertopic_autopik_***.py
[2022-12-28T04:19:12.987+0000] {warnings.py:109} WARNING - /home/***/.local/lib/python3.8/site-packages/***/configuration.py:545: DeprecationWarning: The sql_alchemy_conn option in [core] has been moved to the sql_alchemy_conn option in [database] - the old setting has been used, but please update your config.
  option = self._get_environment_variables(deprecated_key, deprecated_section, key, section)

[2022-12-28T04:19:13.059+0000] {task_command.py:384} INFO - Running <TaskInstance: bertopic_autopik_airflow.clear_bento scheduled__2022-12-28T02:00:00+00:00 [running]> on host 2f95ab99defd
[2022-12-28T04:19:13.152+0000] {taskinstance.py:1590} INFO - Exporting the following env vars:
AIRFLOW_CTX_DAG_EMAIL=hojun.seo@pikurate.com
AIRFLOW_CTX_DAG_OWNER=***
AIRFLOW_CTX_DAG_ID=bertopic_autopik_***
AIRFLOW_CTX_TASK_ID=clear_bento
AIRFLOW_CTX_EXECUTION_DATE=2022-12-28T02:00:00+00:00
AIRFLOW_CTX_TRY_NUMBER=1
AIRFLOW_CTX_DAG_RUN_ID=scheduled__2022-12-28T02:00:00+00:00
[2022-12-28T04:19:13.153+0000] {subprocess.py:63} INFO - Tmp dir root location: 
 /tmp
[2022-12-28T04:19:13.154+0000] {subprocess.py:75} INFO - Running command: ['/bin/bash', '-c', ' \n                bentoml delete bertopic_autopik_bento --yes; bentoml models delete bertopic_autopik_model --yes; echo "Job continued"  \n            ']
[2022-12-28T04:19:13.195+0000] {subprocess.py:86} INFO - Output:
[2022-12-28T04:19:15.200+0000] {subprocess.py:93} INFO - Error: [bentoml-cli] `delete` failed: no Bentos with name 'bertopic_autopik_bento' found
[2022-12-28T04:19:17.004+0000] {subprocess.py:93} INFO - Error: [models] `delete` failed: no Models with name 'bertopic_autopik_model' found
[2022-12-28T04:19:17.207+0000] {subprocess.py:93} INFO - Job continued
[2022-12-28T04:19:17.208+0000] {subprocess.py:97} INFO - Command exited with return code 0
[2022-12-28T04:19:17.274+0000] {taskinstance.py:1401} INFO - Marking task as SUCCESS. dag_id=bertopic_autopik_***, task_id=clear_bento, execution_date=20221228T020000, start_date=20221228T041843, end_date=20221228T041917
[2022-12-28T04:19:17.752+0000] {local_task_job.py:164} INFO - Task exited with return code 0
[2022-12-28T04:19:17.803+0000] {local_task_job.py:273} INFO - 1 downstream tasks scheduled from follow-on schedule check
[2022-12-28T05:02:55.609+0000] {taskinstance.py:1165} INFO - Dependencies all met for <TaskInstance: bertopic_autopik_airflow.clear_bento scheduled__2022-12-28T02:00:00+00:00 [queued]>
[2022-12-28T05:02:55.624+0000] {taskinstance.py:1165} INFO - Dependencies all met for <TaskInstance: bertopic_autopik_airflow.clear_bento scheduled__2022-12-28T02:00:00+00:00 [queued]>
[2022-12-28T05:02:55.624+0000] {taskinstance.py:1362} INFO - 
--------------------------------------------------------------------------------
[2022-12-28T05:02:55.625+0000] {taskinstance.py:1363} INFO - Starting attempt 1 of 1
[2022-12-28T05:02:55.625+0000] {taskinstance.py:1364} INFO - 
--------------------------------------------------------------------------------
[2022-12-28T05:02:55.644+0000] {taskinstance.py:1383} INFO - Executing <Task(BashOperator): clear_bento> on 2022-12-28 02:00:00+00:00
[2022-12-28T05:02:55.650+0000] {standard_task_runner.py:54} INFO - Started process 68 to run task
[2022-12-28T05:02:55.654+0000] {standard_task_runner.py:82} INFO - Running: ['***', 'tasks', 'run', 'bertopic_autopik_***', 'clear_bento', 'scheduled__2022-12-28T02:00:00+00:00', '--job-id', '2', '--raw', '--subdir', 'DAGS_FOLDER/bertopic_autopik_***.py', '--cfg-path', '/tmp/tmpcjyza28y']
[2022-12-28T05:02:55.655+0000] {standard_task_runner.py:83} INFO - Job 2: Subtask clear_bento
[2022-12-28T05:02:55.656+0000] {dagbag.py:525} INFO - Filling up the DagBag from /opt/***/dags/bertopic_autopik_***.py
[2022-12-28T05:03:18.363+0000] {warnings.py:109} WARNING - /home/***/.local/lib/python3.8/site-packages/***/configuration.py:545: DeprecationWarning: The sql_alchemy_conn option in [core] has been moved to the sql_alchemy_conn option in [database] - the old setting has been used, but please update your config.
  option = self._get_environment_variables(deprecated_key, deprecated_section, key, section)

[2022-12-28T05:03:18.411+0000] {task_command.py:384} INFO - Running <TaskInstance: bertopic_autopik_airflow.clear_bento scheduled__2022-12-28T02:00:00+00:00 [running]> on host ca161c6b800c
[2022-12-28T05:03:18.486+0000] {taskinstance.py:1590} INFO - Exporting the following env vars:
AIRFLOW_CTX_DAG_EMAIL=hojun.seo@pikurate.com
AIRFLOW_CTX_DAG_OWNER=***
AIRFLOW_CTX_DAG_ID=bertopic_autopik_***
AIRFLOW_CTX_TASK_ID=clear_bento
AIRFLOW_CTX_EXECUTION_DATE=2022-12-28T02:00:00+00:00
AIRFLOW_CTX_TRY_NUMBER=1
AIRFLOW_CTX_DAG_RUN_ID=scheduled__2022-12-28T02:00:00+00:00
[2022-12-28T05:03:18.487+0000] {subprocess.py:63} INFO - Tmp dir root location: 
 /tmp
[2022-12-28T05:03:18.487+0000] {subprocess.py:75} INFO - Running command: ['/bin/bash', '-c', ' \n                bentoml delete bertopic_autopik_bento --yes; bentoml models delete bertopic_autopik_model --yes; echo "Job continued"  \n            ']
[2022-12-28T05:03:18.512+0000] {subprocess.py:86} INFO - Output:
[2022-12-28T05:03:19.787+0000] {subprocess.py:93} INFO - Error: [bentoml-cli] `delete` failed: no Bentos with name 'bertopic_autopik_bento' found
[2022-12-28T05:03:20.903+0000] {subprocess.py:93} INFO - Error: [models] `delete` failed: no Models with name 'bertopic_autopik_model' found
[2022-12-28T05:03:20.976+0000] {subprocess.py:93} INFO - Job continued
[2022-12-28T05:03:20.976+0000] {subprocess.py:97} INFO - Command exited with return code 0
[2022-12-28T05:03:21.007+0000] {taskinstance.py:1401} INFO - Marking task as SUCCESS. dag_id=bertopic_autopik_***, task_id=clear_bento, execution_date=20221228T020000, start_date=20221228T050255, end_date=20221228T050321
[2022-12-28T05:03:21.471+0000] {local_task_job.py:164} INFO - Task exited with return code 0
[2022-12-28T05:03:21.515+0000] {local_task_job.py:273} INFO - 1 downstream tasks scheduled from follow-on schedule check
[2022-12-28T05:37:08.704+0000] {taskinstance.py:1165} INFO - Dependencies all met for <TaskInstance: bertopic_autopik_airflow.clear_bento scheduled__2022-12-28T02:00:00+00:00 [queued]>
[2022-12-28T05:37:08.753+0000] {taskinstance.py:1165} INFO - Dependencies all met for <TaskInstance: bertopic_autopik_airflow.clear_bento scheduled__2022-12-28T02:00:00+00:00 [queued]>
[2022-12-28T05:37:08.754+0000] {taskinstance.py:1362} INFO - 
--------------------------------------------------------------------------------
[2022-12-28T05:37:08.754+0000] {taskinstance.py:1363} INFO - Starting attempt 1 of 1
[2022-12-28T05:37:08.755+0000] {taskinstance.py:1364} INFO - 
--------------------------------------------------------------------------------
[2022-12-28T05:37:08.799+0000] {taskinstance.py:1383} INFO - Executing <Task(BashOperator): clear_bento> on 2022-12-28 02:00:00+00:00
[2022-12-28T05:37:08.817+0000] {standard_task_runner.py:54} INFO - Started process 75 to run task
[2022-12-28T05:37:08.826+0000] {standard_task_runner.py:82} INFO - Running: ['***', 'tasks', 'run', 'bertopic_autopik_***', 'clear_bento', 'scheduled__2022-12-28T02:00:00+00:00', '--job-id', '2', '--raw', '--subdir', 'DAGS_FOLDER/bertopic_autopik_***.py', '--cfg-path', '/tmp/tmpe55bpodo']
[2022-12-28T05:37:08.828+0000] {standard_task_runner.py:83} INFO - Job 2: Subtask clear_bento
[2022-12-28T05:37:08.830+0000] {dagbag.py:525} INFO - Filling up the DagBag from /opt/***/dags/bertopic_autopik_***.py
[2022-12-28T05:37:33.776+0000] {warnings.py:109} WARNING - /home/***/.local/lib/python3.8/site-packages/***/configuration.py:545: DeprecationWarning: The sql_alchemy_conn option in [core] has been moved to the sql_alchemy_conn option in [database] - the old setting has been used, but please update your config.
  option = self._get_environment_variables(deprecated_key, deprecated_section, key, section)

[2022-12-28T05:37:33.872+0000] {task_command.py:384} INFO - Running <TaskInstance: bertopic_autopik_airflow.clear_bento scheduled__2022-12-28T02:00:00+00:00 [running]> on host 01844bb5aa3c
[2022-12-28T05:37:33.990+0000] {taskinstance.py:1590} INFO - Exporting the following env vars:
AIRFLOW_CTX_DAG_EMAIL=hojun.seo@pikurate.com
AIRFLOW_CTX_DAG_OWNER=***
AIRFLOW_CTX_DAG_ID=bertopic_autopik_***
AIRFLOW_CTX_TASK_ID=clear_bento
AIRFLOW_CTX_EXECUTION_DATE=2022-12-28T02:00:00+00:00
AIRFLOW_CTX_TRY_NUMBER=1
AIRFLOW_CTX_DAG_RUN_ID=scheduled__2022-12-28T02:00:00+00:00
[2022-12-28T05:37:33.992+0000] {subprocess.py:63} INFO - Tmp dir root location: 
 /tmp
[2022-12-28T05:37:33.992+0000] {subprocess.py:75} INFO - Running command: ['/bin/bash', '-c', ' \n                bentoml delete bertopic_autopik_bento --yes; bentoml models delete bertopic_autopik_model --yes; echo "Job continued"  \n            ']
[2022-12-28T05:37:34.037+0000] {subprocess.py:86} INFO - Output:
[2022-12-28T05:37:35.609+0000] {subprocess.py:93} INFO - Error: [bentoml-cli] `delete` failed: no Bentos with name 'bertopic_autopik_bento' found
[2022-12-28T05:37:36.951+0000] {subprocess.py:93} INFO - Error: [models] `delete` failed: no Models with name 'bertopic_autopik_model' found
[2022-12-28T05:37:37.031+0000] {subprocess.py:93} INFO - Job continued
[2022-12-28T05:37:37.032+0000] {subprocess.py:97} INFO - Command exited with return code 0
[2022-12-28T05:37:37.063+0000] {taskinstance.py:1401} INFO - Marking task as SUCCESS. dag_id=bertopic_autopik_***, task_id=clear_bento, execution_date=20221228T020000, start_date=20221228T053708, end_date=20221228T053737
[2022-12-28T05:37:37.528+0000] {local_task_job.py:164} INFO - Task exited with return code 0
[2022-12-28T05:37:37.570+0000] {local_task_job.py:273} INFO - 1 downstream tasks scheduled from follow-on schedule check
