[2022-12-28T06:01:35.153+0000] {taskinstance.py:1165} INFO - Dependencies all met for <TaskInstance: bertopic_autopik_airflow.train_vectorizers scheduled__2022-12-28T04:00:00+00:00 [queued]>
[2022-12-28T06:01:35.167+0000] {taskinstance.py:1165} INFO - Dependencies all met for <TaskInstance: bertopic_autopik_airflow.train_vectorizers scheduled__2022-12-28T04:00:00+00:00 [queued]>
[2022-12-28T06:01:35.167+0000] {taskinstance.py:1362} INFO - 
--------------------------------------------------------------------------------
[2022-12-28T06:01:35.168+0000] {taskinstance.py:1363} INFO - Starting attempt 1 of 1
[2022-12-28T06:01:35.168+0000] {taskinstance.py:1364} INFO - 
--------------------------------------------------------------------------------
[2022-12-28T06:01:35.186+0000] {taskinstance.py:1383} INFO - Executing <Task(PythonOperator): train_vectorizers> on 2022-12-28 04:00:00+00:00
[2022-12-28T06:01:35.194+0000] {standard_task_runner.py:54} INFO - Started process 474 to run task
[2022-12-28T06:01:35.197+0000] {standard_task_runner.py:82} INFO - Running: ['***', 'tasks', 'run', 'bertopic_autopik_***', 'train_vectorizers', 'scheduled__2022-12-28T04:00:00+00:00', '--job-id', '13', '--raw', '--subdir', 'DAGS_FOLDER/bertopic_autopik_***.py', '--cfg-path', '/tmp/tmpf4mxw8oc']
[2022-12-28T06:01:35.198+0000] {standard_task_runner.py:83} INFO - Job 13: Subtask train_vectorizers
[2022-12-28T06:01:35.199+0000] {dagbag.py:525} INFO - Filling up the DagBag from /opt/***/dags/bertopic_autopik_***.py
[2022-12-28T06:01:49.715+0000] {warnings.py:109} WARNING - /home/***/.local/lib/python3.8/site-packages/***/configuration.py:545: DeprecationWarning: The sql_alchemy_conn option in [core] has been moved to the sql_alchemy_conn option in [database] - the old setting has been used, but please update your config.
  option = self._get_environment_variables(deprecated_key, deprecated_section, key, section)

[2022-12-28T06:01:55.488+0000] {local_task_job.py:227} WARNING - State of this instance has been externally set to success. Terminating instance.
[2022-12-28T06:01:55.491+0000] {process_utils.py:129} INFO - Sending Signals.SIGTERM to group 474. PIDs of all processes in the group: [474]
[2022-12-28T06:01:55.491+0000] {process_utils.py:84} INFO - Sending the signal Signals.SIGTERM to group 474
[2022-12-28T06:01:55.705+0000] {process_utils.py:79} INFO - Process psutil.Process(pid=474, status='terminated', exitcode=0, started='06:01:34') (474) terminated with exit code 0
[2022-12-28T06:41:12.322+0000] {taskinstance.py:1165} INFO - Dependencies all met for <TaskInstance: bertopic_autopik_airflow.train_vectorizers scheduled__2022-12-28T04:00:00+00:00 [queued]>
[2022-12-28T06:41:12.333+0000] {taskinstance.py:1165} INFO - Dependencies all met for <TaskInstance: bertopic_autopik_airflow.train_vectorizers scheduled__2022-12-28T04:00:00+00:00 [queued]>
[2022-12-28T06:41:12.334+0000] {taskinstance.py:1362} INFO - 
--------------------------------------------------------------------------------
[2022-12-28T06:41:12.334+0000] {taskinstance.py:1363} INFO - Starting attempt 1 of 1
[2022-12-28T06:41:12.334+0000] {taskinstance.py:1364} INFO - 
--------------------------------------------------------------------------------
[2022-12-28T06:41:12.348+0000] {taskinstance.py:1383} INFO - Executing <Task(PythonOperator): train_vectorizers> on 2022-12-28 04:00:00+00:00
[2022-12-28T06:41:12.353+0000] {standard_task_runner.py:54} INFO - Started process 251 to run task
[2022-12-28T06:41:12.356+0000] {standard_task_runner.py:82} INFO - Running: ['***', 'tasks', 'run', 'bertopic_autopik_***', 'train_vectorizers', 'scheduled__2022-12-28T04:00:00+00:00', '--job-id', '6', '--raw', '--subdir', 'DAGS_FOLDER/bertopic_autopik_***.py', '--cfg-path', '/tmp/tmprt82l7dp']
[2022-12-28T06:41:12.357+0000] {standard_task_runner.py:83} INFO - Job 6: Subtask train_vectorizers
[2022-12-28T06:41:12.358+0000] {dagbag.py:525} INFO - Filling up the DagBag from /opt/***/dags/bertopic_autopik_***.py
[2022-12-28T06:41:25.690+0000] {warnings.py:109} WARNING - /home/***/.local/lib/python3.8/site-packages/***/configuration.py:545: DeprecationWarning: The sql_alchemy_conn option in [core] has been moved to the sql_alchemy_conn option in [database] - the old setting has been used, but please update your config.
  option = self._get_environment_variables(deprecated_key, deprecated_section, key, section)

[2022-12-28T06:41:25.815+0000] {task_command.py:384} INFO - Running <TaskInstance: bertopic_autopik_airflow.train_vectorizers scheduled__2022-12-28T04:00:00+00:00 [running]> on host 1bb2d79d4907
[2022-12-28T06:41:25.919+0000] {taskinstance.py:1590} INFO - Exporting the following env vars:
AIRFLOW_CTX_DAG_EMAIL=hojun.seo@pikurate.com
AIRFLOW_CTX_DAG_OWNER=***
AIRFLOW_CTX_DAG_ID=bertopic_autopik_***
AIRFLOW_CTX_TASK_ID=train_vectorizers
AIRFLOW_CTX_EXECUTION_DATE=2022-12-28T04:00:00+00:00
AIRFLOW_CTX_TRY_NUMBER=1
AIRFLOW_CTX_DAG_RUN_ID=scheduled__2022-12-28T04:00:00+00:00
[2022-12-28T06:41:30.930+0000] {logging_mixin.py:117} INFO - It is pandas.Series type
[2022-12-28T06:41:32.998+0000] {python.py:177} INFO - Done. Returned value was: None
[2022-12-28T06:41:33.009+0000] {taskinstance.py:1401} INFO - Marking task as SUCCESS. dag_id=bertopic_autopik_***, task_id=train_vectorizers, execution_date=20221228T040000, start_date=20221228T064112, end_date=20221228T064133
[2022-12-28T06:41:33.441+0000] {local_task_job.py:164} INFO - Task exited with return code 0
[2022-12-28T06:41:33.485+0000] {local_task_job.py:273} INFO - 1 downstream tasks scheduled from follow-on schedule check
