[2022-12-27T08:01:02.972+0000] {taskinstance.py:1165} INFO - Dependencies all met for <TaskInstance: bertopic_autopik_airflow.save_processed_data scheduled__2022-12-27T06:00:00+00:00 [queued]>
[2022-12-27T08:01:02.990+0000] {taskinstance.py:1165} INFO - Dependencies all met for <TaskInstance: bertopic_autopik_airflow.save_processed_data scheduled__2022-12-27T06:00:00+00:00 [queued]>
[2022-12-27T08:01:02.990+0000] {taskinstance.py:1362} INFO - 
--------------------------------------------------------------------------------
[2022-12-27T08:01:02.990+0000] {taskinstance.py:1363} INFO - Starting attempt 1 of 1
[2022-12-27T08:01:02.990+0000] {taskinstance.py:1364} INFO - 
--------------------------------------------------------------------------------
[2022-12-27T08:01:03.007+0000] {taskinstance.py:1383} INFO - Executing <Task(PythonOperator): save_processed_data> on 2022-12-27 06:00:00+00:00
[2022-12-27T08:01:03.014+0000] {standard_task_runner.py:54} INFO - Started process 1541 to run task
[2022-12-27T08:01:03.018+0000] {standard_task_runner.py:82} INFO - Running: ['***', 'tasks', 'run', 'bertopic_autopik_***', 'save_processed_data', 'scheduled__2022-12-27T06:00:00+00:00', '--job-id', '37', '--raw', '--subdir', 'DAGS_FOLDER/bertopic_autopik_***.py', '--cfg-path', '/tmp/tmp0nkk28ej']
[2022-12-27T08:01:03.019+0000] {standard_task_runner.py:83} INFO - Job 37: Subtask save_processed_data
[2022-12-27T08:01:03.020+0000] {dagbag.py:525} INFO - Filling up the DagBag from /opt/***/dags/bertopic_autopik_***.py
[2022-12-27T08:01:14.225+0000] {warnings.py:109} WARNING - /home/***/.local/lib/python3.8/site-packages/***/configuration.py:545: DeprecationWarning: The sql_alchemy_conn option in [core] has been moved to the sql_alchemy_conn option in [database] - the old setting has been used, but please update your config.
  option = self._get_environment_variables(deprecated_key, deprecated_section, key, section)

[2022-12-27T08:01:14.280+0000] {task_command.py:384} INFO - Running <TaskInstance: bertopic_autopik_airflow.save_processed_data scheduled__2022-12-27T06:00:00+00:00 [running]> on host c4e9f2234c2b
[2022-12-27T08:01:14.349+0000] {taskinstance.py:1590} INFO - Exporting the following env vars:
AIRFLOW_CTX_DAG_EMAIL=hojun.seo@pikurate.com
AIRFLOW_CTX_DAG_OWNER=***
AIRFLOW_CTX_DAG_ID=bertopic_autopik_***
AIRFLOW_CTX_TASK_ID=save_processed_data
AIRFLOW_CTX_EXECUTION_DATE=2022-12-27T06:00:00+00:00
AIRFLOW_CTX_TRY_NUMBER=1
AIRFLOW_CTX_DAG_RUN_ID=scheduled__2022-12-27T06:00:00+00:00
[2022-12-27T08:01:19.534+0000] {logging_mixin.py:117} INFO - processed_data shape is:  (104936, 29)
[2022-12-27T08:01:19.565+0000] {python.py:177} INFO - Done. Returned value was: None
[2022-12-27T08:01:19.577+0000] {taskinstance.py:1401} INFO - Marking task as SUCCESS. dag_id=bertopic_autopik_***, task_id=save_processed_data, execution_date=20221227T060000, start_date=20221227T080102, end_date=20221227T080119
[2022-12-27T08:01:20.043+0000] {local_task_job.py:164} INFO - Task exited with return code 0
[2022-12-27T08:01:20.082+0000] {local_task_job.py:273} INFO - 1 downstream tasks scheduled from follow-on schedule check
[2022-12-27T08:15:14.695+0000] {taskinstance.py:1165} INFO - Dependencies all met for <TaskInstance: bertopic_autopik_airflow.save_processed_data scheduled__2022-12-27T06:00:00+00:00 [queued]>
[2022-12-27T08:15:14.742+0000] {taskinstance.py:1165} INFO - Dependencies all met for <TaskInstance: bertopic_autopik_airflow.save_processed_data scheduled__2022-12-27T06:00:00+00:00 [queued]>
[2022-12-27T08:15:14.742+0000] {taskinstance.py:1362} INFO - 
--------------------------------------------------------------------------------
[2022-12-27T08:15:14.743+0000] {taskinstance.py:1363} INFO - Starting attempt 1 of 1
[2022-12-27T08:15:14.743+0000] {taskinstance.py:1364} INFO - 
--------------------------------------------------------------------------------
[2022-12-27T08:15:14.786+0000] {taskinstance.py:1383} INFO - Executing <Task(PythonOperator): save_processed_data> on 2022-12-27 06:00:00+00:00
[2022-12-27T08:15:14.809+0000] {standard_task_runner.py:54} INFO - Started process 124 to run task
[2022-12-27T08:15:14.821+0000] {standard_task_runner.py:82} INFO - Running: ['***', 'tasks', 'run', 'bertopic_autopik_***', 'save_processed_data', 'scheduled__2022-12-27T06:00:00+00:00', '--job-id', '4', '--raw', '--subdir', 'DAGS_FOLDER/bertopic_autopik_***.py', '--cfg-path', '/tmp/tmpeu4yz2og']
[2022-12-27T08:15:14.823+0000] {standard_task_runner.py:83} INFO - Job 4: Subtask save_processed_data
[2022-12-27T08:15:14.826+0000] {dagbag.py:525} INFO - Filling up the DagBag from /opt/***/dags/bertopic_autopik_***.py
[2022-12-27T08:15:27.033+0000] {warnings.py:109} WARNING - /home/***/.local/lib/python3.8/site-packages/***/configuration.py:545: DeprecationWarning: The sql_alchemy_conn option in [core] has been moved to the sql_alchemy_conn option in [database] - the old setting has been used, but please update your config.
  option = self._get_environment_variables(deprecated_key, deprecated_section, key, section)

[2022-12-27T08:15:27.096+0000] {task_command.py:384} INFO - Running <TaskInstance: bertopic_autopik_airflow.save_processed_data scheduled__2022-12-27T06:00:00+00:00 [running]> on host 2492a182aa87
[2022-12-27T08:15:27.180+0000] {taskinstance.py:1590} INFO - Exporting the following env vars:
AIRFLOW_CTX_DAG_EMAIL=hojun.seo@pikurate.com
AIRFLOW_CTX_DAG_OWNER=***
AIRFLOW_CTX_DAG_ID=bertopic_autopik_***
AIRFLOW_CTX_TASK_ID=save_processed_data
AIRFLOW_CTX_EXECUTION_DATE=2022-12-27T06:00:00+00:00
AIRFLOW_CTX_TRY_NUMBER=1
AIRFLOW_CTX_DAG_RUN_ID=scheduled__2022-12-27T06:00:00+00:00
[2022-12-27T08:15:32.760+0000] {logging_mixin.py:117} INFO - processed_data shape is:  (104936, 29)
[2022-12-27T08:15:32.794+0000] {python.py:177} INFO - Done. Returned value was: None
[2022-12-27T08:15:32.807+0000] {taskinstance.py:1401} INFO - Marking task as SUCCESS. dag_id=bertopic_autopik_***, task_id=save_processed_data, execution_date=20221227T060000, start_date=20221227T081514, end_date=20221227T081532
[2022-12-27T08:15:33.243+0000] {local_task_job.py:164} INFO - Task exited with return code 0
[2022-12-27T08:15:33.300+0000] {local_task_job.py:273} INFO - 1 downstream tasks scheduled from follow-on schedule check
[2022-12-27T09:08:25.516+0000] {taskinstance.py:1165} INFO - Dependencies all met for <TaskInstance: bertopic_autopik_airflow.save_processed_data scheduled__2022-12-27T06:00:00+00:00 [queued]>
[2022-12-27T09:08:25.529+0000] {taskinstance.py:1165} INFO - Dependencies all met for <TaskInstance: bertopic_autopik_airflow.save_processed_data scheduled__2022-12-27T06:00:00+00:00 [queued]>
[2022-12-27T09:08:25.530+0000] {taskinstance.py:1362} INFO - 
--------------------------------------------------------------------------------
[2022-12-27T09:08:25.530+0000] {taskinstance.py:1363} INFO - Starting attempt 1 of 1
[2022-12-27T09:08:25.530+0000] {taskinstance.py:1364} INFO - 
--------------------------------------------------------------------------------
[2022-12-27T09:08:25.547+0000] {taskinstance.py:1383} INFO - Executing <Task(PythonOperator): save_processed_data> on 2022-12-27 06:00:00+00:00
[2022-12-27T09:08:25.555+0000] {standard_task_runner.py:54} INFO - Started process 141 to run task
[2022-12-27T09:08:25.559+0000] {standard_task_runner.py:82} INFO - Running: ['***', 'tasks', 'run', 'bertopic_autopik_***', 'save_processed_data', 'scheduled__2022-12-27T06:00:00+00:00', '--job-id', '4', '--raw', '--subdir', 'DAGS_FOLDER/bertopic_autopik_***.py', '--cfg-path', '/tmp/tmphqvw9bsn']
[2022-12-27T09:08:25.560+0000] {standard_task_runner.py:83} INFO - Job 4: Subtask save_processed_data
[2022-12-27T09:08:25.561+0000] {dagbag.py:525} INFO - Filling up the DagBag from /opt/***/dags/bertopic_autopik_***.py
[2022-12-27T09:08:36.570+0000] {warnings.py:109} WARNING - /home/***/.local/lib/python3.8/site-packages/***/configuration.py:545: DeprecationWarning: The sql_alchemy_conn option in [core] has been moved to the sql_alchemy_conn option in [database] - the old setting has been used, but please update your config.
  option = self._get_environment_variables(deprecated_key, deprecated_section, key, section)

[2022-12-27T09:08:36.628+0000] {task_command.py:384} INFO - Running <TaskInstance: bertopic_autopik_airflow.save_processed_data scheduled__2022-12-27T06:00:00+00:00 [running]> on host a0f3911d9707
[2022-12-27T09:08:36.699+0000] {taskinstance.py:1590} INFO - Exporting the following env vars:
AIRFLOW_CTX_DAG_EMAIL=hojun.seo@pikurate.com
AIRFLOW_CTX_DAG_OWNER=***
AIRFLOW_CTX_DAG_ID=bertopic_autopik_***
AIRFLOW_CTX_TASK_ID=save_processed_data
AIRFLOW_CTX_EXECUTION_DATE=2022-12-27T06:00:00+00:00
AIRFLOW_CTX_TRY_NUMBER=1
AIRFLOW_CTX_DAG_RUN_ID=scheduled__2022-12-27T06:00:00+00:00
[2022-12-27T09:08:41.257+0000] {logging_mixin.py:117} INFO - processed_data shape is:  (104936, 29)
[2022-12-27T09:08:41.304+0000] {python.py:177} INFO - Done. Returned value was: None
[2022-12-27T09:08:41.319+0000] {taskinstance.py:1401} INFO - Marking task as SUCCESS. dag_id=bertopic_autopik_***, task_id=save_processed_data, execution_date=20221227T060000, start_date=20221227T090825, end_date=20221227T090841
[2022-12-27T09:08:41.785+0000] {local_task_job.py:164} INFO - Task exited with return code 0
[2022-12-27T09:08:41.853+0000] {local_task_job.py:273} INFO - 1 downstream tasks scheduled from follow-on schedule check
