[2022-12-28T04:27:14.687+0000] {taskinstance.py:1165} INFO - Dependencies all met for <TaskInstance: bertopic_autopik_airflow.train_vectorizers scheduled__2022-12-28T02:00:00+00:00 [queued]>
[2022-12-28T04:27:14.700+0000] {taskinstance.py:1165} INFO - Dependencies all met for <TaskInstance: bertopic_autopik_airflow.train_vectorizers scheduled__2022-12-28T02:00:00+00:00 [queued]>
[2022-12-28T04:27:14.700+0000] {taskinstance.py:1362} INFO - 
--------------------------------------------------------------------------------
[2022-12-28T04:27:14.701+0000] {taskinstance.py:1363} INFO - Starting attempt 1 of 1
[2022-12-28T04:27:14.701+0000] {taskinstance.py:1364} INFO - 
--------------------------------------------------------------------------------
[2022-12-28T04:27:14.717+0000] {taskinstance.py:1383} INFO - Executing <Task(PythonOperator): train_vectorizers> on 2022-12-28 02:00:00+00:00
[2022-12-28T04:27:14.724+0000] {standard_task_runner.py:54} INFO - Started process 251 to run task
[2022-12-28T04:27:14.727+0000] {standard_task_runner.py:82} INFO - Running: ['***', 'tasks', 'run', 'bertopic_autopik_***', 'train_vectorizers', 'scheduled__2022-12-28T02:00:00+00:00', '--job-id', '6', '--raw', '--subdir', 'DAGS_FOLDER/bertopic_autopik_***.py', '--cfg-path', '/tmp/tmpah_qt16o']
[2022-12-28T04:27:14.728+0000] {standard_task_runner.py:83} INFO - Job 6: Subtask train_vectorizers
[2022-12-28T04:27:14.729+0000] {dagbag.py:525} INFO - Filling up the DagBag from /opt/***/dags/bertopic_autopik_***.py
[2022-12-28T04:27:26.268+0000] {warnings.py:109} WARNING - /home/***/.local/lib/python3.8/site-packages/***/configuration.py:545: DeprecationWarning: The sql_alchemy_conn option in [core] has been moved to the sql_alchemy_conn option in [database] - the old setting has been used, but please update your config.
  option = self._get_environment_variables(deprecated_key, deprecated_section, key, section)

[2022-12-28T04:27:26.324+0000] {task_command.py:384} INFO - Running <TaskInstance: bertopic_autopik_airflow.train_vectorizers scheduled__2022-12-28T02:00:00+00:00 [running]> on host 2f95ab99defd
[2022-12-28T04:27:26.400+0000] {taskinstance.py:1590} INFO - Exporting the following env vars:
AIRFLOW_CTX_DAG_EMAIL=hojun.seo@pikurate.com
AIRFLOW_CTX_DAG_OWNER=***
AIRFLOW_CTX_DAG_ID=bertopic_autopik_***
AIRFLOW_CTX_TASK_ID=train_vectorizers
AIRFLOW_CTX_EXECUTION_DATE=2022-12-28T02:00:00+00:00
AIRFLOW_CTX_TRY_NUMBER=1
AIRFLOW_CTX_DAG_RUN_ID=scheduled__2022-12-28T02:00:00+00:00
[2022-12-28T04:27:29.871+0000] {logging_mixin.py:117} INFO - It is pandas.Series type
[2022-12-28T04:27:31.925+0000] {python.py:177} INFO - Done. Returned value was: None
[2022-12-28T04:27:31.936+0000] {taskinstance.py:1401} INFO - Marking task as SUCCESS. dag_id=bertopic_autopik_***, task_id=train_vectorizers, execution_date=20221228T020000, start_date=20221228T042714, end_date=20221228T042731
[2022-12-28T04:27:32.416+0000] {local_task_job.py:164} INFO - Task exited with return code 0
[2022-12-28T04:27:32.474+0000] {local_task_job.py:273} INFO - 1 downstream tasks scheduled from follow-on schedule check
[2022-12-28T05:11:23.775+0000] {taskinstance.py:1165} INFO - Dependencies all met for <TaskInstance: bertopic_autopik_airflow.train_vectorizers scheduled__2022-12-28T02:00:00+00:00 [queued]>
[2022-12-28T05:11:23.790+0000] {taskinstance.py:1165} INFO - Dependencies all met for <TaskInstance: bertopic_autopik_airflow.train_vectorizers scheduled__2022-12-28T02:00:00+00:00 [queued]>
[2022-12-28T05:11:23.791+0000] {taskinstance.py:1362} INFO - 
--------------------------------------------------------------------------------
[2022-12-28T05:11:23.791+0000] {taskinstance.py:1363} INFO - Starting attempt 1 of 1
[2022-12-28T05:11:23.791+0000] {taskinstance.py:1364} INFO - 
--------------------------------------------------------------------------------
[2022-12-28T05:11:23.811+0000] {taskinstance.py:1383} INFO - Executing <Task(PythonOperator): train_vectorizers> on 2022-12-28 02:00:00+00:00
[2022-12-28T05:11:23.817+0000] {standard_task_runner.py:54} INFO - Started process 251 to run task
[2022-12-28T05:11:23.821+0000] {standard_task_runner.py:82} INFO - Running: ['***', 'tasks', 'run', 'bertopic_autopik_***', 'train_vectorizers', 'scheduled__2022-12-28T02:00:00+00:00', '--job-id', '6', '--raw', '--subdir', 'DAGS_FOLDER/bertopic_autopik_***.py', '--cfg-path', '/tmp/tmpfls_26lf']
[2022-12-28T05:11:23.822+0000] {standard_task_runner.py:83} INFO - Job 6: Subtask train_vectorizers
[2022-12-28T05:11:23.823+0000] {dagbag.py:525} INFO - Filling up the DagBag from /opt/***/dags/bertopic_autopik_***.py
[2022-12-28T05:11:34.897+0000] {warnings.py:109} WARNING - /home/***/.local/lib/python3.8/site-packages/***/configuration.py:545: DeprecationWarning: The sql_alchemy_conn option in [core] has been moved to the sql_alchemy_conn option in [database] - the old setting has been used, but please update your config.
  option = self._get_environment_variables(deprecated_key, deprecated_section, key, section)

[2022-12-28T05:11:34.956+0000] {task_command.py:384} INFO - Running <TaskInstance: bertopic_autopik_airflow.train_vectorizers scheduled__2022-12-28T02:00:00+00:00 [running]> on host ca161c6b800c
[2022-12-28T05:11:35.037+0000] {taskinstance.py:1590} INFO - Exporting the following env vars:
AIRFLOW_CTX_DAG_EMAIL=hojun.seo@pikurate.com
AIRFLOW_CTX_DAG_OWNER=***
AIRFLOW_CTX_DAG_ID=bertopic_autopik_***
AIRFLOW_CTX_TASK_ID=train_vectorizers
AIRFLOW_CTX_EXECUTION_DATE=2022-12-28T02:00:00+00:00
AIRFLOW_CTX_TRY_NUMBER=1
AIRFLOW_CTX_DAG_RUN_ID=scheduled__2022-12-28T02:00:00+00:00
[2022-12-28T05:11:38.589+0000] {logging_mixin.py:117} INFO - It is pandas.Series type
[2022-12-28T05:11:40.486+0000] {python.py:177} INFO - Done. Returned value was: None
[2022-12-28T05:11:40.497+0000] {taskinstance.py:1401} INFO - Marking task as SUCCESS. dag_id=bertopic_autopik_***, task_id=train_vectorizers, execution_date=20221228T020000, start_date=20221228T051123, end_date=20221228T051140
[2022-12-28T05:11:40.931+0000] {local_task_job.py:164} INFO - Task exited with return code 0
[2022-12-28T05:11:40.980+0000] {local_task_job.py:273} INFO - 1 downstream tasks scheduled from follow-on schedule check
[2022-12-28T05:46:18.403+0000] {taskinstance.py:1165} INFO - Dependencies all met for <TaskInstance: bertopic_autopik_airflow.train_vectorizers scheduled__2022-12-28T02:00:00+00:00 [queued]>
[2022-12-28T05:46:18.417+0000] {taskinstance.py:1165} INFO - Dependencies all met for <TaskInstance: bertopic_autopik_airflow.train_vectorizers scheduled__2022-12-28T02:00:00+00:00 [queued]>
[2022-12-28T05:46:18.417+0000] {taskinstance.py:1362} INFO - 
--------------------------------------------------------------------------------
[2022-12-28T05:46:18.417+0000] {taskinstance.py:1363} INFO - Starting attempt 1 of 1
[2022-12-28T05:46:18.417+0000] {taskinstance.py:1364} INFO - 
--------------------------------------------------------------------------------
[2022-12-28T05:46:18.434+0000] {taskinstance.py:1383} INFO - Executing <Task(PythonOperator): train_vectorizers> on 2022-12-28 02:00:00+00:00
[2022-12-28T05:46:18.441+0000] {standard_task_runner.py:54} INFO - Started process 273 to run task
[2022-12-28T05:46:18.445+0000] {standard_task_runner.py:82} INFO - Running: ['***', 'tasks', 'run', 'bertopic_autopik_***', 'train_vectorizers', 'scheduled__2022-12-28T02:00:00+00:00', '--job-id', '6', '--raw', '--subdir', 'DAGS_FOLDER/bertopic_autopik_***.py', '--cfg-path', '/tmp/tmpur9l_i82']
[2022-12-28T05:46:18.445+0000] {standard_task_runner.py:83} INFO - Job 6: Subtask train_vectorizers
[2022-12-28T05:46:18.446+0000] {dagbag.py:525} INFO - Filling up the DagBag from /opt/***/dags/bertopic_autopik_***.py
[2022-12-28T05:46:30.362+0000] {warnings.py:109} WARNING - /home/***/.local/lib/python3.8/site-packages/***/configuration.py:545: DeprecationWarning: The sql_alchemy_conn option in [core] has been moved to the sql_alchemy_conn option in [database] - the old setting has been used, but please update your config.
  option = self._get_environment_variables(deprecated_key, deprecated_section, key, section)

[2022-12-28T05:46:30.439+0000] {task_command.py:384} INFO - Running <TaskInstance: bertopic_autopik_airflow.train_vectorizers scheduled__2022-12-28T02:00:00+00:00 [running]> on host 01844bb5aa3c
[2022-12-28T05:46:30.535+0000] {taskinstance.py:1590} INFO - Exporting the following env vars:
AIRFLOW_CTX_DAG_EMAIL=hojun.seo@pikurate.com
AIRFLOW_CTX_DAG_OWNER=***
AIRFLOW_CTX_DAG_ID=bertopic_autopik_***
AIRFLOW_CTX_TASK_ID=train_vectorizers
AIRFLOW_CTX_EXECUTION_DATE=2022-12-28T02:00:00+00:00
AIRFLOW_CTX_TRY_NUMBER=1
AIRFLOW_CTX_DAG_RUN_ID=scheduled__2022-12-28T02:00:00+00:00
[2022-12-28T05:46:34.355+0000] {logging_mixin.py:117} INFO - It is pandas.Series type
[2022-12-28T05:46:36.422+0000] {python.py:177} INFO - Done. Returned value was: None
[2022-12-28T05:46:36.433+0000] {taskinstance.py:1401} INFO - Marking task as SUCCESS. dag_id=bertopic_autopik_***, task_id=train_vectorizers, execution_date=20221228T020000, start_date=20221228T054618, end_date=20221228T054636
[2022-12-28T05:46:36.864+0000] {local_task_job.py:164} INFO - Task exited with return code 0
[2022-12-28T05:46:36.903+0000] {local_task_job.py:273} INFO - 1 downstream tasks scheduled from follow-on schedule check
