[2022-12-28T04:19:19.156+0000] {taskinstance.py:1165} INFO - Dependencies all met for <TaskInstance: bertopic_autopik_airflow.raw_data_preprocess scheduled__2022-12-28T02:00:00+00:00 [queued]>
[2022-12-28T04:19:19.175+0000] {taskinstance.py:1165} INFO - Dependencies all met for <TaskInstance: bertopic_autopik_airflow.raw_data_preprocess scheduled__2022-12-28T02:00:00+00:00 [queued]>
[2022-12-28T04:19:19.175+0000] {taskinstance.py:1362} INFO - 
--------------------------------------------------------------------------------
[2022-12-28T04:19:19.175+0000] {taskinstance.py:1363} INFO - Starting attempt 1 of 1
[2022-12-28T04:19:19.176+0000] {taskinstance.py:1364} INFO - 
--------------------------------------------------------------------------------
[2022-12-28T04:19:19.195+0000] {taskinstance.py:1383} INFO - Executing <Task(PythonOperator): raw_data_preprocess> on 2022-12-28 02:00:00+00:00
[2022-12-28T04:19:19.205+0000] {standard_task_runner.py:54} INFO - Started process 95 to run task
[2022-12-28T04:19:19.209+0000] {standard_task_runner.py:82} INFO - Running: ['***', 'tasks', 'run', 'bertopic_autopik_***', 'raw_data_preprocess', 'scheduled__2022-12-28T02:00:00+00:00', '--job-id', '3', '--raw', '--subdir', 'DAGS_FOLDER/bertopic_autopik_***.py', '--cfg-path', '/tmp/tmp93f0eniw']
[2022-12-28T04:19:19.209+0000] {standard_task_runner.py:83} INFO - Job 3: Subtask raw_data_preprocess
[2022-12-28T04:19:19.210+0000] {dagbag.py:525} INFO - Filling up the DagBag from /opt/***/dags/bertopic_autopik_***.py
[2022-12-28T04:19:32.920+0000] {warnings.py:109} WARNING - /home/***/.local/lib/python3.8/site-packages/***/configuration.py:545: DeprecationWarning: The sql_alchemy_conn option in [core] has been moved to the sql_alchemy_conn option in [database] - the old setting has been used, but please update your config.
  option = self._get_environment_variables(deprecated_key, deprecated_section, key, section)

[2022-12-28T04:19:33.030+0000] {task_command.py:384} INFO - Running <TaskInstance: bertopic_autopik_airflow.raw_data_preprocess scheduled__2022-12-28T02:00:00+00:00 [running]> on host 2f95ab99defd
[2022-12-28T04:19:33.145+0000] {taskinstance.py:1590} INFO - Exporting the following env vars:
AIRFLOW_CTX_DAG_EMAIL=hojun.seo@pikurate.com
AIRFLOW_CTX_DAG_OWNER=***
AIRFLOW_CTX_DAG_ID=bertopic_autopik_***
AIRFLOW_CTX_TASK_ID=raw_data_preprocess
AIRFLOW_CTX_EXECUTION_DATE=2022-12-28T02:00:00+00:00
AIRFLOW_CTX_TRY_NUMBER=1
AIRFLOW_CTX_DAG_RUN_ID=scheduled__2022-12-28T02:00:00+00:00
[2022-12-28T04:19:42.537+0000] {warnings.py:109} WARNING - /opt/***/dags/functions/data.py:212: DtypeWarning: Columns (0,9,10,11,12,14,15,20) have mixed types. Specify dtype option on import or set low_memory=False.
  link = pd.read_csv(open(f'{path}/link.csv','rU'), encoding='utf-8', engine='c')

[2022-12-28T04:20:05.509+0000] {python.py:177} INFO - Done. Returned value was: None
[2022-12-28T04:20:05.524+0000] {taskinstance.py:1401} INFO - Marking task as SUCCESS. dag_id=bertopic_autopik_***, task_id=raw_data_preprocess, execution_date=20221228T020000, start_date=20221228T041919, end_date=20221228T042005
[2022-12-28T04:20:06.034+0000] {local_task_job.py:164} INFO - Task exited with return code 0
[2022-12-28T04:20:06.095+0000] {local_task_job.py:273} INFO - 1 downstream tasks scheduled from follow-on schedule check
[2022-12-28T05:03:22.765+0000] {taskinstance.py:1165} INFO - Dependencies all met for <TaskInstance: bertopic_autopik_airflow.raw_data_preprocess scheduled__2022-12-28T02:00:00+00:00 [queued]>
[2022-12-28T05:03:22.782+0000] {taskinstance.py:1165} INFO - Dependencies all met for <TaskInstance: bertopic_autopik_airflow.raw_data_preprocess scheduled__2022-12-28T02:00:00+00:00 [queued]>
[2022-12-28T05:03:22.782+0000] {taskinstance.py:1362} INFO - 
--------------------------------------------------------------------------------
[2022-12-28T05:03:22.782+0000] {taskinstance.py:1363} INFO - Starting attempt 1 of 1
[2022-12-28T05:03:22.782+0000] {taskinstance.py:1364} INFO - 
--------------------------------------------------------------------------------
[2022-12-28T05:03:22.802+0000] {taskinstance.py:1383} INFO - Executing <Task(PythonOperator): raw_data_preprocess> on 2022-12-28 02:00:00+00:00
[2022-12-28T05:03:22.811+0000] {standard_task_runner.py:54} INFO - Started process 95 to run task
[2022-12-28T05:03:22.818+0000] {standard_task_runner.py:82} INFO - Running: ['***', 'tasks', 'run', 'bertopic_autopik_***', 'raw_data_preprocess', 'scheduled__2022-12-28T02:00:00+00:00', '--job-id', '3', '--raw', '--subdir', 'DAGS_FOLDER/bertopic_autopik_***.py', '--cfg-path', '/tmp/tmpu0sgo4d8']
[2022-12-28T05:03:22.818+0000] {standard_task_runner.py:83} INFO - Job 3: Subtask raw_data_preprocess
[2022-12-28T05:03:22.820+0000] {dagbag.py:525} INFO - Filling up the DagBag from /opt/***/dags/bertopic_autopik_***.py
[2022-12-28T05:03:32.640+0000] {warnings.py:109} WARNING - /home/***/.local/lib/python3.8/site-packages/***/configuration.py:545: DeprecationWarning: The sql_alchemy_conn option in [core] has been moved to the sql_alchemy_conn option in [database] - the old setting has been used, but please update your config.
  option = self._get_environment_variables(deprecated_key, deprecated_section, key, section)

[2022-12-28T05:03:32.701+0000] {task_command.py:384} INFO - Running <TaskInstance: bertopic_autopik_airflow.raw_data_preprocess scheduled__2022-12-28T02:00:00+00:00 [running]> on host ca161c6b800c
[2022-12-28T05:03:32.785+0000] {taskinstance.py:1590} INFO - Exporting the following env vars:
AIRFLOW_CTX_DAG_EMAIL=hojun.seo@pikurate.com
AIRFLOW_CTX_DAG_OWNER=***
AIRFLOW_CTX_DAG_ID=bertopic_autopik_***
AIRFLOW_CTX_TASK_ID=raw_data_preprocess
AIRFLOW_CTX_EXECUTION_DATE=2022-12-28T02:00:00+00:00
AIRFLOW_CTX_TRY_NUMBER=1
AIRFLOW_CTX_DAG_RUN_ID=scheduled__2022-12-28T02:00:00+00:00
[2022-12-28T05:03:40.630+0000] {warnings.py:109} WARNING - /opt/***/dags/functions/data.py:212: DtypeWarning: Columns (0,9,10,11,12,14,15,20) have mixed types. Specify dtype option on import or set low_memory=False.
  link = pd.read_csv(open(f'{path}/link.csv','rU'), encoding='utf-8', engine='c')

[2022-12-28T05:04:00.087+0000] {python.py:177} INFO - Done. Returned value was: None
[2022-12-28T05:04:00.106+0000] {taskinstance.py:1401} INFO - Marking task as SUCCESS. dag_id=bertopic_autopik_***, task_id=raw_data_preprocess, execution_date=20221228T020000, start_date=20221228T050322, end_date=20221228T050400
[2022-12-28T05:04:00.666+0000] {local_task_job.py:164} INFO - Task exited with return code 0
[2022-12-28T05:04:00.714+0000] {local_task_job.py:273} INFO - 1 downstream tasks scheduled from follow-on schedule check
[2022-12-28T05:37:38.546+0000] {taskinstance.py:1165} INFO - Dependencies all met for <TaskInstance: bertopic_autopik_airflow.raw_data_preprocess scheduled__2022-12-28T02:00:00+00:00 [queued]>
[2022-12-28T05:37:38.558+0000] {taskinstance.py:1165} INFO - Dependencies all met for <TaskInstance: bertopic_autopik_airflow.raw_data_preprocess scheduled__2022-12-28T02:00:00+00:00 [queued]>
[2022-12-28T05:37:38.559+0000] {taskinstance.py:1362} INFO - 
--------------------------------------------------------------------------------
[2022-12-28T05:37:38.559+0000] {taskinstance.py:1363} INFO - Starting attempt 1 of 1
[2022-12-28T05:37:38.559+0000] {taskinstance.py:1364} INFO - 
--------------------------------------------------------------------------------
[2022-12-28T05:37:38.575+0000] {taskinstance.py:1383} INFO - Executing <Task(PythonOperator): raw_data_preprocess> on 2022-12-28 02:00:00+00:00
[2022-12-28T05:37:38.582+0000] {standard_task_runner.py:54} INFO - Started process 102 to run task
[2022-12-28T05:37:38.585+0000] {standard_task_runner.py:82} INFO - Running: ['***', 'tasks', 'run', 'bertopic_autopik_***', 'raw_data_preprocess', 'scheduled__2022-12-28T02:00:00+00:00', '--job-id', '3', '--raw', '--subdir', 'DAGS_FOLDER/bertopic_autopik_***.py', '--cfg-path', '/tmp/tmpsmhdimvj']
[2022-12-28T05:37:38.586+0000] {standard_task_runner.py:83} INFO - Job 3: Subtask raw_data_preprocess
[2022-12-28T05:37:38.587+0000] {dagbag.py:525} INFO - Filling up the DagBag from /opt/***/dags/bertopic_autopik_***.py
[2022-12-28T05:37:50.299+0000] {warnings.py:109} WARNING - /home/***/.local/lib/python3.8/site-packages/***/configuration.py:545: DeprecationWarning: The sql_alchemy_conn option in [core] has been moved to the sql_alchemy_conn option in [database] - the old setting has been used, but please update your config.
  option = self._get_environment_variables(deprecated_key, deprecated_section, key, section)

[2022-12-28T05:37:50.363+0000] {task_command.py:384} INFO - Running <TaskInstance: bertopic_autopik_airflow.raw_data_preprocess scheduled__2022-12-28T02:00:00+00:00 [running]> on host 01844bb5aa3c
[2022-12-28T05:37:50.444+0000] {taskinstance.py:1590} INFO - Exporting the following env vars:
AIRFLOW_CTX_DAG_EMAIL=hojun.seo@pikurate.com
AIRFLOW_CTX_DAG_OWNER=***
AIRFLOW_CTX_DAG_ID=bertopic_autopik_***
AIRFLOW_CTX_TASK_ID=raw_data_preprocess
AIRFLOW_CTX_EXECUTION_DATE=2022-12-28T02:00:00+00:00
AIRFLOW_CTX_TRY_NUMBER=1
AIRFLOW_CTX_DAG_RUN_ID=scheduled__2022-12-28T02:00:00+00:00
[2022-12-28T05:37:59.200+0000] {warnings.py:109} WARNING - /opt/***/dags/functions/data.py:212: DtypeWarning: Columns (0,9,10,11,12,14,15,20) have mixed types. Specify dtype option on import or set low_memory=False.
  link = pd.read_csv(open(f'{path}/link.csv','rU'), encoding='utf-8', engine='c')

[2022-12-28T05:38:19.352+0000] {python.py:177} INFO - Done. Returned value was: None
[2022-12-28T05:38:19.363+0000] {taskinstance.py:1401} INFO - Marking task as SUCCESS. dag_id=bertopic_autopik_***, task_id=raw_data_preprocess, execution_date=20221228T020000, start_date=20221228T053738, end_date=20221228T053819
[2022-12-28T05:38:19.850+0000] {local_task_job.py:164} INFO - Task exited with return code 0
[2022-12-28T05:38:19.896+0000] {local_task_job.py:273} INFO - 1 downstream tasks scheduled from follow-on schedule check
