[2022-12-28T06:41:34.485+0000] {taskinstance.py:1165} INFO - Dependencies all met for <TaskInstance: bertopic_autopik_airflow.create_bento scheduled__2022-12-28T04:00:00+00:00 [queued]>
[2022-12-28T06:41:34.496+0000] {taskinstance.py:1165} INFO - Dependencies all met for <TaskInstance: bertopic_autopik_airflow.create_bento scheduled__2022-12-28T04:00:00+00:00 [queued]>
[2022-12-28T06:41:34.497+0000] {taskinstance.py:1362} INFO - 
--------------------------------------------------------------------------------
[2022-12-28T06:41:34.497+0000] {taskinstance.py:1363} INFO - Starting attempt 1 of 1
[2022-12-28T06:41:34.497+0000] {taskinstance.py:1364} INFO - 
--------------------------------------------------------------------------------
[2022-12-28T06:41:34.511+0000] {taskinstance.py:1383} INFO - Executing <Task(BashOperator): create_bento> on 2022-12-28 04:00:00+00:00
[2022-12-28T06:41:34.517+0000] {standard_task_runner.py:54} INFO - Started process 273 to run task
[2022-12-28T06:41:34.520+0000] {standard_task_runner.py:82} INFO - Running: ['***', 'tasks', 'run', 'bertopic_autopik_***', 'create_bento', 'scheduled__2022-12-28T04:00:00+00:00', '--job-id', '7', '--raw', '--subdir', 'DAGS_FOLDER/bertopic_autopik_***.py', '--cfg-path', '/tmp/tmpvm4lbjzl']
[2022-12-28T06:41:34.521+0000] {standard_task_runner.py:83} INFO - Job 7: Subtask create_bento
[2022-12-28T06:41:34.521+0000] {dagbag.py:525} INFO - Filling up the DagBag from /opt/***/dags/bertopic_autopik_***.py
[2022-12-28T06:41:46.854+0000] {warnings.py:109} WARNING - /home/***/.local/lib/python3.8/site-packages/***/configuration.py:545: DeprecationWarning: The sql_alchemy_conn option in [core] has been moved to the sql_alchemy_conn option in [database] - the old setting has been used, but please update your config.
  option = self._get_environment_variables(deprecated_key, deprecated_section, key, section)

[2022-12-28T06:41:46.940+0000] {task_command.py:384} INFO - Running <TaskInstance: bertopic_autopik_airflow.create_bento scheduled__2022-12-28T04:00:00+00:00 [running]> on host 1bb2d79d4907
[2022-12-28T06:41:47.084+0000] {taskinstance.py:1590} INFO - Exporting the following env vars:
AIRFLOW_CTX_DAG_EMAIL=hojun.seo@pikurate.com
AIRFLOW_CTX_DAG_OWNER=***
AIRFLOW_CTX_DAG_ID=bertopic_autopik_***
AIRFLOW_CTX_TASK_ID=create_bento
AIRFLOW_CTX_EXECUTION_DATE=2022-12-28T04:00:00+00:00
AIRFLOW_CTX_TRY_NUMBER=1
AIRFLOW_CTX_DAG_RUN_ID=scheduled__2022-12-28T04:00:00+00:00
[2022-12-28T06:41:47.086+0000] {subprocess.py:63} INFO - Tmp dir root location: 
 /tmp
[2022-12-28T06:41:47.087+0000] {subprocess.py:75} INFO - Running command: ['/bin/bash', '-c', ' \n            cd /opt/***/dags/bentoml/auto_pik_bento; bentoml build\n        ']
[2022-12-28T06:41:47.126+0000] {subprocess.py:86} INFO - Output:
[2022-12-28T06:42:25.710+0000] {subprocess.py:93} INFO - Building BentoML service "bertopic_autopik_bento:zjkyk5egpk6aiasc" from build context "/opt/***/dags/bentoml/auto_pik_bento".
[2022-12-28T06:42:26.447+0000] {subprocess.py:93} INFO - 
[2022-12-28T06:42:26.447+0000] {subprocess.py:93} INFO - ██████╗░███████╗███╗░░██╗████████╗░█████╗░███╗░░░███╗██╗░░░░░
[2022-12-28T06:42:26.448+0000] {subprocess.py:93} INFO - ██╔══██╗██╔════╝████╗░██║╚══██╔══╝██╔══██╗████╗░████║██║░░░░░
[2022-12-28T06:42:26.448+0000] {subprocess.py:93} INFO - ██████╦╝█████╗░░██╔██╗██║░░░██║░░░██║░░██║██╔████╔██║██║░░░░░
[2022-12-28T06:42:26.448+0000] {subprocess.py:93} INFO - ██╔══██╗██╔══╝░░██║╚████║░░░██║░░░██║░░██║██║╚██╔╝██║██║░░░░░
[2022-12-28T06:42:26.448+0000] {subprocess.py:93} INFO - ██████╦╝███████╗██║░╚███║░░░██║░░░╚█████╔╝██║░╚═╝░██║███████╗
[2022-12-28T06:42:26.448+0000] {subprocess.py:93} INFO - ╚═════╝░╚══════╝╚═╝░░╚══╝░░░╚═╝░░░░╚════╝░╚═╝░░░░░╚═╝╚══════╝
[2022-12-28T06:42:26.448+0000] {subprocess.py:93} INFO - 
[2022-12-28T06:42:26.448+0000] {subprocess.py:93} INFO - Successfully built Bento(tag="bertopic_autopik_bento:zjkyk5egpk6aiasc").
[2022-12-28T06:42:30.259+0000] {subprocess.py:97} INFO - Command exited with return code 0
[2022-12-28T06:42:30.301+0000] {taskinstance.py:1401} INFO - Marking task as SUCCESS. dag_id=bertopic_autopik_***, task_id=create_bento, execution_date=20221228T040000, start_date=20221228T064134, end_date=20221228T064230
[2022-12-28T06:42:30.798+0000] {local_task_job.py:164} INFO - Task exited with return code 0
[2022-12-28T06:42:30.878+0000] {local_task_job.py:273} INFO - 1 downstream tasks scheduled from follow-on schedule check
