[2022-12-28T06:22:49.797+0000] {taskinstance.py:1165} INFO - Dependencies all met for <TaskInstance: bertopic_autopik_airflow.train_vectorizers manual__2022-12-28T06:14:44.790717+00:00 [queued]>
[2022-12-28T06:22:49.810+0000] {taskinstance.py:1165} INFO - Dependencies all met for <TaskInstance: bertopic_autopik_airflow.train_vectorizers manual__2022-12-28T06:14:44.790717+00:00 [queued]>
[2022-12-28T06:22:49.810+0000] {taskinstance.py:1362} INFO - 
--------------------------------------------------------------------------------
[2022-12-28T06:22:49.811+0000] {taskinstance.py:1363} INFO - Starting attempt 1 of 1
[2022-12-28T06:22:49.811+0000] {taskinstance.py:1364} INFO - 
--------------------------------------------------------------------------------
[2022-12-28T06:22:49.827+0000] {taskinstance.py:1383} INFO - Executing <Task(PythonOperator): train_vectorizers> on 2022-12-28 06:14:44.790717+00:00
[2022-12-28T06:22:49.835+0000] {standard_task_runner.py:54} INFO - Started process 937 to run task
[2022-12-28T06:22:49.839+0000] {standard_task_runner.py:82} INFO - Running: ['***', 'tasks', 'run', 'bertopic_autopik_***', 'train_vectorizers', 'manual__2022-12-28T06:14:44.790717+00:00', '--job-id', '23', '--raw', '--subdir', 'DAGS_FOLDER/bertopic_autopik_***.py', '--cfg-path', '/tmp/tmpocawpvw5']
[2022-12-28T06:22:49.840+0000] {standard_task_runner.py:83} INFO - Job 23: Subtask train_vectorizers
[2022-12-28T06:22:49.841+0000] {dagbag.py:525} INFO - Filling up the DagBag from /opt/***/dags/bertopic_autopik_***.py
[2022-12-28T06:23:02.073+0000] {warnings.py:109} WARNING - /home/***/.local/lib/python3.8/site-packages/***/configuration.py:545: DeprecationWarning: The sql_alchemy_conn option in [core] has been moved to the sql_alchemy_conn option in [database] - the old setting has been used, but please update your config.
  option = self._get_environment_variables(deprecated_key, deprecated_section, key, section)

[2022-12-28T06:23:02.144+0000] {task_command.py:384} INFO - Running <TaskInstance: bertopic_autopik_airflow.train_vectorizers manual__2022-12-28T06:14:44.790717+00:00 [running]> on host 01844bb5aa3c
[2022-12-28T06:23:02.225+0000] {taskinstance.py:1590} INFO - Exporting the following env vars:
AIRFLOW_CTX_DAG_EMAIL=hojun.seo@pikurate.com
AIRFLOW_CTX_DAG_OWNER=***
AIRFLOW_CTX_DAG_ID=bertopic_autopik_***
AIRFLOW_CTX_TASK_ID=train_vectorizers
AIRFLOW_CTX_EXECUTION_DATE=2022-12-28T06:14:44.790717+00:00
AIRFLOW_CTX_TRY_NUMBER=1
AIRFLOW_CTX_DAG_RUN_ID=manual__2022-12-28T06:14:44.790717+00:00
[2022-12-28T06:23:06.457+0000] {logging_mixin.py:117} INFO - It is pandas.Series type
[2022-12-28T06:23:08.269+0000] {python.py:177} INFO - Done. Returned value was: None
[2022-12-28T06:23:08.280+0000] {taskinstance.py:1401} INFO - Marking task as SUCCESS. dag_id=bertopic_autopik_***, task_id=train_vectorizers, execution_date=20221228T061444, start_date=20221228T062249, end_date=20221228T062308
[2022-12-28T06:23:09.014+0000] {local_task_job.py:164} INFO - Task exited with return code 0
[2022-12-28T06:23:09.094+0000] {local_task_job.py:273} INFO - 0 downstream tasks scheduled from follow-on schedule check
