[2022-12-28T06:00:18.151+0000] {taskinstance.py:1165} INFO - Dependencies all met for <TaskInstance: bertopic_autopik_airflow.raw_data_preprocess scheduled__2022-12-28T04:00:00+00:00 [queued]>
[2022-12-28T06:00:18.172+0000] {taskinstance.py:1165} INFO - Dependencies all met for <TaskInstance: bertopic_autopik_airflow.raw_data_preprocess scheduled__2022-12-28T04:00:00+00:00 [queued]>
[2022-12-28T06:00:18.173+0000] {taskinstance.py:1362} INFO - 
--------------------------------------------------------------------------------
[2022-12-28T06:00:18.173+0000] {taskinstance.py:1363} INFO - Starting attempt 1 of 1
[2022-12-28T06:00:18.173+0000] {taskinstance.py:1364} INFO - 
--------------------------------------------------------------------------------
[2022-12-28T06:00:18.202+0000] {taskinstance.py:1383} INFO - Executing <Task(PythonOperator): raw_data_preprocess> on 2022-12-28 04:00:00+00:00
[2022-12-28T06:00:18.209+0000] {standard_task_runner.py:54} INFO - Started process 386 to run task
[2022-12-28T06:00:18.214+0000] {standard_task_runner.py:82} INFO - Running: ['***', 'tasks', 'run', 'bertopic_autopik_***', 'raw_data_preprocess', 'scheduled__2022-12-28T04:00:00+00:00', '--job-id', '9', '--raw', '--subdir', 'DAGS_FOLDER/bertopic_autopik_***.py', '--cfg-path', '/tmp/tmpfto52je0']
[2022-12-28T06:00:18.215+0000] {standard_task_runner.py:83} INFO - Job 9: Subtask raw_data_preprocess
[2022-12-28T06:00:18.216+0000] {dagbag.py:525} INFO - Filling up the DagBag from /opt/***/dags/bertopic_autopik_***.py
[2022-12-28T06:00:30.575+0000] {warnings.py:109} WARNING - /home/***/.local/lib/python3.8/site-packages/***/configuration.py:545: DeprecationWarning: The sql_alchemy_conn option in [core] has been moved to the sql_alchemy_conn option in [database] - the old setting has been used, but please update your config.
  option = self._get_environment_variables(deprecated_key, deprecated_section, key, section)

[2022-12-28T06:00:30.642+0000] {task_command.py:384} INFO - Running <TaskInstance: bertopic_autopik_airflow.raw_data_preprocess scheduled__2022-12-28T04:00:00+00:00 [running]> on host 01844bb5aa3c
[2022-12-28T06:00:30.728+0000] {taskinstance.py:1590} INFO - Exporting the following env vars:
AIRFLOW_CTX_DAG_EMAIL=hojun.seo@pikurate.com
AIRFLOW_CTX_DAG_OWNER=***
AIRFLOW_CTX_DAG_ID=bertopic_autopik_***
AIRFLOW_CTX_TASK_ID=raw_data_preprocess
AIRFLOW_CTX_EXECUTION_DATE=2022-12-28T04:00:00+00:00
AIRFLOW_CTX_TRY_NUMBER=1
AIRFLOW_CTX_DAG_RUN_ID=scheduled__2022-12-28T04:00:00+00:00
[2022-12-28T06:00:37.897+0000] {warnings.py:109} WARNING - /opt/***/dags/functions/data.py:212: DtypeWarning: Columns (0,9,10,11,12,14,15,20) have mixed types. Specify dtype option on import or set low_memory=False.
  link = pd.read_csv(open(f'{path}/link.csv','rU'), encoding='utf-8', engine='c')

[2022-12-28T06:00:59.101+0000] {python.py:177} INFO - Done. Returned value was: None
[2022-12-28T06:00:59.115+0000] {taskinstance.py:1401} INFO - Marking task as SUCCESS. dag_id=bertopic_autopik_***, task_id=raw_data_preprocess, execution_date=20221228T040000, start_date=20221228T060018, end_date=20221228T060059
[2022-12-28T06:00:59.638+0000] {local_task_job.py:164} INFO - Task exited with return code 0
[2022-12-28T06:00:59.702+0000] {local_task_job.py:273} INFO - 1 downstream tasks scheduled from follow-on schedule check
[2022-12-28T06:33:28.127+0000] {taskinstance.py:1165} INFO - Dependencies all met for <TaskInstance: bertopic_autopik_airflow.raw_data_preprocess scheduled__2022-12-28T04:00:00+00:00 [queued]>
[2022-12-28T06:33:28.144+0000] {taskinstance.py:1165} INFO - Dependencies all met for <TaskInstance: bertopic_autopik_airflow.raw_data_preprocess scheduled__2022-12-28T04:00:00+00:00 [queued]>
[2022-12-28T06:33:28.144+0000] {taskinstance.py:1362} INFO - 
--------------------------------------------------------------------------------
[2022-12-28T06:33:28.144+0000] {taskinstance.py:1363} INFO - Starting attempt 1 of 1
[2022-12-28T06:33:28.145+0000] {taskinstance.py:1364} INFO - 
--------------------------------------------------------------------------------
[2022-12-28T06:33:28.179+0000] {taskinstance.py:1383} INFO - Executing <Task(PythonOperator): raw_data_preprocess> on 2022-12-28 04:00:00+00:00
[2022-12-28T06:33:28.186+0000] {standard_task_runner.py:54} INFO - Started process 95 to run task
[2022-12-28T06:33:28.190+0000] {standard_task_runner.py:82} INFO - Running: ['***', 'tasks', 'run', 'bertopic_autopik_***', 'raw_data_preprocess', 'scheduled__2022-12-28T04:00:00+00:00', '--job-id', '3', '--raw', '--subdir', 'DAGS_FOLDER/bertopic_autopik_***.py', '--cfg-path', '/tmp/tmp_cgfoi3n']
[2022-12-28T06:33:28.190+0000] {standard_task_runner.py:83} INFO - Job 3: Subtask raw_data_preprocess
[2022-12-28T06:33:28.192+0000] {dagbag.py:525} INFO - Filling up the DagBag from /opt/***/dags/bertopic_autopik_***.py
[2022-12-28T06:33:39.679+0000] {warnings.py:109} WARNING - /home/***/.local/lib/python3.8/site-packages/***/configuration.py:545: DeprecationWarning: The sql_alchemy_conn option in [core] has been moved to the sql_alchemy_conn option in [database] - the old setting has been used, but please update your config.
  option = self._get_environment_variables(deprecated_key, deprecated_section, key, section)

[2022-12-28T06:33:39.735+0000] {task_command.py:384} INFO - Running <TaskInstance: bertopic_autopik_airflow.raw_data_preprocess scheduled__2022-12-28T04:00:00+00:00 [running]> on host 1bb2d79d4907
[2022-12-28T06:33:39.811+0000] {taskinstance.py:1590} INFO - Exporting the following env vars:
AIRFLOW_CTX_DAG_EMAIL=hojun.seo@pikurate.com
AIRFLOW_CTX_DAG_OWNER=***
AIRFLOW_CTX_DAG_ID=bertopic_autopik_***
AIRFLOW_CTX_TASK_ID=raw_data_preprocess
AIRFLOW_CTX_EXECUTION_DATE=2022-12-28T04:00:00+00:00
AIRFLOW_CTX_TRY_NUMBER=1
AIRFLOW_CTX_DAG_RUN_ID=scheduled__2022-12-28T04:00:00+00:00
[2022-12-28T06:33:48.107+0000] {warnings.py:109} WARNING - /opt/***/dags/functions/data.py:212: DtypeWarning: Columns (0,9,10,11,12,14,15,20) have mixed types. Specify dtype option on import or set low_memory=False.
  link = pd.read_csv(open(f'{path}/link.csv','rU'), encoding='utf-8', engine='c')

[2022-12-28T06:34:07.289+0000] {python.py:177} INFO - Done. Returned value was: None
[2022-12-28T06:34:07.302+0000] {taskinstance.py:1401} INFO - Marking task as SUCCESS. dag_id=bertopic_autopik_***, task_id=raw_data_preprocess, execution_date=20221228T040000, start_date=20221228T063328, end_date=20221228T063407
[2022-12-28T06:34:07.781+0000] {local_task_job.py:164} INFO - Task exited with return code 0
[2022-12-28T06:34:07.827+0000] {local_task_job.py:273} INFO - 1 downstream tasks scheduled from follow-on schedule check
