[2022-12-27T08:00:23.370+0000] {taskinstance.py:1165} INFO - Dependencies all met for <TaskInstance: bertopic_autopik_airflow.raw_data_preprocess scheduled__2022-12-27T06:00:00+00:00 [queued]>
[2022-12-27T08:00:23.408+0000] {taskinstance.py:1165} INFO - Dependencies all met for <TaskInstance: bertopic_autopik_airflow.raw_data_preprocess scheduled__2022-12-27T06:00:00+00:00 [queued]>
[2022-12-27T08:00:23.409+0000] {taskinstance.py:1362} INFO - 
--------------------------------------------------------------------------------
[2022-12-27T08:00:23.410+0000] {taskinstance.py:1363} INFO - Starting attempt 1 of 1
[2022-12-27T08:00:23.410+0000] {taskinstance.py:1364} INFO - 
--------------------------------------------------------------------------------
[2022-12-27T08:00:23.444+0000] {taskinstance.py:1383} INFO - Executing <Task(PythonOperator): raw_data_preprocess> on 2022-12-27 06:00:00+00:00
[2022-12-27T08:00:23.457+0000] {standard_task_runner.py:54} INFO - Started process 1519 to run task
[2022-12-27T08:00:23.466+0000] {standard_task_runner.py:82} INFO - Running: ['***', 'tasks', 'run', 'bertopic_autopik_***', 'raw_data_preprocess', 'scheduled__2022-12-27T06:00:00+00:00', '--job-id', '36', '--raw', '--subdir', 'DAGS_FOLDER/bertopic_autopik_***.py', '--cfg-path', '/tmp/tmpo9d8r3v8']
[2022-12-27T08:00:23.467+0000] {standard_task_runner.py:83} INFO - Job 36: Subtask raw_data_preprocess
[2022-12-27T08:00:23.469+0000] {dagbag.py:525} INFO - Filling up the DagBag from /opt/***/dags/bertopic_autopik_***.py
[2022-12-27T08:00:34.017+0000] {warnings.py:109} WARNING - /home/***/.local/lib/python3.8/site-packages/***/configuration.py:545: DeprecationWarning: The sql_alchemy_conn option in [core] has been moved to the sql_alchemy_conn option in [database] - the old setting has been used, but please update your config.
  option = self._get_environment_variables(deprecated_key, deprecated_section, key, section)

[2022-12-27T08:00:34.094+0000] {task_command.py:384} INFO - Running <TaskInstance: bertopic_autopik_airflow.raw_data_preprocess scheduled__2022-12-27T06:00:00+00:00 [running]> on host c4e9f2234c2b
[2022-12-27T08:00:34.184+0000] {taskinstance.py:1590} INFO - Exporting the following env vars:
AIRFLOW_CTX_DAG_EMAIL=hojun.seo@pikurate.com
AIRFLOW_CTX_DAG_OWNER=***
AIRFLOW_CTX_DAG_ID=bertopic_autopik_***
AIRFLOW_CTX_TASK_ID=raw_data_preprocess
AIRFLOW_CTX_EXECUTION_DATE=2022-12-27T06:00:00+00:00
AIRFLOW_CTX_TRY_NUMBER=1
AIRFLOW_CTX_DAG_RUN_ID=scheduled__2022-12-27T06:00:00+00:00
[2022-12-27T08:00:41.548+0000] {warnings.py:109} WARNING - /opt/***/dags/functions/data.py:212: DtypeWarning: Columns (0,9,10,11,12,14,15,20) have mixed types. Specify dtype option on import or set low_memory=False.
  link = pd.read_csv(open(f'{path}/link.csv','rU'), encoding='utf-8', engine='c')

[2022-12-27T08:01:01.705+0000] {python.py:177} INFO - Done. Returned value was: None
[2022-12-27T08:01:01.718+0000] {taskinstance.py:1401} INFO - Marking task as SUCCESS. dag_id=bertopic_autopik_***, task_id=raw_data_preprocess, execution_date=20221227T060000, start_date=20221227T080023, end_date=20221227T080101
[2022-12-27T08:01:02.230+0000] {local_task_job.py:164} INFO - Task exited with return code 0
[2022-12-27T08:01:02.278+0000] {local_task_job.py:273} INFO - 1 downstream tasks scheduled from follow-on schedule check
[2022-12-27T08:14:33.513+0000] {taskinstance.py:1165} INFO - Dependencies all met for <TaskInstance: bertopic_autopik_airflow.raw_data_preprocess scheduled__2022-12-27T06:00:00+00:00 [queued]>
[2022-12-27T08:14:33.526+0000] {taskinstance.py:1165} INFO - Dependencies all met for <TaskInstance: bertopic_autopik_airflow.raw_data_preprocess scheduled__2022-12-27T06:00:00+00:00 [queued]>
[2022-12-27T08:14:33.526+0000] {taskinstance.py:1362} INFO - 
--------------------------------------------------------------------------------
[2022-12-27T08:14:33.526+0000] {taskinstance.py:1363} INFO - Starting attempt 1 of 1
[2022-12-27T08:14:33.527+0000] {taskinstance.py:1364} INFO - 
--------------------------------------------------------------------------------
[2022-12-27T08:14:33.543+0000] {taskinstance.py:1383} INFO - Executing <Task(PythonOperator): raw_data_preprocess> on 2022-12-27 06:00:00+00:00
[2022-12-27T08:14:33.552+0000] {standard_task_runner.py:54} INFO - Started process 102 to run task
[2022-12-27T08:14:33.555+0000] {standard_task_runner.py:82} INFO - Running: ['***', 'tasks', 'run', 'bertopic_autopik_***', 'raw_data_preprocess', 'scheduled__2022-12-27T06:00:00+00:00', '--job-id', '3', '--raw', '--subdir', 'DAGS_FOLDER/bertopic_autopik_***.py', '--cfg-path', '/tmp/tmpocqonqlo']
[2022-12-27T08:14:33.556+0000] {standard_task_runner.py:83} INFO - Job 3: Subtask raw_data_preprocess
[2022-12-27T08:14:33.557+0000] {dagbag.py:525} INFO - Filling up the DagBag from /opt/***/dags/bertopic_autopik_***.py
[2022-12-27T08:14:45.089+0000] {warnings.py:109} WARNING - /home/***/.local/lib/python3.8/site-packages/***/configuration.py:545: DeprecationWarning: The sql_alchemy_conn option in [core] has been moved to the sql_alchemy_conn option in [database] - the old setting has been used, but please update your config.
  option = self._get_environment_variables(deprecated_key, deprecated_section, key, section)

[2022-12-27T08:14:45.147+0000] {task_command.py:384} INFO - Running <TaskInstance: bertopic_autopik_airflow.raw_data_preprocess scheduled__2022-12-27T06:00:00+00:00 [running]> on host 2492a182aa87
[2022-12-27T08:14:45.224+0000] {taskinstance.py:1590} INFO - Exporting the following env vars:
AIRFLOW_CTX_DAG_EMAIL=hojun.seo@pikurate.com
AIRFLOW_CTX_DAG_OWNER=***
AIRFLOW_CTX_DAG_ID=bertopic_autopik_***
AIRFLOW_CTX_TASK_ID=raw_data_preprocess
AIRFLOW_CTX_EXECUTION_DATE=2022-12-27T06:00:00+00:00
AIRFLOW_CTX_TRY_NUMBER=1
AIRFLOW_CTX_DAG_RUN_ID=scheduled__2022-12-27T06:00:00+00:00
[2022-12-27T08:14:52.026+0000] {warnings.py:109} WARNING - /opt/***/dags/functions/data.py:212: DtypeWarning: Columns (0,9,10,11,12,14,15,20) have mixed types. Specify dtype option on import or set low_memory=False.
  link = pd.read_csv(open(f'{path}/link.csv','rU'), encoding='utf-8', engine='c')

[2022-12-27T08:15:12.808+0000] {python.py:177} INFO - Done. Returned value was: None
[2022-12-27T08:15:12.830+0000] {taskinstance.py:1401} INFO - Marking task as SUCCESS. dag_id=bertopic_autopik_***, task_id=raw_data_preprocess, execution_date=20221227T060000, start_date=20221227T081433, end_date=20221227T081512
[2022-12-27T08:15:13.512+0000] {local_task_job.py:164} INFO - Task exited with return code 0
[2022-12-27T08:15:13.616+0000] {local_task_job.py:273} INFO - 1 downstream tasks scheduled from follow-on schedule check
[2022-12-27T09:07:42.427+0000] {taskinstance.py:1165} INFO - Dependencies all met for <TaskInstance: bertopic_autopik_airflow.raw_data_preprocess scheduled__2022-12-27T06:00:00+00:00 [queued]>
[2022-12-27T09:07:42.441+0000] {taskinstance.py:1165} INFO - Dependencies all met for <TaskInstance: bertopic_autopik_airflow.raw_data_preprocess scheduled__2022-12-27T06:00:00+00:00 [queued]>
[2022-12-27T09:07:42.441+0000] {taskinstance.py:1362} INFO - 
--------------------------------------------------------------------------------
[2022-12-27T09:07:42.441+0000] {taskinstance.py:1363} INFO - Starting attempt 1 of 1
[2022-12-27T09:07:42.441+0000] {taskinstance.py:1364} INFO - 
--------------------------------------------------------------------------------
[2022-12-27T09:07:42.458+0000] {taskinstance.py:1383} INFO - Executing <Task(PythonOperator): raw_data_preprocess> on 2022-12-27 06:00:00+00:00
[2022-12-27T09:07:42.466+0000] {standard_task_runner.py:54} INFO - Started process 103 to run task
[2022-12-27T09:07:42.470+0000] {standard_task_runner.py:82} INFO - Running: ['***', 'tasks', 'run', 'bertopic_autopik_***', 'raw_data_preprocess', 'scheduled__2022-12-27T06:00:00+00:00', '--job-id', '3', '--raw', '--subdir', 'DAGS_FOLDER/bertopic_autopik_***.py', '--cfg-path', '/tmp/tmpawwpvk_j']
[2022-12-27T09:07:42.471+0000] {standard_task_runner.py:83} INFO - Job 3: Subtask raw_data_preprocess
[2022-12-27T09:07:42.472+0000] {dagbag.py:525} INFO - Filling up the DagBag from /opt/***/dags/bertopic_autopik_***.py
[2022-12-27T09:07:54.050+0000] {warnings.py:109} WARNING - /home/***/.local/lib/python3.8/site-packages/***/configuration.py:545: DeprecationWarning: The sql_alchemy_conn option in [core] has been moved to the sql_alchemy_conn option in [database] - the old setting has been used, but please update your config.
  option = self._get_environment_variables(deprecated_key, deprecated_section, key, section)

[2022-12-27T09:07:54.155+0000] {task_command.py:384} INFO - Running <TaskInstance: bertopic_autopik_airflow.raw_data_preprocess scheduled__2022-12-27T06:00:00+00:00 [running]> on host a0f3911d9707
[2022-12-27T09:07:54.329+0000] {taskinstance.py:1590} INFO - Exporting the following env vars:
AIRFLOW_CTX_DAG_EMAIL=hojun.seo@pikurate.com
AIRFLOW_CTX_DAG_OWNER=***
AIRFLOW_CTX_DAG_ID=bertopic_autopik_***
AIRFLOW_CTX_TASK_ID=raw_data_preprocess
AIRFLOW_CTX_EXECUTION_DATE=2022-12-27T06:00:00+00:00
AIRFLOW_CTX_TRY_NUMBER=1
AIRFLOW_CTX_DAG_RUN_ID=scheduled__2022-12-27T06:00:00+00:00
[2022-12-27T09:08:00.580+0000] {warnings.py:109} WARNING - /opt/***/dags/functions/data.py:212: DtypeWarning: Columns (0,9,10,11,12,14,15,20) have mixed types. Specify dtype option on import or set low_memory=False.
  link = pd.read_csv(open(f'{path}/link.csv','rU'), encoding='utf-8', engine='c')

[2022-12-27T09:08:23.719+0000] {python.py:177} INFO - Done. Returned value was: None
[2022-12-27T09:08:23.742+0000] {taskinstance.py:1401} INFO - Marking task as SUCCESS. dag_id=bertopic_autopik_***, task_id=raw_data_preprocess, execution_date=20221227T060000, start_date=20221227T090742, end_date=20221227T090823
[2022-12-27T09:08:24.316+0000] {local_task_job.py:164} INFO - Task exited with return code 0
[2022-12-27T09:08:24.371+0000] {local_task_job.py:273} INFO - 1 downstream tasks scheduled from follow-on schedule check
