[2022-12-12T07:51:07.629+0000] {processor.py:156} INFO - Started process (PID=72) to work on /opt/airflow/dags/functions/data.py
[2022-12-12T07:51:07.631+0000] {processor.py:758} INFO - Processing file /opt/airflow/dags/functions/data.py for tasks to queue
[2022-12-12T07:51:07.633+0000] {logging_mixin.py:117} INFO - [2022-12-12T07:51:07.632+0000] {dagbag.py:525} INFO - Filling up the DagBag from /opt/airflow/dags/functions/data.py
[2022-12-12T07:51:08.194+0000] {processor.py:770} WARNING - No viable dags retrieved from /opt/airflow/dags/functions/data.py
[2022-12-12T07:51:08.214+0000] {processor.py:178} INFO - Processing /opt/airflow/dags/functions/data.py took 0.590 seconds
[2022-12-12T08:07:42.985+0000] {processor.py:156} INFO - Started process (PID=72) to work on /opt/airflow/dags/functions/data.py
[2022-12-12T08:07:42.998+0000] {processor.py:758} INFO - Processing file /opt/airflow/dags/functions/data.py for tasks to queue
[2022-12-12T08:07:43.002+0000] {logging_mixin.py:117} INFO - [2022-12-12T08:07:43.001+0000] {dagbag.py:525} INFO - Filling up the DagBag from /opt/airflow/dags/functions/data.py
[2022-12-12T08:07:43.839+0000] {processor.py:770} WARNING - No viable dags retrieved from /opt/airflow/dags/functions/data.py
[2022-12-12T08:07:43.867+0000] {processor.py:178} INFO - Processing /opt/airflow/dags/functions/data.py took 0.889 seconds
[2022-12-12T08:08:22.062+0000] {processor.py:156} INFO - Started process (PID=96) to work on /opt/airflow/dags/functions/data.py
[2022-12-12T08:08:22.064+0000] {processor.py:758} INFO - Processing file /opt/airflow/dags/functions/data.py for tasks to queue
[2022-12-12T08:08:22.065+0000] {logging_mixin.py:117} INFO - [2022-12-12T08:08:22.065+0000] {dagbag.py:525} INFO - Filling up the DagBag from /opt/airflow/dags/functions/data.py
[2022-12-12T08:08:22.631+0000] {processor.py:770} WARNING - No viable dags retrieved from /opt/airflow/dags/functions/data.py
[2022-12-12T08:08:22.655+0000] {processor.py:178} INFO - Processing /opt/airflow/dags/functions/data.py took 0.598 seconds
[2022-12-12T08:08:53.183+0000] {processor.py:156} INFO - Started process (PID=110) to work on /opt/airflow/dags/functions/data.py
[2022-12-12T08:08:53.185+0000] {processor.py:758} INFO - Processing file /opt/airflow/dags/functions/data.py for tasks to queue
[2022-12-12T08:08:53.186+0000] {logging_mixin.py:117} INFO - [2022-12-12T08:08:53.186+0000] {dagbag.py:525} INFO - Filling up the DagBag from /opt/airflow/dags/functions/data.py
[2022-12-12T08:08:53.746+0000] {processor.py:770} WARNING - No viable dags retrieved from /opt/airflow/dags/functions/data.py
[2022-12-12T08:08:53.770+0000] {processor.py:178} INFO - Processing /opt/airflow/dags/functions/data.py took 0.593 seconds
[2022-12-12T08:09:24.610+0000] {processor.py:156} INFO - Started process (PID=144) to work on /opt/airflow/dags/functions/data.py
[2022-12-12T08:09:24.612+0000] {processor.py:758} INFO - Processing file /opt/airflow/dags/functions/data.py for tasks to queue
[2022-12-12T08:09:24.614+0000] {logging_mixin.py:117} INFO - [2022-12-12T08:09:24.614+0000] {dagbag.py:525} INFO - Filling up the DagBag from /opt/airflow/dags/functions/data.py
[2022-12-12T08:09:25.169+0000] {processor.py:770} WARNING - No viable dags retrieved from /opt/airflow/dags/functions/data.py
[2022-12-12T08:09:25.189+0000] {processor.py:178} INFO - Processing /opt/airflow/dags/functions/data.py took 0.585 seconds
[2022-12-12T08:09:55.315+0000] {processor.py:156} INFO - Started process (PID=179) to work on /opt/airflow/dags/functions/data.py
[2022-12-12T08:09:55.317+0000] {processor.py:758} INFO - Processing file /opt/airflow/dags/functions/data.py for tasks to queue
[2022-12-12T08:09:55.318+0000] {logging_mixin.py:117} INFO - [2022-12-12T08:09:55.317+0000] {dagbag.py:525} INFO - Filling up the DagBag from /opt/airflow/dags/functions/data.py
[2022-12-12T08:09:55.820+0000] {processor.py:770} WARNING - No viable dags retrieved from /opt/airflow/dags/functions/data.py
[2022-12-12T08:09:55.843+0000] {processor.py:178} INFO - Processing /opt/airflow/dags/functions/data.py took 0.533 seconds
[2022-12-12T08:10:27.158+0000] {processor.py:156} INFO - Started process (PID=214) to work on /opt/airflow/dags/functions/data.py
[2022-12-12T08:10:27.160+0000] {processor.py:758} INFO - Processing file /opt/airflow/dags/functions/data.py for tasks to queue
[2022-12-12T08:10:27.161+0000] {logging_mixin.py:117} INFO - [2022-12-12T08:10:27.161+0000] {dagbag.py:525} INFO - Filling up the DagBag from /opt/airflow/dags/functions/data.py
[2022-12-12T08:10:27.741+0000] {processor.py:770} WARNING - No viable dags retrieved from /opt/airflow/dags/functions/data.py
[2022-12-12T08:10:27.766+0000] {processor.py:178} INFO - Processing /opt/airflow/dags/functions/data.py took 0.614 seconds
[2022-12-12T08:11:06.937+0000] {processor.py:156} INFO - Started process (PID=238) to work on /opt/airflow/dags/functions/data.py
[2022-12-12T08:11:06.939+0000] {processor.py:758} INFO - Processing file /opt/airflow/dags/functions/data.py for tasks to queue
[2022-12-12T08:11:06.940+0000] {logging_mixin.py:117} INFO - [2022-12-12T08:11:06.940+0000] {dagbag.py:525} INFO - Filling up the DagBag from /opt/airflow/dags/functions/data.py
[2022-12-12T08:11:07.530+0000] {processor.py:770} WARNING - No viable dags retrieved from /opt/airflow/dags/functions/data.py
[2022-12-12T08:11:07.547+0000] {processor.py:178} INFO - Processing /opt/airflow/dags/functions/data.py took 0.617 seconds
[2022-12-12T08:11:37.858+0000] {processor.py:156} INFO - Started process (PID=252) to work on /opt/airflow/dags/functions/data.py
[2022-12-12T08:11:37.860+0000] {processor.py:758} INFO - Processing file /opt/airflow/dags/functions/data.py for tasks to queue
[2022-12-12T08:11:37.863+0000] {logging_mixin.py:117} INFO - [2022-12-12T08:11:37.862+0000] {dagbag.py:525} INFO - Filling up the DagBag from /opt/airflow/dags/functions/data.py
[2022-12-12T08:11:38.596+0000] {processor.py:770} WARNING - No viable dags retrieved from /opt/airflow/dags/functions/data.py
[2022-12-12T08:11:38.616+0000] {processor.py:178} INFO - Processing /opt/airflow/dags/functions/data.py took 0.766 seconds
[2022-12-12T08:12:08.849+0000] {processor.py:156} INFO - Started process (PID=286) to work on /opt/airflow/dags/functions/data.py
[2022-12-12T08:12:08.850+0000] {processor.py:758} INFO - Processing file /opt/airflow/dags/functions/data.py for tasks to queue
[2022-12-12T08:12:08.852+0000] {logging_mixin.py:117} INFO - [2022-12-12T08:12:08.852+0000] {dagbag.py:525} INFO - Filling up the DagBag from /opt/airflow/dags/functions/data.py
[2022-12-12T08:12:09.619+0000] {processor.py:770} WARNING - No viable dags retrieved from /opt/airflow/dags/functions/data.py
[2022-12-12T08:12:09.645+0000] {processor.py:178} INFO - Processing /opt/airflow/dags/functions/data.py took 0.802 seconds
[2022-12-12T08:12:39.939+0000] {processor.py:156} INFO - Started process (PID=321) to work on /opt/airflow/dags/functions/data.py
[2022-12-12T08:12:39.941+0000] {processor.py:758} INFO - Processing file /opt/airflow/dags/functions/data.py for tasks to queue
[2022-12-12T08:12:39.942+0000] {logging_mixin.py:117} INFO - [2022-12-12T08:12:39.942+0000] {dagbag.py:525} INFO - Filling up the DagBag from /opt/airflow/dags/functions/data.py
[2022-12-12T08:12:40.675+0000] {processor.py:770} WARNING - No viable dags retrieved from /opt/airflow/dags/functions/data.py
[2022-12-12T08:12:40.717+0000] {processor.py:178} INFO - Processing /opt/airflow/dags/functions/data.py took 0.783 seconds
[2022-12-12T08:13:15.272+0000] {processor.py:156} INFO - Started process (PID=347) to work on /opt/airflow/dags/functions/data.py
[2022-12-12T08:13:15.273+0000] {processor.py:758} INFO - Processing file /opt/airflow/dags/functions/data.py for tasks to queue
[2022-12-12T08:13:15.275+0000] {logging_mixin.py:117} INFO - [2022-12-12T08:13:15.275+0000] {dagbag.py:525} INFO - Filling up the DagBag from /opt/airflow/dags/functions/data.py
[2022-12-12T08:13:15.857+0000] {processor.py:770} WARNING - No viable dags retrieved from /opt/airflow/dags/functions/data.py
[2022-12-12T08:13:15.881+0000] {processor.py:178} INFO - Processing /opt/airflow/dags/functions/data.py took 0.616 seconds
[2022-12-12T08:13:57.803+0000] {processor.py:156} INFO - Started process (PID=380) to work on /opt/airflow/dags/functions/data.py
[2022-12-12T08:13:57.806+0000] {processor.py:758} INFO - Processing file /opt/airflow/dags/functions/data.py for tasks to queue
[2022-12-12T08:13:57.809+0000] {logging_mixin.py:117} INFO - [2022-12-12T08:13:57.808+0000] {dagbag.py:525} INFO - Filling up the DagBag from /opt/airflow/dags/functions/data.py
[2022-12-12T08:13:58.339+0000] {processor.py:770} WARNING - No viable dags retrieved from /opt/airflow/dags/functions/data.py
[2022-12-12T08:13:58.359+0000] {processor.py:178} INFO - Processing /opt/airflow/dags/functions/data.py took 0.564 seconds
[2022-12-12T08:14:38.479+0000] {processor.py:156} INFO - Started process (PID=415) to work on /opt/airflow/dags/functions/data.py
[2022-12-12T08:14:38.480+0000] {processor.py:758} INFO - Processing file /opt/airflow/dags/functions/data.py for tasks to queue
[2022-12-12T08:14:38.482+0000] {logging_mixin.py:117} INFO - [2022-12-12T08:14:38.482+0000] {dagbag.py:525} INFO - Filling up the DagBag from /opt/airflow/dags/functions/data.py
[2022-12-12T08:14:39.036+0000] {processor.py:770} WARNING - No viable dags retrieved from /opt/airflow/dags/functions/data.py
[2022-12-12T08:14:39.056+0000] {processor.py:178} INFO - Processing /opt/airflow/dags/functions/data.py took 0.583 seconds
[2022-12-12T08:15:19.080+0000] {processor.py:156} INFO - Started process (PID=450) to work on /opt/airflow/dags/functions/data.py
[2022-12-12T08:15:19.082+0000] {processor.py:758} INFO - Processing file /opt/airflow/dags/functions/data.py for tasks to queue
[2022-12-12T08:15:19.084+0000] {logging_mixin.py:117} INFO - [2022-12-12T08:15:19.084+0000] {dagbag.py:525} INFO - Filling up the DagBag from /opt/airflow/dags/functions/data.py
[2022-12-12T08:15:19.632+0000] {processor.py:770} WARNING - No viable dags retrieved from /opt/airflow/dags/functions/data.py
[2022-12-12T08:15:19.651+0000] {processor.py:178} INFO - Processing /opt/airflow/dags/functions/data.py took 0.577 seconds
[2022-12-12T08:16:00.676+0000] {processor.py:156} INFO - Started process (PID=485) to work on /opt/airflow/dags/functions/data.py
[2022-12-12T08:16:00.678+0000] {processor.py:758} INFO - Processing file /opt/airflow/dags/functions/data.py for tasks to queue
[2022-12-12T08:16:00.680+0000] {logging_mixin.py:117} INFO - [2022-12-12T08:16:00.680+0000] {dagbag.py:525} INFO - Filling up the DagBag from /opt/airflow/dags/functions/data.py
[2022-12-12T08:16:01.382+0000] {processor.py:770} WARNING - No viable dags retrieved from /opt/airflow/dags/functions/data.py
[2022-12-12T08:16:01.420+0000] {processor.py:178} INFO - Processing /opt/airflow/dags/functions/data.py took 0.752 seconds
[2022-12-12T08:16:44.513+0000] {processor.py:156} INFO - Started process (PID=520) to work on /opt/airflow/dags/functions/data.py
[2022-12-12T08:16:44.515+0000] {processor.py:758} INFO - Processing file /opt/airflow/dags/functions/data.py for tasks to queue
[2022-12-12T08:16:44.517+0000] {logging_mixin.py:117} INFO - [2022-12-12T08:16:44.517+0000] {dagbag.py:525} INFO - Filling up the DagBag from /opt/airflow/dags/functions/data.py
[2022-12-12T08:16:45.229+0000] {processor.py:770} WARNING - No viable dags retrieved from /opt/airflow/dags/functions/data.py
[2022-12-12T08:16:45.252+0000] {processor.py:178} INFO - Processing /opt/airflow/dags/functions/data.py took 0.748 seconds
[2022-12-12T08:17:24.952+0000] {processor.py:156} INFO - Started process (PID=555) to work on /opt/airflow/dags/functions/data.py
[2022-12-12T08:17:24.955+0000] {processor.py:758} INFO - Processing file /opt/airflow/dags/functions/data.py for tasks to queue
[2022-12-12T08:17:24.957+0000] {logging_mixin.py:117} INFO - [2022-12-12T08:17:24.957+0000] {dagbag.py:525} INFO - Filling up the DagBag from /opt/airflow/dags/functions/data.py
[2022-12-12T08:17:25.496+0000] {processor.py:770} WARNING - No viable dags retrieved from /opt/airflow/dags/functions/data.py
[2022-12-12T08:17:25.518+0000] {processor.py:178} INFO - Processing /opt/airflow/dags/functions/data.py took 0.578 seconds
[2022-12-12T08:18:06.116+0000] {processor.py:156} INFO - Started process (PID=590) to work on /opt/airflow/dags/functions/data.py
[2022-12-12T08:18:06.118+0000] {processor.py:758} INFO - Processing file /opt/airflow/dags/functions/data.py for tasks to queue
[2022-12-12T08:18:06.120+0000] {logging_mixin.py:117} INFO - [2022-12-12T08:18:06.119+0000] {dagbag.py:525} INFO - Filling up the DagBag from /opt/airflow/dags/functions/data.py
[2022-12-12T08:18:06.763+0000] {processor.py:770} WARNING - No viable dags retrieved from /opt/airflow/dags/functions/data.py
[2022-12-12T08:18:06.779+0000] {processor.py:178} INFO - Processing /opt/airflow/dags/functions/data.py took 0.671 seconds
[2022-12-12T09:47:15.113+0000] {processor.py:156} INFO - Started process (PID=72) to work on /opt/airflow/dags/functions/data.py
[2022-12-12T09:47:15.124+0000] {processor.py:758} INFO - Processing file /opt/airflow/dags/functions/data.py for tasks to queue
[2022-12-12T09:47:15.126+0000] {logging_mixin.py:117} INFO - [2022-12-12T09:47:15.126+0000] {dagbag.py:525} INFO - Filling up the DagBag from /opt/airflow/dags/functions/data.py
[2022-12-12T09:47:15.694+0000] {processor.py:770} WARNING - No viable dags retrieved from /opt/airflow/dags/functions/data.py
[2022-12-12T09:47:15.715+0000] {processor.py:178} INFO - Processing /opt/airflow/dags/functions/data.py took 0.608 seconds
[2022-12-12T09:47:55.777+0000] {processor.py:156} INFO - Started process (PID=96) to work on /opt/airflow/dags/functions/data.py
[2022-12-12T09:47:55.779+0000] {processor.py:758} INFO - Processing file /opt/airflow/dags/functions/data.py for tasks to queue
[2022-12-12T09:47:55.781+0000] {logging_mixin.py:117} INFO - [2022-12-12T09:47:55.781+0000] {dagbag.py:525} INFO - Filling up the DagBag from /opt/airflow/dags/functions/data.py
[2022-12-12T09:47:57.671+0000] {logging_mixin.py:117} INFO - [2022-12-12T09:47:57.671+0000] {process_utils.py:256} INFO - Waiting up to 5 seconds for processes to exit...
[2022-12-12T10:00:39.802+0000] {processor.py:156} INFO - Started process (PID=112) to work on /opt/airflow/dags/functions/data.py
[2022-12-12T10:00:39.803+0000] {processor.py:758} INFO - Processing file /opt/airflow/dags/functions/data.py for tasks to queue
[2022-12-12T10:00:39.809+0000] {logging_mixin.py:117} INFO - [2022-12-12T10:00:39.808+0000] {dagbag.py:525} INFO - Filling up the DagBag from /opt/airflow/dags/functions/data.py
[2022-12-12T10:00:40.305+0000] {processor.py:770} WARNING - No viable dags retrieved from /opt/airflow/dags/functions/data.py
[2022-12-12T10:00:40.322+0000] {processor.py:178} INFO - Processing /opt/airflow/dags/functions/data.py took 0.523 seconds
[2022-12-12T10:01:19.295+0000] {processor.py:156} INFO - Started process (PID=156) to work on /opt/airflow/dags/functions/data.py
[2022-12-12T10:01:19.296+0000] {processor.py:758} INFO - Processing file /opt/airflow/dags/functions/data.py for tasks to queue
[2022-12-12T10:01:19.297+0000] {logging_mixin.py:117} INFO - [2022-12-12T10:01:19.297+0000] {dagbag.py:525} INFO - Filling up the DagBag from /opt/airflow/dags/functions/data.py
[2022-12-12T10:01:19.790+0000] {processor.py:770} WARNING - No viable dags retrieved from /opt/airflow/dags/functions/data.py
[2022-12-12T10:01:19.806+0000] {processor.py:178} INFO - Processing /opt/airflow/dags/functions/data.py took 0.515 seconds
[2022-12-12T10:01:49.960+0000] {processor.py:156} INFO - Started process (PID=180) to work on /opt/airflow/dags/functions/data.py
[2022-12-12T10:01:49.961+0000] {processor.py:758} INFO - Processing file /opt/airflow/dags/functions/data.py for tasks to queue
[2022-12-12T10:01:49.962+0000] {logging_mixin.py:117} INFO - [2022-12-12T10:01:49.962+0000] {dagbag.py:525} INFO - Filling up the DagBag from /opt/airflow/dags/functions/data.py
[2022-12-12T10:01:50.446+0000] {processor.py:770} WARNING - No viable dags retrieved from /opt/airflow/dags/functions/data.py
[2022-12-12T10:01:50.461+0000] {processor.py:178} INFO - Processing /opt/airflow/dags/functions/data.py took 0.505 seconds
[2022-12-12T10:02:20.771+0000] {processor.py:156} INFO - Started process (PID=244) to work on /opt/airflow/dags/functions/data.py
[2022-12-12T10:02:20.781+0000] {processor.py:758} INFO - Processing file /opt/airflow/dags/functions/data.py for tasks to queue
[2022-12-12T10:02:20.782+0000] {logging_mixin.py:117} INFO - [2022-12-12T10:02:20.782+0000] {dagbag.py:525} INFO - Filling up the DagBag from /opt/airflow/dags/functions/data.py
[2022-12-12T10:02:21.219+0000] {processor.py:770} WARNING - No viable dags retrieved from /opt/airflow/dags/functions/data.py
[2022-12-12T10:02:21.232+0000] {processor.py:178} INFO - Processing /opt/airflow/dags/functions/data.py took 0.464 seconds
[2022-12-12T10:02:51.987+0000] {processor.py:156} INFO - Started process (PID=309) to work on /opt/airflow/dags/functions/data.py
[2022-12-12T10:02:51.997+0000] {processor.py:758} INFO - Processing file /opt/airflow/dags/functions/data.py for tasks to queue
[2022-12-12T10:02:51.998+0000] {logging_mixin.py:117} INFO - [2022-12-12T10:02:51.997+0000] {dagbag.py:525} INFO - Filling up the DagBag from /opt/airflow/dags/functions/data.py
[2022-12-12T10:02:52.434+0000] {processor.py:770} WARNING - No viable dags retrieved from /opt/airflow/dags/functions/data.py
[2022-12-12T10:02:52.448+0000] {processor.py:178} INFO - Processing /opt/airflow/dags/functions/data.py took 0.465 seconds
[2022-12-12T10:03:23.061+0000] {processor.py:156} INFO - Started process (PID=374) to work on /opt/airflow/dags/functions/data.py
[2022-12-12T10:03:23.071+0000] {processor.py:758} INFO - Processing file /opt/airflow/dags/functions/data.py for tasks to queue
[2022-12-12T10:03:23.072+0000] {logging_mixin.py:117} INFO - [2022-12-12T10:03:23.072+0000] {dagbag.py:525} INFO - Filling up the DagBag from /opt/airflow/dags/functions/data.py
[2022-12-12T10:03:23.553+0000] {processor.py:770} WARNING - No viable dags retrieved from /opt/airflow/dags/functions/data.py
[2022-12-12T10:03:23.565+0000] {processor.py:178} INFO - Processing /opt/airflow/dags/functions/data.py took 0.508 seconds
[2022-12-12T10:04:01.229+0000] {processor.py:156} INFO - Started process (PID=418) to work on /opt/airflow/dags/functions/data.py
[2022-12-12T10:04:01.230+0000] {processor.py:758} INFO - Processing file /opt/airflow/dags/functions/data.py for tasks to queue
[2022-12-12T10:04:01.231+0000] {logging_mixin.py:117} INFO - [2022-12-12T10:04:01.230+0000] {dagbag.py:525} INFO - Filling up the DagBag from /opt/airflow/dags/functions/data.py
[2022-12-12T10:04:01.906+0000] {processor.py:770} WARNING - No viable dags retrieved from /opt/airflow/dags/functions/data.py
[2022-12-12T10:04:01.926+0000] {processor.py:178} INFO - Processing /opt/airflow/dags/functions/data.py took 0.702 seconds
[2022-12-12T10:04:42.870+0000] {processor.py:156} INFO - Started process (PID=483) to work on /opt/airflow/dags/functions/data.py
[2022-12-12T10:04:42.871+0000] {processor.py:758} INFO - Processing file /opt/airflow/dags/functions/data.py for tasks to queue
[2022-12-12T10:04:42.872+0000] {logging_mixin.py:117} INFO - [2022-12-12T10:04:42.872+0000] {dagbag.py:525} INFO - Filling up the DagBag from /opt/airflow/dags/functions/data.py
[2022-12-12T10:04:43.647+0000] {processor.py:770} WARNING - No viable dags retrieved from /opt/airflow/dags/functions/data.py
[2022-12-12T10:04:43.680+0000] {processor.py:178} INFO - Processing /opt/airflow/dags/functions/data.py took 0.813 seconds
[2022-12-12T10:05:24.708+0000] {processor.py:156} INFO - Started process (PID=550) to work on /opt/airflow/dags/functions/data.py
[2022-12-12T10:05:24.709+0000] {processor.py:758} INFO - Processing file /opt/airflow/dags/functions/data.py for tasks to queue
[2022-12-12T10:05:24.710+0000] {logging_mixin.py:117} INFO - [2022-12-12T10:05:24.710+0000] {dagbag.py:525} INFO - Filling up the DagBag from /opt/airflow/dags/functions/data.py
[2022-12-12T10:05:25.269+0000] {processor.py:770} WARNING - No viable dags retrieved from /opt/airflow/dags/functions/data.py
[2022-12-12T10:05:25.286+0000] {processor.py:178} INFO - Processing /opt/airflow/dags/functions/data.py took 0.582 seconds
