[2022-12-27T06:00:01.381+0000] {taskinstance.py:1165} INFO - Dependencies all met for <TaskInstance: bertopic_autopik_airflow.clear_bento scheduled__2022-12-27T04:00:00+00:00 [queued]>
[2022-12-27T06:00:01.395+0000] {taskinstance.py:1165} INFO - Dependencies all met for <TaskInstance: bertopic_autopik_airflow.clear_bento scheduled__2022-12-27T04:00:00+00:00 [queued]>
[2022-12-27T06:00:01.395+0000] {taskinstance.py:1362} INFO - 
--------------------------------------------------------------------------------
[2022-12-27T06:00:01.396+0000] {taskinstance.py:1363} INFO - Starting attempt 1 of 1
[2022-12-27T06:00:01.396+0000] {taskinstance.py:1364} INFO - 
--------------------------------------------------------------------------------
[2022-12-27T06:00:01.414+0000] {taskinstance.py:1383} INFO - Executing <Task(BashOperator): clear_bento> on 2022-12-27 04:00:00+00:00
[2022-12-27T06:00:01.421+0000] {standard_task_runner.py:54} INFO - Started process 273 to run task
[2022-12-27T06:00:01.425+0000] {standard_task_runner.py:82} INFO - Running: ['***', 'tasks', 'run', 'bertopic_autopik_***', 'clear_bento', 'scheduled__2022-12-27T04:00:00+00:00', '--job-id', '7', '--raw', '--subdir', 'DAGS_FOLDER/bertopic_autopik_***.py', '--cfg-path', '/tmp/tmp34jo30il']
[2022-12-27T06:00:01.426+0000] {standard_task_runner.py:83} INFO - Job 7: Subtask clear_bento
[2022-12-27T06:00:01.427+0000] {dagbag.py:525} INFO - Filling up the DagBag from /opt/***/dags/bertopic_autopik_***.py
[2022-12-27T06:00:12.481+0000] {warnings.py:109} WARNING - /home/***/.local/lib/python3.8/site-packages/***/configuration.py:545: DeprecationWarning: The sql_alchemy_conn option in [core] has been moved to the sql_alchemy_conn option in [database] - the old setting has been used, but please update your config.
  option = self._get_environment_variables(deprecated_key, deprecated_section, key, section)

[2022-12-27T06:00:12.601+0000] {task_command.py:384} INFO - Running <TaskInstance: bertopic_autopik_airflow.clear_bento scheduled__2022-12-27T04:00:00+00:00 [running]> on host c4e9f2234c2b
[2022-12-27T06:00:12.712+0000] {taskinstance.py:1590} INFO - Exporting the following env vars:
AIRFLOW_CTX_DAG_EMAIL=hojun.seo@pikurate.com
AIRFLOW_CTX_DAG_OWNER=***
AIRFLOW_CTX_DAG_ID=bertopic_autopik_***
AIRFLOW_CTX_TASK_ID=clear_bento
AIRFLOW_CTX_EXECUTION_DATE=2022-12-27T04:00:00+00:00
AIRFLOW_CTX_TRY_NUMBER=1
AIRFLOW_CTX_DAG_RUN_ID=scheduled__2022-12-27T04:00:00+00:00
[2022-12-27T06:00:12.713+0000] {subprocess.py:63} INFO - Tmp dir root location: 
 /tmp
[2022-12-27T06:00:12.713+0000] {subprocess.py:75} INFO - Running command: ['/bin/bash', '-c', ' \n                bentoml delete bertopic_autopik_bento --yes; bentoml models delete bertopic_autopik_model --yes; echo "Job continued"  \n            ']
[2022-12-27T06:00:12.741+0000] {subprocess.py:86} INFO - Output:
[2022-12-27T06:00:14.453+0000] {subprocess.py:93} INFO - Error: [bentoml-cli] `delete` failed: no Bentos with name 'bertopic_autopik_bento' found
[2022-12-27T06:00:15.759+0000] {subprocess.py:93} INFO - Model(tag="bertopic_autopik_model:bqfdvqufvkeqkasc") deleted.
[2022-12-27T06:00:16.090+0000] {subprocess.py:93} INFO - Job continued
[2022-12-27T06:00:16.091+0000] {subprocess.py:97} INFO - Command exited with return code 0
[2022-12-27T06:00:16.129+0000] {taskinstance.py:1401} INFO - Marking task as SUCCESS. dag_id=bertopic_autopik_***, task_id=clear_bento, execution_date=20221227T040000, start_date=20221227T060001, end_date=20221227T060016
[2022-12-27T06:00:16.584+0000] {local_task_job.py:164} INFO - Task exited with return code 0
[2022-12-27T06:00:16.634+0000] {local_task_job.py:273} INFO - 1 downstream tasks scheduled from follow-on schedule check
