[2022-12-26T07:59:38.111+0000] {taskinstance.py:1165} INFO - Dependencies all met for <TaskInstance: bertopic_autopik_airflow.save_processed_data manual__2022-12-26T07:58:28.966756+00:00 [queued]>
[2022-12-26T07:59:38.140+0000] {taskinstance.py:1165} INFO - Dependencies all met for <TaskInstance: bertopic_autopik_airflow.save_processed_data manual__2022-12-26T07:58:28.966756+00:00 [queued]>
[2022-12-26T07:59:38.141+0000] {taskinstance.py:1362} INFO - 
--------------------------------------------------------------------------------
[2022-12-26T07:59:38.141+0000] {taskinstance.py:1363} INFO - Starting attempt 1 of 1
[2022-12-26T07:59:38.141+0000] {taskinstance.py:1364} INFO - 
--------------------------------------------------------------------------------
[2022-12-26T07:59:38.184+0000] {taskinstance.py:1383} INFO - Executing <Task(PythonOperator): save_processed_data> on 2022-12-26 07:58:28.966756+00:00
[2022-12-26T07:59:38.194+0000] {standard_task_runner.py:54} INFO - Started process 395 to run task
[2022-12-26T07:59:38.198+0000] {standard_task_runner.py:82} INFO - Running: ['***', 'tasks', 'run', 'bertopic_autopik_***', 'save_processed_data', 'manual__2022-12-26T07:58:28.966756+00:00', '--job-id', '14', '--raw', '--subdir', 'DAGS_FOLDER/bertopic_autopik_***.py', '--cfg-path', '/tmp/tmpwf21_ogl']
[2022-12-26T07:59:38.199+0000] {standard_task_runner.py:83} INFO - Job 14: Subtask save_processed_data
[2022-12-26T07:59:38.201+0000] {dagbag.py:525} INFO - Filling up the DagBag from /opt/***/dags/bertopic_autopik_***.py
[2022-12-26T07:59:50.422+0000] {warnings.py:109} WARNING - /home/***/.local/lib/python3.8/site-packages/***/configuration.py:545: DeprecationWarning: The sql_alchemy_conn option in [core] has been moved to the sql_alchemy_conn option in [database] - the old setting has been used, but please update your config.
  option = self._get_environment_variables(deprecated_key, deprecated_section, key, section)

[2022-12-26T07:59:50.483+0000] {task_command.py:384} INFO - Running <TaskInstance: bertopic_autopik_airflow.save_processed_data manual__2022-12-26T07:58:28.966756+00:00 [running]> on host c4b524c24ec1
[2022-12-26T07:59:50.566+0000] {taskinstance.py:1590} INFO - Exporting the following env vars:
AIRFLOW_CTX_DAG_EMAIL=hojun.seo@pikurate.com
AIRFLOW_CTX_DAG_OWNER=***
AIRFLOW_CTX_DAG_ID=bertopic_autopik_***
AIRFLOW_CTX_TASK_ID=save_processed_data
AIRFLOW_CTX_EXECUTION_DATE=2022-12-26T07:58:28.966756+00:00
AIRFLOW_CTX_TRY_NUMBER=1
AIRFLOW_CTX_DAG_RUN_ID=manual__2022-12-26T07:58:28.966756+00:00
[2022-12-26T07:59:54.573+0000] {warnings.py:109} WARNING - /opt/***/dags/functions/data.py:123: DtypeWarning: Columns (0,1,2,3,4,5,6,7,8,9,10,11,13,14,15,16,17,18,19,20,21,22,23,24,26,27,28) have mixed types. Specify dtype option on import or set low_memory=False.
  data = pd.read_csv(df)

[2022-12-26T07:59:58.894+0000] {logging_mixin.py:117} INFO - processed_data shape is:  (104929, 29)
[2022-12-26T07:59:58.938+0000] {python.py:177} INFO - Done. Returned value was: None
[2022-12-26T07:59:58.952+0000] {taskinstance.py:1401} INFO - Marking task as SUCCESS. dag_id=bertopic_autopik_***, task_id=save_processed_data, execution_date=20221226T075828, start_date=20221226T075938, end_date=20221226T075958
[2022-12-26T07:59:59.523+0000] {local_task_job.py:164} INFO - Task exited with return code 0
[2022-12-26T07:59:59.613+0000] {local_task_job.py:273} INFO - 1 downstream tasks scheduled from follow-on schedule check
