[2022-12-27T07:50:24.829+0000] {taskinstance.py:1165} INFO - Dependencies all met for <TaskInstance: bertopic_autopik_airflow.train_bertopic manual__2022-12-27T07:49:04.652259+00:00 [queued]>
[2022-12-27T07:50:24.867+0000] {taskinstance.py:1165} INFO - Dependencies all met for <TaskInstance: bertopic_autopik_airflow.train_bertopic manual__2022-12-27T07:49:04.652259+00:00 [queued]>
[2022-12-27T07:50:24.867+0000] {taskinstance.py:1362} INFO - 
--------------------------------------------------------------------------------
[2022-12-27T07:50:24.868+0000] {taskinstance.py:1363} INFO - Starting attempt 1 of 1
[2022-12-27T07:50:24.868+0000] {taskinstance.py:1364} INFO - 
--------------------------------------------------------------------------------
[2022-12-27T07:50:24.922+0000] {taskinstance.py:1383} INFO - Executing <Task(PythonOperator): train_bertopic> on 2022-12-27 07:49:04.652259+00:00
[2022-12-27T07:50:24.939+0000] {standard_task_runner.py:54} INFO - Started process 1295 to run task
[2022-12-27T07:50:24.948+0000] {standard_task_runner.py:82} INFO - Running: ['***', 'tasks', 'run', 'bertopic_autopik_***', 'train_bertopic', 'manual__2022-12-27T07:49:04.652259+00:00', '--job-id', '32', '--raw', '--subdir', 'DAGS_FOLDER/bertopic_autopik_***.py', '--cfg-path', '/tmp/tmpo19l2z0v']
[2022-12-27T07:50:24.950+0000] {standard_task_runner.py:83} INFO - Job 32: Subtask train_bertopic
[2022-12-27T07:50:24.953+0000] {dagbag.py:525} INFO - Filling up the DagBag from /opt/***/dags/bertopic_autopik_***.py
[2022-12-27T07:50:36.791+0000] {warnings.py:109} WARNING - /home/***/.local/lib/python3.8/site-packages/***/configuration.py:545: DeprecationWarning: The sql_alchemy_conn option in [core] has been moved to the sql_alchemy_conn option in [database] - the old setting has been used, but please update your config.
  option = self._get_environment_variables(deprecated_key, deprecated_section, key, section)

[2022-12-27T07:50:36.875+0000] {task_command.py:384} INFO - Running <TaskInstance: bertopic_autopik_airflow.train_bertopic manual__2022-12-27T07:49:04.652259+00:00 [running]> on host c4e9f2234c2b
[2022-12-27T07:50:36.992+0000] {taskinstance.py:1590} INFO - Exporting the following env vars:
AIRFLOW_CTX_DAG_EMAIL=hojun.seo@pikurate.com
AIRFLOW_CTX_DAG_OWNER=***
AIRFLOW_CTX_DAG_ID=bertopic_autopik_***
AIRFLOW_CTX_TASK_ID=train_bertopic
AIRFLOW_CTX_EXECUTION_DATE=2022-12-27T07:49:04.652259+00:00
AIRFLOW_CTX_TRY_NUMBER=1
AIRFLOW_CTX_DAG_RUN_ID=manual__2022-12-27T07:49:04.652259+00:00
[2022-12-27T07:50:40.665+0000] {SentenceTransformer.py:66} INFO - Load pretrained SentenceTransformer: paraphrase-multilingual-MiniLM-L12-v2
[2022-12-27T07:50:43.884+0000] {SentenceTransformer.py:105} INFO - Use pytorch device: cuda
[2022-12-27T07:55:50.259+0000] {logging_mixin.py:117} INFO - the BERTopic took 309.6591589450836 seconds
[2022-12-27T07:56:24.602+0000] {warnings.py:109} WARNING - /home/***/.local/lib/python3.8/site-packages/scipy/sparse/_index.py:146: SparseEfficiencyWarning: Changing the sparsity structure of a csr_matrix is expensive. lil_matrix is more efficient.
  self._set_arrayXarray(i, j, x)

[2022-12-27T07:56:35.356+0000] {picklable.py:126} INFO - Using the default model signature for pickable model ({'__call__': ModelSignature(batchable=False, batch_dim=(0, 0), input_spec=None, output_spec=None)}) for model "bertopic_autopik_model".
[2022-12-27T07:56:40.644+0000] {model.py:207} INFO - Successfully saved Model(tag="bertopic_autopik_model:7qqsowefxoz3gasc")
[2022-12-27T07:56:41.232+0000] {logging_mixin.py:117} INFO - Model saved: Model(tag="bertopic_autopik_model:7qqsowefxoz3gasc")
[2022-12-27T07:56:41.556+0000] {python.py:177} INFO - Done. Returned value was: None
[2022-12-27T07:56:41.570+0000] {taskinstance.py:1401} INFO - Marking task as SUCCESS. dag_id=bertopic_autopik_***, task_id=train_bertopic, execution_date=20221227T074904, start_date=20221227T075024, end_date=20221227T075641
[2022-12-27T07:56:42.960+0000] {local_task_job.py:164} INFO - Task exited with return code 0
[2022-12-27T07:56:43.015+0000] {local_task_job.py:273} INFO - 0 downstream tasks scheduled from follow-on schedule check
