[2022-12-27T06:36:13.357+0000] {taskinstance.py:1165} INFO - Dependencies all met for <TaskInstance: bertopic_autopik_airflow.clear_bento manual__2022-12-27T06:36:12.225023+00:00 [queued]>
[2022-12-27T06:36:13.379+0000] {taskinstance.py:1165} INFO - Dependencies all met for <TaskInstance: bertopic_autopik_airflow.clear_bento manual__2022-12-27T06:36:12.225023+00:00 [queued]>
[2022-12-27T06:36:13.380+0000] {taskinstance.py:1362} INFO - 
--------------------------------------------------------------------------------
[2022-12-27T06:36:13.380+0000] {taskinstance.py:1363} INFO - Starting attempt 1 of 1
[2022-12-27T06:36:13.380+0000] {taskinstance.py:1364} INFO - 
--------------------------------------------------------------------------------
[2022-12-27T06:36:13.420+0000] {taskinstance.py:1383} INFO - Executing <Task(BashOperator): clear_bento> on 2022-12-27 06:36:12.225023+00:00
[2022-12-27T06:36:13.433+0000] {standard_task_runner.py:54} INFO - Started process 681 to run task
[2022-12-27T06:36:13.437+0000] {standard_task_runner.py:82} INFO - Running: ['***', 'tasks', 'run', 'bertopic_autopik_***', 'clear_bento', 'manual__2022-12-27T06:36:12.225023+00:00', '--job-id', '17', '--raw', '--subdir', 'DAGS_FOLDER/bertopic_autopik_***.py', '--cfg-path', '/tmp/tmp0uj7rssi']
[2022-12-27T06:36:13.438+0000] {standard_task_runner.py:83} INFO - Job 17: Subtask clear_bento
[2022-12-27T06:36:13.439+0000] {dagbag.py:525} INFO - Filling up the DagBag from /opt/***/dags/bertopic_autopik_***.py
[2022-12-27T06:36:27.045+0000] {warnings.py:109} WARNING - /home/***/.local/lib/python3.8/site-packages/***/configuration.py:545: DeprecationWarning: The sql_alchemy_conn option in [core] has been moved to the sql_alchemy_conn option in [database] - the old setting has been used, but please update your config.
  option = self._get_environment_variables(deprecated_key, deprecated_section, key, section)

[2022-12-27T06:36:27.107+0000] {task_command.py:384} INFO - Running <TaskInstance: bertopic_autopik_airflow.clear_bento manual__2022-12-27T06:36:12.225023+00:00 [running]> on host c4e9f2234c2b
[2022-12-27T06:36:27.189+0000] {taskinstance.py:1590} INFO - Exporting the following env vars:
AIRFLOW_CTX_DAG_EMAIL=hojun.seo@pikurate.com
AIRFLOW_CTX_DAG_OWNER=***
AIRFLOW_CTX_DAG_ID=bertopic_autopik_***
AIRFLOW_CTX_TASK_ID=clear_bento
AIRFLOW_CTX_EXECUTION_DATE=2022-12-27T06:36:12.225023+00:00
AIRFLOW_CTX_TRY_NUMBER=1
AIRFLOW_CTX_DAG_RUN_ID=manual__2022-12-27T06:36:12.225023+00:00
[2022-12-27T06:36:27.190+0000] {subprocess.py:63} INFO - Tmp dir root location: 
 /tmp
[2022-12-27T06:36:27.190+0000] {subprocess.py:75} INFO - Running command: ['/bin/bash', '-c', ' \n                bentoml delete bertopic_autopik_bento --yes; bentoml models delete bertopic_autopik_model --yes; echo "Job continued"  \n            ']
[2022-12-27T06:36:27.226+0000] {subprocess.py:86} INFO - Output:
[2022-12-27T06:36:28.908+0000] {subprocess.py:93} INFO - Error: [bentoml-cli] `delete` failed: no Bentos with name 'bertopic_autopik_bento' found
[2022-12-27T06:36:30.337+0000] {subprocess.py:93} INFO - Model(tag="bertopic_autopik_model:yqu3roefv2d4wasc") deleted.
[2022-12-27T06:36:30.854+0000] {subprocess.py:93} INFO - Job continued
[2022-12-27T06:36:30.854+0000] {subprocess.py:97} INFO - Command exited with return code 0
[2022-12-27T06:36:30.884+0000] {taskinstance.py:1401} INFO - Marking task as SUCCESS. dag_id=bertopic_autopik_***, task_id=clear_bento, execution_date=20221227T063612, start_date=20221227T063613, end_date=20221227T063630
[2022-12-27T06:36:31.339+0000] {local_task_job.py:164} INFO - Task exited with return code 0
[2022-12-27T06:36:31.386+0000] {local_task_job.py:273} INFO - 1 downstream tasks scheduled from follow-on schedule check
