[2022-12-27T06:15:57.618+0000] {taskinstance.py:1165} INFO - Dependencies all met for <TaskInstance: bertopic_autopik_airflow.train_bertopic manual__2022-12-27T06:14:35.251813+00:00 [queued]>
[2022-12-27T06:15:57.632+0000] {taskinstance.py:1165} INFO - Dependencies all met for <TaskInstance: bertopic_autopik_airflow.train_bertopic manual__2022-12-27T06:14:35.251813+00:00 [queued]>
[2022-12-27T06:15:57.633+0000] {taskinstance.py:1362} INFO - 
--------------------------------------------------------------------------------
[2022-12-27T06:15:57.633+0000] {taskinstance.py:1363} INFO - Starting attempt 1 of 1
[2022-12-27T06:15:57.633+0000] {taskinstance.py:1364} INFO - 
--------------------------------------------------------------------------------
[2022-12-27T06:15:57.650+0000] {taskinstance.py:1383} INFO - Executing <Task(PythonOperator): train_bertopic> on 2022-12-27 06:14:35.251813+00:00
[2022-12-27T06:15:57.658+0000] {standard_task_runner.py:54} INFO - Started process 548 to run task
[2022-12-27T06:15:57.662+0000] {standard_task_runner.py:82} INFO - Running: ['***', 'tasks', 'run', 'bertopic_autopik_***', 'train_bertopic', 'manual__2022-12-27T06:14:35.251813+00:00', '--job-id', '15', '--raw', '--subdir', 'DAGS_FOLDER/bertopic_autopik_***.py', '--cfg-path', '/tmp/tmpzr23sls9']
[2022-12-27T06:15:57.662+0000] {standard_task_runner.py:83} INFO - Job 15: Subtask train_bertopic
[2022-12-27T06:15:57.663+0000] {dagbag.py:525} INFO - Filling up the DagBag from /opt/***/dags/bertopic_autopik_***.py
[2022-12-27T06:16:09.743+0000] {warnings.py:109} WARNING - /home/***/.local/lib/python3.8/site-packages/***/configuration.py:545: DeprecationWarning: The sql_alchemy_conn option in [core] has been moved to the sql_alchemy_conn option in [database] - the old setting has been used, but please update your config.
  option = self._get_environment_variables(deprecated_key, deprecated_section, key, section)

[2022-12-27T06:16:09.825+0000] {task_command.py:384} INFO - Running <TaskInstance: bertopic_autopik_airflow.train_bertopic manual__2022-12-27T06:14:35.251813+00:00 [running]> on host c4e9f2234c2b
[2022-12-27T06:16:09.944+0000] {taskinstance.py:1590} INFO - Exporting the following env vars:
AIRFLOW_CTX_DAG_EMAIL=hojun.seo@pikurate.com
AIRFLOW_CTX_DAG_OWNER=***
AIRFLOW_CTX_DAG_ID=bertopic_autopik_***
AIRFLOW_CTX_TASK_ID=train_bertopic
AIRFLOW_CTX_EXECUTION_DATE=2022-12-27T06:14:35.251813+00:00
AIRFLOW_CTX_TRY_NUMBER=1
AIRFLOW_CTX_DAG_RUN_ID=manual__2022-12-27T06:14:35.251813+00:00
[2022-12-27T06:16:13.801+0000] {SentenceTransformer.py:66} INFO - Load pretrained SentenceTransformer: paraphrase-multilingual-MiniLM-L12-v2
[2022-12-27T06:16:16.679+0000] {SentenceTransformer.py:105} INFO - Use pytorch device: cuda
[2022-12-27T06:21:18.302+0000] {logging_mixin.py:117} INFO - the BERTopic took 304.5710780620575 seconds
[2022-12-27T06:21:48.165+0000] {warnings.py:109} WARNING - /home/***/.local/lib/python3.8/site-packages/scipy/sparse/_index.py:146: SparseEfficiencyWarning: Changing the sparsity structure of a csr_matrix is expensive. lil_matrix is more efficient.
  self._set_arrayXarray(i, j, x)

[2022-12-27T06:21:58.001+0000] {picklable.py:126} INFO - Using the default model signature for pickable model ({'__call__': ModelSignature(batchable=False, batch_dim=(0, 0), input_spec=None, output_spec=None)}) for model "bertopic_autopik_model".
[2022-12-27T06:22:03.199+0000] {model.py:207} INFO - Successfully saved Model(tag="bertopic_autopik_model:yqu3roefv2d4wasc")
[2022-12-27T06:22:03.821+0000] {logging_mixin.py:117} INFO - Model saved: Model(tag="bertopic_autopik_model:yqu3roefv2d4wasc")
[2022-12-27T06:22:04.385+0000] {python.py:177} INFO - Done. Returned value was: None
[2022-12-27T06:22:04.419+0000] {taskinstance.py:1401} INFO - Marking task as SUCCESS. dag_id=bertopic_autopik_***, task_id=train_bertopic, execution_date=20221227T061435, start_date=20221227T061557, end_date=20221227T062204
[2022-12-27T06:22:05.753+0000] {local_task_job.py:164} INFO - Task exited with return code 0
[2022-12-27T06:22:05.825+0000] {local_task_job.py:273} INFO - 0 downstream tasks scheduled from follow-on schedule check
