[2022-12-28T01:26:21.586+0000] {taskinstance.py:1165} INFO - Dependencies all met for <TaskInstance: bertopic_autopik_airflow.raw_data_preprocess manual__2022-12-28T01:26:02.391997+00:00 [queued]>
[2022-12-28T01:26:21.600+0000] {taskinstance.py:1165} INFO - Dependencies all met for <TaskInstance: bertopic_autopik_airflow.raw_data_preprocess manual__2022-12-28T01:26:02.391997+00:00 [queued]>
[2022-12-28T01:26:21.601+0000] {taskinstance.py:1362} INFO - 
--------------------------------------------------------------------------------
[2022-12-28T01:26:21.601+0000] {taskinstance.py:1363} INFO - Starting attempt 1 of 1
[2022-12-28T01:26:21.601+0000] {taskinstance.py:1364} INFO - 
--------------------------------------------------------------------------------
[2022-12-28T01:26:21.620+0000] {taskinstance.py:1383} INFO - Executing <Task(PythonOperator): raw_data_preprocess> on 2022-12-28 01:26:02.391997+00:00
[2022-12-28T01:26:21.626+0000] {standard_task_runner.py:54} INFO - Started process 393 to run task
[2022-12-28T01:26:21.630+0000] {standard_task_runner.py:82} INFO - Running: ['***', 'tasks', 'run', 'bertopic_autopik_***', 'raw_data_preprocess', 'manual__2022-12-28T01:26:02.391997+00:00', '--job-id', '10', '--raw', '--subdir', 'DAGS_FOLDER/bertopic_autopik_***.py', '--cfg-path', '/tmp/tmp6vfgtcur']
[2022-12-28T01:26:21.631+0000] {standard_task_runner.py:83} INFO - Job 10: Subtask raw_data_preprocess
[2022-12-28T01:26:21.631+0000] {dagbag.py:525} INFO - Filling up the DagBag from /opt/***/dags/bertopic_autopik_***.py
[2022-12-28T01:26:33.389+0000] {warnings.py:109} WARNING - /home/***/.local/lib/python3.8/site-packages/***/configuration.py:545: DeprecationWarning: The sql_alchemy_conn option in [core] has been moved to the sql_alchemy_conn option in [database] - the old setting has been used, but please update your config.
  option = self._get_environment_variables(deprecated_key, deprecated_section, key, section)

[2022-12-28T01:26:33.443+0000] {task_command.py:384} INFO - Running <TaskInstance: bertopic_autopik_airflow.raw_data_preprocess manual__2022-12-28T01:26:02.391997+00:00 [running]> on host 55bf7dd50294
[2022-12-28T01:26:33.517+0000] {taskinstance.py:1590} INFO - Exporting the following env vars:
AIRFLOW_CTX_DAG_EMAIL=hojun.seo@pikurate.com
AIRFLOW_CTX_DAG_OWNER=***
AIRFLOW_CTX_DAG_ID=bertopic_autopik_***
AIRFLOW_CTX_TASK_ID=raw_data_preprocess
AIRFLOW_CTX_EXECUTION_DATE=2022-12-28T01:26:02.391997+00:00
AIRFLOW_CTX_TRY_NUMBER=1
AIRFLOW_CTX_DAG_RUN_ID=manual__2022-12-28T01:26:02.391997+00:00
[2022-12-28T01:26:40.502+0000] {warnings.py:109} WARNING - /opt/***/dags/functions/data.py:212: DtypeWarning: Columns (0,9,10,11,12,14,15,20) have mixed types. Specify dtype option on import or set low_memory=False.
  link = pd.read_csv(open(f'{path}/link.csv','rU'), encoding='utf-8', engine='c')

[2022-12-28T01:27:03.091+0000] {python.py:177} INFO - Done. Returned value was: None
[2022-12-28T01:27:03.105+0000] {taskinstance.py:1401} INFO - Marking task as SUCCESS. dag_id=bertopic_autopik_***, task_id=raw_data_preprocess, execution_date=20221228T012602, start_date=20221228T012621, end_date=20221228T012703
[2022-12-28T01:27:03.606+0000] {local_task_job.py:164} INFO - Task exited with return code 0
[2022-12-28T01:27:03.653+0000] {local_task_job.py:273} INFO - 1 downstream tasks scheduled from follow-on schedule check
