[2022-12-27T08:07:36.532+0000] {taskinstance.py:1165} INFO - Dependencies all met for <TaskInstance: bertopic_autopik_airflow.train_vectorizers scheduled__2022-12-27T06:00:00+00:00 [queued]>
[2022-12-27T08:07:36.567+0000] {taskinstance.py:1165} INFO - Dependencies all met for <TaskInstance: bertopic_autopik_airflow.train_vectorizers scheduled__2022-12-27T06:00:00+00:00 [queued]>
[2022-12-27T08:07:36.568+0000] {taskinstance.py:1362} INFO - 
--------------------------------------------------------------------------------
[2022-12-27T08:07:36.568+0000] {taskinstance.py:1363} INFO - Starting attempt 1 of 1
[2022-12-27T08:07:36.569+0000] {taskinstance.py:1364} INFO - 
--------------------------------------------------------------------------------
[2022-12-27T08:07:36.623+0000] {taskinstance.py:1383} INFO - Executing <Task(PythonOperator): train_vectorizers> on 2022-12-27 06:00:00+00:00
[2022-12-27T08:07:36.645+0000] {standard_task_runner.py:54} INFO - Started process 1674 to run task
[2022-12-27T08:07:36.655+0000] {standard_task_runner.py:82} INFO - Running: ['***', 'tasks', 'run', 'bertopic_autopik_***', 'train_vectorizers', 'scheduled__2022-12-27T06:00:00+00:00', '--job-id', '39', '--raw', '--subdir', 'DAGS_FOLDER/bertopic_autopik_***.py', '--cfg-path', '/tmp/tmpqqq7clev']
[2022-12-27T08:07:36.656+0000] {standard_task_runner.py:83} INFO - Job 39: Subtask train_vectorizers
[2022-12-27T08:07:36.659+0000] {dagbag.py:525} INFO - Filling up the DagBag from /opt/***/dags/bertopic_autopik_***.py
[2022-12-27T08:07:48.616+0000] {warnings.py:109} WARNING - /home/***/.local/lib/python3.8/site-packages/***/configuration.py:545: DeprecationWarning: The sql_alchemy_conn option in [core] has been moved to the sql_alchemy_conn option in [database] - the old setting has been used, but please update your config.
  option = self._get_environment_variables(deprecated_key, deprecated_section, key, section)

[2022-12-27T08:07:48.697+0000] {task_command.py:384} INFO - Running <TaskInstance: bertopic_autopik_airflow.train_vectorizers scheduled__2022-12-27T06:00:00+00:00 [running]> on host c4e9f2234c2b
[2022-12-27T08:07:48.794+0000] {taskinstance.py:1590} INFO - Exporting the following env vars:
AIRFLOW_CTX_DAG_EMAIL=hojun.seo@pikurate.com
AIRFLOW_CTX_DAG_OWNER=***
AIRFLOW_CTX_DAG_ID=bertopic_autopik_***
AIRFLOW_CTX_TASK_ID=train_vectorizers
AIRFLOW_CTX_EXECUTION_DATE=2022-12-27T06:00:00+00:00
AIRFLOW_CTX_TRY_NUMBER=1
AIRFLOW_CTX_DAG_RUN_ID=scheduled__2022-12-27T06:00:00+00:00
[2022-12-27T08:07:53.213+0000] {logging_mixin.py:117} INFO - It is pandas.Series type
[2022-12-27T08:07:55.229+0000] {python.py:177} INFO - Done. Returned value was: None
[2022-12-27T08:07:55.246+0000] {taskinstance.py:1401} INFO - Marking task as SUCCESS. dag_id=bertopic_autopik_***, task_id=train_vectorizers, execution_date=20221227T060000, start_date=20221227T080736, end_date=20221227T080755
[2022-12-27T08:07:55.779+0000] {local_task_job.py:164} INFO - Task exited with return code 0
[2022-12-27T08:07:55.811+0000] {local_task_job.py:273} INFO - 0 downstream tasks scheduled from follow-on schedule check
[2022-12-27T08:22:49.627+0000] {taskinstance.py:1165} INFO - Dependencies all met for <TaskInstance: bertopic_autopik_airflow.train_vectorizers scheduled__2022-12-27T06:00:00+00:00 [queued]>
[2022-12-27T08:22:49.641+0000] {taskinstance.py:1165} INFO - Dependencies all met for <TaskInstance: bertopic_autopik_airflow.train_vectorizers scheduled__2022-12-27T06:00:00+00:00 [queued]>
[2022-12-27T08:22:49.641+0000] {taskinstance.py:1362} INFO - 
--------------------------------------------------------------------------------
[2022-12-27T08:22:49.642+0000] {taskinstance.py:1363} INFO - Starting attempt 1 of 1
[2022-12-27T08:22:49.642+0000] {taskinstance.py:1364} INFO - 
--------------------------------------------------------------------------------
[2022-12-27T08:22:49.659+0000] {taskinstance.py:1383} INFO - Executing <Task(PythonOperator): train_vectorizers> on 2022-12-27 06:00:00+00:00
[2022-12-27T08:22:49.668+0000] {standard_task_runner.py:54} INFO - Started process 268 to run task
[2022-12-27T08:22:49.671+0000] {standard_task_runner.py:82} INFO - Running: ['***', 'tasks', 'run', 'bertopic_autopik_***', 'train_vectorizers', 'scheduled__2022-12-27T06:00:00+00:00', '--job-id', '6', '--raw', '--subdir', 'DAGS_FOLDER/bertopic_autopik_***.py', '--cfg-path', '/tmp/tmpg6ffx9ot']
[2022-12-27T08:22:49.672+0000] {standard_task_runner.py:83} INFO - Job 6: Subtask train_vectorizers
[2022-12-27T08:22:49.673+0000] {dagbag.py:525} INFO - Filling up the DagBag from /opt/***/dags/bertopic_autopik_***.py
[2022-12-27T08:23:01.926+0000] {warnings.py:109} WARNING - /home/***/.local/lib/python3.8/site-packages/***/configuration.py:545: DeprecationWarning: The sql_alchemy_conn option in [core] has been moved to the sql_alchemy_conn option in [database] - the old setting has been used, but please update your config.
  option = self._get_environment_variables(deprecated_key, deprecated_section, key, section)

[2022-12-27T08:23:02.004+0000] {task_command.py:384} INFO - Running <TaskInstance: bertopic_autopik_airflow.train_vectorizers scheduled__2022-12-27T06:00:00+00:00 [running]> on host 2492a182aa87
[2022-12-27T08:23:02.133+0000] {taskinstance.py:1590} INFO - Exporting the following env vars:
AIRFLOW_CTX_DAG_EMAIL=hojun.seo@pikurate.com
AIRFLOW_CTX_DAG_OWNER=***
AIRFLOW_CTX_DAG_ID=bertopic_autopik_***
AIRFLOW_CTX_TASK_ID=train_vectorizers
AIRFLOW_CTX_EXECUTION_DATE=2022-12-27T06:00:00+00:00
AIRFLOW_CTX_TRY_NUMBER=1
AIRFLOW_CTX_DAG_RUN_ID=scheduled__2022-12-27T06:00:00+00:00
[2022-12-27T08:23:06.341+0000] {logging_mixin.py:117} INFO - It is pandas.Series type
[2022-12-27T08:23:08.704+0000] {python.py:177} INFO - Done. Returned value was: None
[2022-12-27T08:23:08.731+0000] {taskinstance.py:1401} INFO - Marking task as SUCCESS. dag_id=bertopic_autopik_***, task_id=train_vectorizers, execution_date=20221227T060000, start_date=20221227T082249, end_date=20221227T082308
[2022-12-27T08:23:09.267+0000] {local_task_job.py:164} INFO - Task exited with return code 0
[2022-12-27T08:23:09.312+0000] {local_task_job.py:273} INFO - 1 downstream tasks scheduled from follow-on schedule check
[2022-12-27T09:15:39.637+0000] {taskinstance.py:1165} INFO - Dependencies all met for <TaskInstance: bertopic_autopik_airflow.train_vectorizers scheduled__2022-12-27T06:00:00+00:00 [queued]>
[2022-12-27T09:15:39.671+0000] {taskinstance.py:1165} INFO - Dependencies all met for <TaskInstance: bertopic_autopik_airflow.train_vectorizers scheduled__2022-12-27T06:00:00+00:00 [queued]>
[2022-12-27T09:15:39.671+0000] {taskinstance.py:1362} INFO - 
--------------------------------------------------------------------------------
[2022-12-27T09:15:39.671+0000] {taskinstance.py:1363} INFO - Starting attempt 1 of 1
[2022-12-27T09:15:39.671+0000] {taskinstance.py:1364} INFO - 
--------------------------------------------------------------------------------
[2022-12-27T09:15:39.698+0000] {taskinstance.py:1383} INFO - Executing <Task(PythonOperator): train_vectorizers> on 2022-12-27 06:00:00+00:00
[2022-12-27T09:15:39.708+0000] {standard_task_runner.py:54} INFO - Started process 276 to run task
[2022-12-27T09:15:39.712+0000] {standard_task_runner.py:82} INFO - Running: ['***', 'tasks', 'run', 'bertopic_autopik_***', 'train_vectorizers', 'scheduled__2022-12-27T06:00:00+00:00', '--job-id', '6', '--raw', '--subdir', 'DAGS_FOLDER/bertopic_autopik_***.py', '--cfg-path', '/tmp/tmpcdro2jss']
[2022-12-27T09:15:39.713+0000] {standard_task_runner.py:83} INFO - Job 6: Subtask train_vectorizers
[2022-12-27T09:15:39.714+0000] {dagbag.py:525} INFO - Filling up the DagBag from /opt/***/dags/bertopic_autopik_***.py
[2022-12-27T09:15:54.054+0000] {warnings.py:109} WARNING - /home/***/.local/lib/python3.8/site-packages/***/configuration.py:545: DeprecationWarning: The sql_alchemy_conn option in [core] has been moved to the sql_alchemy_conn option in [database] - the old setting has been used, but please update your config.
  option = self._get_environment_variables(deprecated_key, deprecated_section, key, section)

[2022-12-27T09:15:54.128+0000] {task_command.py:384} INFO - Running <TaskInstance: bertopic_autopik_airflow.train_vectorizers scheduled__2022-12-27T06:00:00+00:00 [running]> on host a0f3911d9707
[2022-12-27T09:15:54.221+0000] {taskinstance.py:1590} INFO - Exporting the following env vars:
AIRFLOW_CTX_DAG_EMAIL=hojun.seo@pikurate.com
AIRFLOW_CTX_DAG_OWNER=***
AIRFLOW_CTX_DAG_ID=bertopic_autopik_***
AIRFLOW_CTX_TASK_ID=train_vectorizers
AIRFLOW_CTX_EXECUTION_DATE=2022-12-27T06:00:00+00:00
AIRFLOW_CTX_TRY_NUMBER=1
AIRFLOW_CTX_DAG_RUN_ID=scheduled__2022-12-27T06:00:00+00:00
[2022-12-27T09:15:57.160+0000] {logging_mixin.py:117} INFO - It is pandas.Series type
[2022-12-27T09:15:58.829+0000] {python.py:177} INFO - Done. Returned value was: None
[2022-12-27T09:15:58.841+0000] {taskinstance.py:1401} INFO - Marking task as SUCCESS. dag_id=bertopic_autopik_***, task_id=train_vectorizers, execution_date=20221227T060000, start_date=20221227T091539, end_date=20221227T091558
[2022-12-27T09:15:59.376+0000] {local_task_job.py:164} INFO - Task exited with return code 0
[2022-12-27T09:15:59.437+0000] {local_task_job.py:273} INFO - 1 downstream tasks scheduled from follow-on schedule check
