[2022-12-27T06:37:14.380+0000] {taskinstance.py:1165} INFO - Dependencies all met for <TaskInstance: bertopic_autopik_airflow.save_processed_data manual__2022-12-27T06:36:12.225023+00:00 [queued]>
[2022-12-27T06:37:14.392+0000] {taskinstance.py:1165} INFO - Dependencies all met for <TaskInstance: bertopic_autopik_airflow.save_processed_data manual__2022-12-27T06:36:12.225023+00:00 [queued]>
[2022-12-27T06:37:14.393+0000] {taskinstance.py:1362} INFO - 
--------------------------------------------------------------------------------
[2022-12-27T06:37:14.393+0000] {taskinstance.py:1363} INFO - Starting attempt 1 of 1
[2022-12-27T06:37:14.393+0000] {taskinstance.py:1364} INFO - 
--------------------------------------------------------------------------------
[2022-12-27T06:37:14.408+0000] {taskinstance.py:1383} INFO - Executing <Task(PythonOperator): save_processed_data> on 2022-12-27 06:36:12.225023+00:00
[2022-12-27T06:37:14.415+0000] {standard_task_runner.py:54} INFO - Started process 730 to run task
[2022-12-27T06:37:14.418+0000] {standard_task_runner.py:82} INFO - Running: ['***', 'tasks', 'run', 'bertopic_autopik_***', 'save_processed_data', 'manual__2022-12-27T06:36:12.225023+00:00', '--job-id', '19', '--raw', '--subdir', 'DAGS_FOLDER/bertopic_autopik_***.py', '--cfg-path', '/tmp/tmpa2hjkc12']
[2022-12-27T06:37:14.419+0000] {standard_task_runner.py:83} INFO - Job 19: Subtask save_processed_data
[2022-12-27T06:37:14.420+0000] {dagbag.py:525} INFO - Filling up the DagBag from /opt/***/dags/bertopic_autopik_***.py
[2022-12-27T06:37:25.537+0000] {warnings.py:109} WARNING - /home/***/.local/lib/python3.8/site-packages/***/configuration.py:545: DeprecationWarning: The sql_alchemy_conn option in [core] has been moved to the sql_alchemy_conn option in [database] - the old setting has been used, but please update your config.
  option = self._get_environment_variables(deprecated_key, deprecated_section, key, section)

[2022-12-27T06:37:25.599+0000] {task_command.py:384} INFO - Running <TaskInstance: bertopic_autopik_airflow.save_processed_data manual__2022-12-27T06:36:12.225023+00:00 [running]> on host c4e9f2234c2b
[2022-12-27T06:37:25.678+0000] {taskinstance.py:1590} INFO - Exporting the following env vars:
AIRFLOW_CTX_DAG_EMAIL=hojun.seo@pikurate.com
AIRFLOW_CTX_DAG_OWNER=***
AIRFLOW_CTX_DAG_ID=bertopic_autopik_***
AIRFLOW_CTX_TASK_ID=save_processed_data
AIRFLOW_CTX_EXECUTION_DATE=2022-12-27T06:36:12.225023+00:00
AIRFLOW_CTX_TRY_NUMBER=1
AIRFLOW_CTX_DAG_RUN_ID=manual__2022-12-27T06:36:12.225023+00:00
[2022-12-27T06:37:31.039+0000] {logging_mixin.py:117} INFO - processed_data shape is:  (104936, 29)
[2022-12-27T06:37:31.066+0000] {python.py:177} INFO - Done. Returned value was: None
[2022-12-27T06:37:31.078+0000] {taskinstance.py:1401} INFO - Marking task as SUCCESS. dag_id=bertopic_autopik_***, task_id=save_processed_data, execution_date=20221227T063612, start_date=20221227T063714, end_date=20221227T063731
[2022-12-27T06:37:31.513+0000] {local_task_job.py:164} INFO - Task exited with return code 0
[2022-12-27T06:37:31.548+0000] {local_task_job.py:273} INFO - 0 downstream tasks scheduled from follow-on schedule check
