[2022-12-09T07:54:28.249+0000] {processor.py:153} INFO - Started process (PID=53) to work on /opt/airflow/dags/functions/data.py
[2022-12-09T07:54:28.250+0000] {processor.py:743} INFO - Processing file /opt/airflow/dags/functions/data.py for tasks to queue
[2022-12-09T07:54:28.251+0000] {logging_mixin.py:137} INFO - [2022-12-09T07:54:28.251+0000] {dagbag.py:538} INFO - Filling up the DagBag from /opt/airflow/dags/functions/data.py
[2022-12-09T07:54:28.878+0000] {processor.py:755} WARNING - No viable dags retrieved from /opt/airflow/dags/functions/data.py
[2022-12-09T07:54:28.900+0000] {processor.py:175} INFO - Processing /opt/airflow/dags/functions/data.py took 0.654 seconds
[2022-12-09T07:54:59.687+0000] {processor.py:153} INFO - Started process (PID=61) to work on /opt/airflow/dags/functions/data.py
[2022-12-09T07:54:59.688+0000] {processor.py:743} INFO - Processing file /opt/airflow/dags/functions/data.py for tasks to queue
[2022-12-09T07:54:59.688+0000] {logging_mixin.py:137} INFO - [2022-12-09T07:54:59.688+0000] {dagbag.py:538} INFO - Filling up the DagBag from /opt/airflow/dags/functions/data.py
[2022-12-09T07:55:00.154+0000] {processor.py:755} WARNING - No viable dags retrieved from /opt/airflow/dags/functions/data.py
[2022-12-09T07:55:00.172+0000] {processor.py:175} INFO - Processing /opt/airflow/dags/functions/data.py took 0.490 seconds
[2022-12-09T07:55:30.669+0000] {processor.py:153} INFO - Started process (PID=67) to work on /opt/airflow/dags/functions/data.py
[2022-12-09T07:55:30.671+0000] {processor.py:743} INFO - Processing file /opt/airflow/dags/functions/data.py for tasks to queue
[2022-12-09T07:55:30.672+0000] {logging_mixin.py:137} INFO - [2022-12-09T07:55:30.672+0000] {dagbag.py:538} INFO - Filling up the DagBag from /opt/airflow/dags/functions/data.py
[2022-12-09T07:55:31.116+0000] {processor.py:755} WARNING - No viable dags retrieved from /opt/airflow/dags/functions/data.py
[2022-12-09T07:55:31.132+0000] {processor.py:175} INFO - Processing /opt/airflow/dags/functions/data.py took 0.468 seconds
[2022-12-09T07:56:02.489+0000] {processor.py:153} INFO - Started process (PID=75) to work on /opt/airflow/dags/functions/data.py
[2022-12-09T07:56:02.490+0000] {processor.py:743} INFO - Processing file /opt/airflow/dags/functions/data.py for tasks to queue
[2022-12-09T07:56:02.491+0000] {logging_mixin.py:137} INFO - [2022-12-09T07:56:02.491+0000] {dagbag.py:538} INFO - Filling up the DagBag from /opt/airflow/dags/functions/data.py
[2022-12-09T07:56:02.934+0000] {processor.py:755} WARNING - No viable dags retrieved from /opt/airflow/dags/functions/data.py
[2022-12-09T07:56:02.947+0000] {processor.py:175} INFO - Processing /opt/airflow/dags/functions/data.py took 0.461 seconds
[2022-12-09T07:56:33.705+0000] {processor.py:153} INFO - Started process (PID=82) to work on /opt/airflow/dags/functions/data.py
[2022-12-09T07:56:33.706+0000] {processor.py:743} INFO - Processing file /opt/airflow/dags/functions/data.py for tasks to queue
[2022-12-09T07:56:33.707+0000] {logging_mixin.py:137} INFO - [2022-12-09T07:56:33.707+0000] {dagbag.py:538} INFO - Filling up the DagBag from /opt/airflow/dags/functions/data.py
[2022-12-09T07:56:34.162+0000] {processor.py:755} WARNING - No viable dags retrieved from /opt/airflow/dags/functions/data.py
[2022-12-09T07:56:34.178+0000] {processor.py:175} INFO - Processing /opt/airflow/dags/functions/data.py took 0.476 seconds
[2022-12-09T07:57:04.292+0000] {processor.py:153} INFO - Started process (PID=87) to work on /opt/airflow/dags/functions/data.py
[2022-12-09T07:57:04.295+0000] {processor.py:743} INFO - Processing file /opt/airflow/dags/functions/data.py for tasks to queue
[2022-12-09T07:57:04.296+0000] {logging_mixin.py:137} INFO - [2022-12-09T07:57:04.296+0000] {dagbag.py:538} INFO - Filling up the DagBag from /opt/airflow/dags/functions/data.py
[2022-12-09T07:57:04.835+0000] {processor.py:755} WARNING - No viable dags retrieved from /opt/airflow/dags/functions/data.py
[2022-12-09T07:57:04.852+0000] {processor.py:175} INFO - Processing /opt/airflow/dags/functions/data.py took 0.563 seconds
[2022-12-09T07:57:35.116+0000] {processor.py:153} INFO - Started process (PID=94) to work on /opt/airflow/dags/functions/data.py
[2022-12-09T07:57:35.117+0000] {processor.py:743} INFO - Processing file /opt/airflow/dags/functions/data.py for tasks to queue
[2022-12-09T07:57:35.118+0000] {logging_mixin.py:137} INFO - [2022-12-09T07:57:35.118+0000] {dagbag.py:538} INFO - Filling up the DagBag from /opt/airflow/dags/functions/data.py
[2022-12-09T07:57:35.711+0000] {processor.py:755} WARNING - No viable dags retrieved from /opt/airflow/dags/functions/data.py
[2022-12-09T07:57:35.740+0000] {processor.py:175} INFO - Processing /opt/airflow/dags/functions/data.py took 0.628 seconds
[2022-12-09T07:58:06.038+0000] {processor.py:153} INFO - Started process (PID=101) to work on /opt/airflow/dags/functions/data.py
[2022-12-09T07:58:06.039+0000] {processor.py:743} INFO - Processing file /opt/airflow/dags/functions/data.py for tasks to queue
[2022-12-09T07:58:06.040+0000] {logging_mixin.py:137} INFO - [2022-12-09T07:58:06.040+0000] {dagbag.py:538} INFO - Filling up the DagBag from /opt/airflow/dags/functions/data.py
[2022-12-09T07:58:06.680+0000] {processor.py:755} WARNING - No viable dags retrieved from /opt/airflow/dags/functions/data.py
[2022-12-09T07:58:06.695+0000] {processor.py:175} INFO - Processing /opt/airflow/dags/functions/data.py took 0.661 seconds
[2022-12-09T07:58:36.980+0000] {processor.py:153} INFO - Started process (PID=109) to work on /opt/airflow/dags/functions/data.py
[2022-12-09T07:58:36.981+0000] {processor.py:743} INFO - Processing file /opt/airflow/dags/functions/data.py for tasks to queue
[2022-12-09T07:58:36.982+0000] {logging_mixin.py:137} INFO - [2022-12-09T07:58:36.982+0000] {dagbag.py:538} INFO - Filling up the DagBag from /opt/airflow/dags/functions/data.py
[2022-12-09T07:58:37.578+0000] {processor.py:755} WARNING - No viable dags retrieved from /opt/airflow/dags/functions/data.py
[2022-12-09T07:58:37.593+0000] {processor.py:175} INFO - Processing /opt/airflow/dags/functions/data.py took 0.617 seconds
[2022-12-09T07:59:08.289+0000] {processor.py:153} INFO - Started process (PID=116) to work on /opt/airflow/dags/functions/data.py
[2022-12-09T07:59:08.292+0000] {processor.py:743} INFO - Processing file /opt/airflow/dags/functions/data.py for tasks to queue
[2022-12-09T07:59:08.293+0000] {logging_mixin.py:137} INFO - [2022-12-09T07:59:08.292+0000] {dagbag.py:538} INFO - Filling up the DagBag from /opt/airflow/dags/functions/data.py
[2022-12-09T07:59:08.780+0000] {processor.py:755} WARNING - No viable dags retrieved from /opt/airflow/dags/functions/data.py
[2022-12-09T07:59:08.796+0000] {processor.py:175} INFO - Processing /opt/airflow/dags/functions/data.py took 0.510 seconds
[2022-12-09T07:59:39.422+0000] {processor.py:153} INFO - Started process (PID=144) to work on /opt/airflow/dags/functions/data.py
[2022-12-09T07:59:39.424+0000] {processor.py:743} INFO - Processing file /opt/airflow/dags/functions/data.py for tasks to queue
[2022-12-09T07:59:39.425+0000] {logging_mixin.py:137} INFO - [2022-12-09T07:59:39.424+0000] {dagbag.py:538} INFO - Filling up the DagBag from /opt/airflow/dags/functions/data.py
[2022-12-09T07:59:40.019+0000] {processor.py:755} WARNING - No viable dags retrieved from /opt/airflow/dags/functions/data.py
[2022-12-09T07:59:40.036+0000] {processor.py:175} INFO - Processing /opt/airflow/dags/functions/data.py took 0.618 seconds
