[2022-12-28T06:23:09.895+0000] {taskinstance.py:1165} INFO - Dependencies all met for <TaskInstance: bertopic_autopik_airflow.create_bento manual__2022-12-28T06:14:44.790717+00:00 [queued]>
[2022-12-28T06:23:09.920+0000] {taskinstance.py:1165} INFO - Dependencies all met for <TaskInstance: bertopic_autopik_airflow.create_bento manual__2022-12-28T06:14:44.790717+00:00 [queued]>
[2022-12-28T06:23:09.921+0000] {taskinstance.py:1362} INFO - 
--------------------------------------------------------------------------------
[2022-12-28T06:23:09.921+0000] {taskinstance.py:1363} INFO - Starting attempt 1 of 1
[2022-12-28T06:23:09.921+0000] {taskinstance.py:1364} INFO - 
--------------------------------------------------------------------------------
[2022-12-28T06:23:09.956+0000] {taskinstance.py:1383} INFO - Executing <Task(BashOperator): create_bento> on 2022-12-28 06:14:44.790717+00:00
[2022-12-28T06:23:09.967+0000] {standard_task_runner.py:54} INFO - Started process 959 to run task
[2022-12-28T06:23:09.971+0000] {standard_task_runner.py:82} INFO - Running: ['***', 'tasks', 'run', 'bertopic_autopik_***', 'create_bento', 'manual__2022-12-28T06:14:44.790717+00:00', '--job-id', '24', '--raw', '--subdir', 'DAGS_FOLDER/bertopic_autopik_***.py', '--cfg-path', '/tmp/tmp9jstg08f']
[2022-12-28T06:23:09.972+0000] {standard_task_runner.py:83} INFO - Job 24: Subtask create_bento
[2022-12-28T06:23:09.973+0000] {dagbag.py:525} INFO - Filling up the DagBag from /opt/***/dags/bertopic_autopik_***.py
[2022-12-28T06:23:21.400+0000] {warnings.py:109} WARNING - /home/***/.local/lib/python3.8/site-packages/***/configuration.py:545: DeprecationWarning: The sql_alchemy_conn option in [core] has been moved to the sql_alchemy_conn option in [database] - the old setting has been used, but please update your config.
  option = self._get_environment_variables(deprecated_key, deprecated_section, key, section)

[2022-12-28T06:23:21.485+0000] {task_command.py:384} INFO - Running <TaskInstance: bertopic_autopik_airflow.create_bento manual__2022-12-28T06:14:44.790717+00:00 [running]> on host 01844bb5aa3c
[2022-12-28T06:23:21.625+0000] {taskinstance.py:1590} INFO - Exporting the following env vars:
AIRFLOW_CTX_DAG_EMAIL=hojun.seo@pikurate.com
AIRFLOW_CTX_DAG_OWNER=***
AIRFLOW_CTX_DAG_ID=bertopic_autopik_***
AIRFLOW_CTX_TASK_ID=create_bento
AIRFLOW_CTX_EXECUTION_DATE=2022-12-28T06:14:44.790717+00:00
AIRFLOW_CTX_TRY_NUMBER=1
AIRFLOW_CTX_DAG_RUN_ID=manual__2022-12-28T06:14:44.790717+00:00
[2022-12-28T06:23:21.628+0000] {subprocess.py:63} INFO - Tmp dir root location: 
 /tmp
[2022-12-28T06:23:21.629+0000] {subprocess.py:75} INFO - Running command: ['/bin/bash', '-c', ' \n            cd /opt/***/dags/bentoml/auto_pik_bento; bentoml build\n        ']
[2022-12-28T06:23:21.699+0000] {subprocess.py:86} INFO - Output:
[2022-12-28T06:23:49.512+0000] {subprocess.py:93} INFO - Building BentoML service "bertopic_autopik_bento:gedvo6egpcmd6asc" from build context "/opt/***/dags/bentoml/auto_pik_bento".
[2022-12-28T06:23:49.799+0000] {subprocess.py:93} INFO - 
[2022-12-28T06:23:49.799+0000] {subprocess.py:93} INFO - ██████╗░███████╗███╗░░██╗████████╗░█████╗░███╗░░░███╗██╗░░░░░
[2022-12-28T06:23:49.799+0000] {subprocess.py:93} INFO - ██╔══██╗██╔════╝████╗░██║╚══██╔══╝██╔══██╗████╗░████║██║░░░░░
[2022-12-28T06:23:49.799+0000] {subprocess.py:93} INFO - ██████╦╝█████╗░░██╔██╗██║░░░██║░░░██║░░██║██╔████╔██║██║░░░░░
[2022-12-28T06:23:49.799+0000] {subprocess.py:93} INFO - ██╔══██╗██╔══╝░░██║╚████║░░░██║░░░██║░░██║██║╚██╔╝██║██║░░░░░
[2022-12-28T06:23:49.799+0000] {subprocess.py:93} INFO - ██████╦╝███████╗██║░╚███║░░░██║░░░╚█████╔╝██║░╚═╝░██║███████╗
[2022-12-28T06:23:49.799+0000] {subprocess.py:93} INFO - ╚═════╝░╚══════╝╚═╝░░╚══╝░░░╚═╝░░░░╚════╝░╚═╝░░░░░╚═╝╚══════╝
[2022-12-28T06:23:49.800+0000] {subprocess.py:93} INFO - 
[2022-12-28T06:23:49.800+0000] {subprocess.py:93} INFO - Successfully built Bento(tag="bertopic_autopik_bento:gedvo6egpcmd6asc").
[2022-12-28T06:23:52.687+0000] {subprocess.py:97} INFO - Command exited with return code 0
[2022-12-28T06:23:52.722+0000] {taskinstance.py:1401} INFO - Marking task as SUCCESS. dag_id=bertopic_autopik_***, task_id=create_bento, execution_date=20221228T061444, start_date=20221228T062309, end_date=20221228T062352
[2022-12-28T06:23:53.152+0000] {local_task_job.py:164} INFO - Task exited with return code 0
[2022-12-28T06:23:53.184+0000] {local_task_job.py:273} INFO - 1 downstream tasks scheduled from follow-on schedule check
