[2022-12-28T06:01:01.182+0000] {taskinstance.py:1165} INFO - Dependencies all met for <TaskInstance: bertopic_autopik_airflow.save_processed_data scheduled__2022-12-28T04:00:00+00:00 [queued]>
[2022-12-28T06:01:01.197+0000] {taskinstance.py:1165} INFO - Dependencies all met for <TaskInstance: bertopic_autopik_airflow.save_processed_data scheduled__2022-12-28T04:00:00+00:00 [queued]>
[2022-12-28T06:01:01.197+0000] {taskinstance.py:1362} INFO - 
--------------------------------------------------------------------------------
[2022-12-28T06:01:01.197+0000] {taskinstance.py:1363} INFO - Starting attempt 1 of 1
[2022-12-28T06:01:01.197+0000] {taskinstance.py:1364} INFO - 
--------------------------------------------------------------------------------
[2022-12-28T06:01:01.223+0000] {taskinstance.py:1383} INFO - Executing <Task(PythonOperator): save_processed_data> on 2022-12-28 04:00:00+00:00
[2022-12-28T06:01:01.236+0000] {standard_task_runner.py:54} INFO - Started process 408 to run task
[2022-12-28T06:01:01.240+0000] {standard_task_runner.py:82} INFO - Running: ['***', 'tasks', 'run', 'bertopic_autopik_***', 'save_processed_data', 'scheduled__2022-12-28T04:00:00+00:00', '--job-id', '10', '--raw', '--subdir', 'DAGS_FOLDER/bertopic_autopik_***.py', '--cfg-path', '/tmp/tmpwxc7c0vd']
[2022-12-28T06:01:01.241+0000] {standard_task_runner.py:83} INFO - Job 10: Subtask save_processed_data
[2022-12-28T06:01:01.242+0000] {dagbag.py:525} INFO - Filling up the DagBag from /opt/***/dags/bertopic_autopik_***.py
[2022-12-28T06:01:14.214+0000] {warnings.py:109} WARNING - /home/***/.local/lib/python3.8/site-packages/***/configuration.py:545: DeprecationWarning: The sql_alchemy_conn option in [core] has been moved to the sql_alchemy_conn option in [database] - the old setting has been used, but please update your config.
  option = self._get_environment_variables(deprecated_key, deprecated_section, key, section)

[2022-12-28T06:01:14.277+0000] {task_command.py:384} INFO - Running <TaskInstance: bertopic_autopik_airflow.save_processed_data scheduled__2022-12-28T04:00:00+00:00 [running]> on host 01844bb5aa3c
[2022-12-28T06:01:14.360+0000] {taskinstance.py:1590} INFO - Exporting the following env vars:
AIRFLOW_CTX_DAG_EMAIL=hojun.seo@pikurate.com
AIRFLOW_CTX_DAG_OWNER=***
AIRFLOW_CTX_DAG_ID=bertopic_autopik_***
AIRFLOW_CTX_TASK_ID=save_processed_data
AIRFLOW_CTX_EXECUTION_DATE=2022-12-28T04:00:00+00:00
AIRFLOW_CTX_TRY_NUMBER=1
AIRFLOW_CTX_DAG_RUN_ID=scheduled__2022-12-28T04:00:00+00:00
[2022-12-28T06:01:19.969+0000] {logging_mixin.py:117} INFO - processed_data shape is:  (104936, 29)
[2022-12-28T06:01:20.020+0000] {python.py:177} INFO - Done. Returned value was: None
[2022-12-28T06:01:20.035+0000] {taskinstance.py:1401} INFO - Marking task as SUCCESS. dag_id=bertopic_autopik_***, task_id=save_processed_data, execution_date=20221228T040000, start_date=20221228T060101, end_date=20221228T060120
[2022-12-28T06:01:20.635+0000] {local_task_job.py:164} INFO - Task exited with return code 0
[2022-12-28T06:01:20.687+0000] {local_task_job.py:273} INFO - 1 downstream tasks scheduled from follow-on schedule check
[2022-12-28T06:34:08.313+0000] {taskinstance.py:1165} INFO - Dependencies all met for <TaskInstance: bertopic_autopik_airflow.save_processed_data scheduled__2022-12-28T04:00:00+00:00 [queued]>
[2022-12-28T06:34:08.324+0000] {taskinstance.py:1165} INFO - Dependencies all met for <TaskInstance: bertopic_autopik_airflow.save_processed_data scheduled__2022-12-28T04:00:00+00:00 [queued]>
[2022-12-28T06:34:08.325+0000] {taskinstance.py:1362} INFO - 
--------------------------------------------------------------------------------
[2022-12-28T06:34:08.325+0000] {taskinstance.py:1363} INFO - Starting attempt 1 of 1
[2022-12-28T06:34:08.325+0000] {taskinstance.py:1364} INFO - 
--------------------------------------------------------------------------------
[2022-12-28T06:34:08.339+0000] {taskinstance.py:1383} INFO - Executing <Task(PythonOperator): save_processed_data> on 2022-12-28 04:00:00+00:00
[2022-12-28T06:34:08.344+0000] {standard_task_runner.py:54} INFO - Started process 117 to run task
[2022-12-28T06:34:08.347+0000] {standard_task_runner.py:82} INFO - Running: ['***', 'tasks', 'run', 'bertopic_autopik_***', 'save_processed_data', 'scheduled__2022-12-28T04:00:00+00:00', '--job-id', '4', '--raw', '--subdir', 'DAGS_FOLDER/bertopic_autopik_***.py', '--cfg-path', '/tmp/tmpaja0vso6']
[2022-12-28T06:34:08.348+0000] {standard_task_runner.py:83} INFO - Job 4: Subtask save_processed_data
[2022-12-28T06:34:08.348+0000] {dagbag.py:525} INFO - Filling up the DagBag from /opt/***/dags/bertopic_autopik_***.py
[2022-12-28T06:34:19.208+0000] {warnings.py:109} WARNING - /home/***/.local/lib/python3.8/site-packages/***/configuration.py:545: DeprecationWarning: The sql_alchemy_conn option in [core] has been moved to the sql_alchemy_conn option in [database] - the old setting has been used, but please update your config.
  option = self._get_environment_variables(deprecated_key, deprecated_section, key, section)

[2022-12-28T06:34:19.268+0000] {task_command.py:384} INFO - Running <TaskInstance: bertopic_autopik_airflow.save_processed_data scheduled__2022-12-28T04:00:00+00:00 [running]> on host 1bb2d79d4907
[2022-12-28T06:34:19.346+0000] {taskinstance.py:1590} INFO - Exporting the following env vars:
AIRFLOW_CTX_DAG_EMAIL=hojun.seo@pikurate.com
AIRFLOW_CTX_DAG_OWNER=***
AIRFLOW_CTX_DAG_ID=bertopic_autopik_***
AIRFLOW_CTX_TASK_ID=save_processed_data
AIRFLOW_CTX_EXECUTION_DATE=2022-12-28T04:00:00+00:00
AIRFLOW_CTX_TRY_NUMBER=1
AIRFLOW_CTX_DAG_RUN_ID=scheduled__2022-12-28T04:00:00+00:00
[2022-12-28T06:34:24.759+0000] {logging_mixin.py:117} INFO - processed_data shape is:  (104936, 29)
[2022-12-28T06:34:24.800+0000] {python.py:177} INFO - Done. Returned value was: None
[2022-12-28T06:34:24.819+0000] {taskinstance.py:1401} INFO - Marking task as SUCCESS. dag_id=bertopic_autopik_***, task_id=save_processed_data, execution_date=20221228T040000, start_date=20221228T063408, end_date=20221228T063424
[2022-12-28T06:34:25.245+0000] {local_task_job.py:164} INFO - Task exited with return code 0
[2022-12-28T06:34:25.280+0000] {local_task_job.py:273} INFO - 1 downstream tasks scheduled from follow-on schedule check
