[2022-12-27T07:56:43.199+0000] {taskinstance.py:1165} INFO - Dependencies all met for <TaskInstance: bertopic_autopik_airflow.train_vectorizers manual__2022-12-27T07:49:04.652259+00:00 [queued]>
[2022-12-27T07:56:43.232+0000] {taskinstance.py:1165} INFO - Dependencies all met for <TaskInstance: bertopic_autopik_airflow.train_vectorizers manual__2022-12-27T07:49:04.652259+00:00 [queued]>
[2022-12-27T07:56:43.232+0000] {taskinstance.py:1362} INFO - 
--------------------------------------------------------------------------------
[2022-12-27T07:56:43.233+0000] {taskinstance.py:1363} INFO - Starting attempt 1 of 1
[2022-12-27T07:56:43.233+0000] {taskinstance.py:1364} INFO - 
--------------------------------------------------------------------------------
[2022-12-27T07:56:43.274+0000] {taskinstance.py:1383} INFO - Executing <Task(PythonOperator): train_vectorizers> on 2022-12-27 07:49:04.652259+00:00
[2022-12-27T07:56:43.291+0000] {standard_task_runner.py:54} INFO - Started process 1406 to run task
[2022-12-27T07:56:43.299+0000] {standard_task_runner.py:82} INFO - Running: ['***', 'tasks', 'run', 'bertopic_autopik_***', 'train_vectorizers', 'manual__2022-12-27T07:49:04.652259+00:00', '--job-id', '33', '--raw', '--subdir', 'DAGS_FOLDER/bertopic_autopik_***.py', '--cfg-path', '/tmp/tmpq1jqlmid']
[2022-12-27T07:56:43.300+0000] {standard_task_runner.py:83} INFO - Job 33: Subtask train_vectorizers
[2022-12-27T07:56:43.302+0000] {dagbag.py:525} INFO - Filling up the DagBag from /opt/***/dags/bertopic_autopik_***.py
[2022-12-27T07:56:56.703+0000] {warnings.py:109} WARNING - /home/***/.local/lib/python3.8/site-packages/***/configuration.py:545: DeprecationWarning: The sql_alchemy_conn option in [core] has been moved to the sql_alchemy_conn option in [database] - the old setting has been used, but please update your config.
  option = self._get_environment_variables(deprecated_key, deprecated_section, key, section)

[2022-12-27T07:56:56.780+0000] {task_command.py:384} INFO - Running <TaskInstance: bertopic_autopik_airflow.train_vectorizers manual__2022-12-27T07:49:04.652259+00:00 [running]> on host c4e9f2234c2b
[2022-12-27T07:56:56.901+0000] {taskinstance.py:1590} INFO - Exporting the following env vars:
AIRFLOW_CTX_DAG_EMAIL=hojun.seo@pikurate.com
AIRFLOW_CTX_DAG_OWNER=***
AIRFLOW_CTX_DAG_ID=bertopic_autopik_***
AIRFLOW_CTX_TASK_ID=train_vectorizers
AIRFLOW_CTX_EXECUTION_DATE=2022-12-27T07:49:04.652259+00:00
AIRFLOW_CTX_TRY_NUMBER=1
AIRFLOW_CTX_DAG_RUN_ID=manual__2022-12-27T07:49:04.652259+00:00
[2022-12-27T07:57:01.077+0000] {logging_mixin.py:117} INFO - It is pandas.Series type
[2022-12-27T07:57:02.988+0000] {python.py:177} INFO - Done. Returned value was: None
[2022-12-27T07:57:02.999+0000] {taskinstance.py:1401} INFO - Marking task as SUCCESS. dag_id=bertopic_autopik_***, task_id=train_vectorizers, execution_date=20221227T074904, start_date=20221227T075643, end_date=20221227T075702
[2022-12-27T07:57:03.437+0000] {local_task_job.py:164} INFO - Task exited with return code 0
[2022-12-27T07:57:03.489+0000] {local_task_job.py:273} INFO - 1 downstream tasks scheduled from follow-on schedule check
