[2022-12-27T06:00:17.844+0000] {taskinstance.py:1165} INFO - Dependencies all met for <TaskInstance: bertopic_autopik_airflow.raw_data_preprocess scheduled__2022-12-27T04:00:00+00:00 [queued]>
[2022-12-27T06:00:17.860+0000] {taskinstance.py:1165} INFO - Dependencies all met for <TaskInstance: bertopic_autopik_airflow.raw_data_preprocess scheduled__2022-12-27T04:00:00+00:00 [queued]>
[2022-12-27T06:00:17.860+0000] {taskinstance.py:1362} INFO - 
--------------------------------------------------------------------------------
[2022-12-27T06:00:17.860+0000] {taskinstance.py:1363} INFO - Starting attempt 1 of 1
[2022-12-27T06:00:17.860+0000] {taskinstance.py:1364} INFO - 
--------------------------------------------------------------------------------
[2022-12-27T06:00:17.879+0000] {taskinstance.py:1383} INFO - Executing <Task(PythonOperator): raw_data_preprocess> on 2022-12-27 04:00:00+00:00
[2022-12-27T06:00:17.887+0000] {standard_task_runner.py:54} INFO - Started process 300 to run task
[2022-12-27T06:00:17.891+0000] {standard_task_runner.py:82} INFO - Running: ['***', 'tasks', 'run', 'bertopic_autopik_***', 'raw_data_preprocess', 'scheduled__2022-12-27T04:00:00+00:00', '--job-id', '8', '--raw', '--subdir', 'DAGS_FOLDER/bertopic_autopik_***.py', '--cfg-path', '/tmp/tmp8k7w2byu']
[2022-12-27T06:00:17.892+0000] {standard_task_runner.py:83} INFO - Job 8: Subtask raw_data_preprocess
[2022-12-27T06:00:17.893+0000] {dagbag.py:525} INFO - Filling up the DagBag from /opt/***/dags/bertopic_autopik_***.py
[2022-12-27T06:00:28.535+0000] {warnings.py:109} WARNING - /home/***/.local/lib/python3.8/site-packages/***/configuration.py:545: DeprecationWarning: The sql_alchemy_conn option in [core] has been moved to the sql_alchemy_conn option in [database] - the old setting has been used, but please update your config.
  option = self._get_environment_variables(deprecated_key, deprecated_section, key, section)

[2022-12-27T06:00:28.603+0000] {task_command.py:384} INFO - Running <TaskInstance: bertopic_autopik_airflow.raw_data_preprocess scheduled__2022-12-27T04:00:00+00:00 [running]> on host c4e9f2234c2b
[2022-12-27T06:00:28.690+0000] {taskinstance.py:1590} INFO - Exporting the following env vars:
AIRFLOW_CTX_DAG_EMAIL=hojun.seo@pikurate.com
AIRFLOW_CTX_DAG_OWNER=***
AIRFLOW_CTX_DAG_ID=bertopic_autopik_***
AIRFLOW_CTX_TASK_ID=raw_data_preprocess
AIRFLOW_CTX_EXECUTION_DATE=2022-12-27T04:00:00+00:00
AIRFLOW_CTX_TRY_NUMBER=1
AIRFLOW_CTX_DAG_RUN_ID=scheduled__2022-12-27T04:00:00+00:00
[2022-12-27T06:00:36.889+0000] {warnings.py:109} WARNING - /opt/***/dags/functions/data.py:212: DtypeWarning: Columns (0,9,10,11,12,14,15,20) have mixed types. Specify dtype option on import or set low_memory=False.
  link = pd.read_csv(open(f'{path}/link.csv','rU'), encoding='utf-8', engine='c')

[2022-12-27T06:01:00.940+0000] {python.py:177} INFO - Done. Returned value was: None
[2022-12-27T06:01:00.956+0000] {taskinstance.py:1401} INFO - Marking task as SUCCESS. dag_id=bertopic_autopik_***, task_id=raw_data_preprocess, execution_date=20221227T040000, start_date=20221227T060017, end_date=20221227T060100
[2022-12-27T06:01:01.482+0000] {local_task_job.py:164} INFO - Task exited with return code 0
[2022-12-27T06:01:01.542+0000] {local_task_job.py:273} INFO - 1 downstream tasks scheduled from follow-on schedule check
