[2022-12-26T07:42:54.296+0000] {taskinstance.py:1165} INFO - Dependencies all met for <TaskInstance: bertopic_autopik_airflow.raw_data_preprocess manual__2022-12-26T07:42:34.815881+00:00 [queued]>
[2022-12-26T07:42:54.309+0000] {taskinstance.py:1165} INFO - Dependencies all met for <TaskInstance: bertopic_autopik_airflow.raw_data_preprocess manual__2022-12-26T07:42:34.815881+00:00 [queued]>
[2022-12-26T07:42:54.310+0000] {taskinstance.py:1362} INFO - 
--------------------------------------------------------------------------------
[2022-12-26T07:42:54.310+0000] {taskinstance.py:1363} INFO - Starting attempt 1 of 1
[2022-12-26T07:42:54.310+0000] {taskinstance.py:1364} INFO - 
--------------------------------------------------------------------------------
[2022-12-26T07:42:54.327+0000] {taskinstance.py:1383} INFO - Executing <Task(PythonOperator): raw_data_preprocess> on 2022-12-26 07:42:34.815881+00:00
[2022-12-26T07:42:54.336+0000] {standard_task_runner.py:54} INFO - Started process 242 to run task
[2022-12-26T07:42:54.339+0000] {standard_task_runner.py:82} INFO - Running: ['***', 'tasks', 'run', 'bertopic_autopik_***', 'raw_data_preprocess', 'manual__2022-12-26T07:42:34.815881+00:00', '--job-id', '9', '--raw', '--subdir', 'DAGS_FOLDER/bertopic_autopik_***.py', '--cfg-path', '/tmp/tmpy2wjydux']
[2022-12-26T07:42:54.340+0000] {standard_task_runner.py:83} INFO - Job 9: Subtask raw_data_preprocess
[2022-12-26T07:42:54.341+0000] {dagbag.py:525} INFO - Filling up the DagBag from /opt/***/dags/bertopic_autopik_***.py
[2022-12-26T07:43:05.945+0000] {warnings.py:109} WARNING - /home/***/.local/lib/python3.8/site-packages/***/configuration.py:545: DeprecationWarning: The sql_alchemy_conn option in [core] has been moved to the sql_alchemy_conn option in [database] - the old setting has been used, but please update your config.
  option = self._get_environment_variables(deprecated_key, deprecated_section, key, section)

[2022-12-26T07:43:06.021+0000] {task_command.py:384} INFO - Running <TaskInstance: bertopic_autopik_airflow.raw_data_preprocess manual__2022-12-26T07:42:34.815881+00:00 [running]> on host c4b524c24ec1
[2022-12-26T07:43:06.120+0000] {taskinstance.py:1590} INFO - Exporting the following env vars:
AIRFLOW_CTX_DAG_EMAIL=hojun.seo@pikurate.com
AIRFLOW_CTX_DAG_OWNER=***
AIRFLOW_CTX_DAG_ID=bertopic_autopik_***
AIRFLOW_CTX_TASK_ID=raw_data_preprocess
AIRFLOW_CTX_EXECUTION_DATE=2022-12-26T07:42:34.815881+00:00
AIRFLOW_CTX_TRY_NUMBER=1
AIRFLOW_CTX_DAG_RUN_ID=manual__2022-12-26T07:42:34.815881+00:00
[2022-12-26T07:43:50.867+0000] {python.py:177} INFO - Done. Returned value was: None
[2022-12-26T07:43:50.880+0000] {taskinstance.py:1401} INFO - Marking task as SUCCESS. dag_id=bertopic_autopik_***, task_id=raw_data_preprocess, execution_date=20221226T074234, start_date=20221226T074254, end_date=20221226T074350
[2022-12-26T07:43:51.459+0000] {local_task_job.py:164} INFO - Task exited with return code 0
[2022-12-26T07:43:51.545+0000] {local_task_job.py:273} INFO - 1 downstream tasks scheduled from follow-on schedule check
