[2022-12-27T08:00:01.335+0000] {taskinstance.py:1165} INFO - Dependencies all met for <TaskInstance: bertopic_autopik_airflow.clear_bento scheduled__2022-12-27T06:00:00+00:00 [queued]>
[2022-12-27T08:00:01.353+0000] {taskinstance.py:1165} INFO - Dependencies all met for <TaskInstance: bertopic_autopik_airflow.clear_bento scheduled__2022-12-27T06:00:00+00:00 [queued]>
[2022-12-27T08:00:01.354+0000] {taskinstance.py:1362} INFO - 
--------------------------------------------------------------------------------
[2022-12-27T08:00:01.354+0000] {taskinstance.py:1363} INFO - Starting attempt 1 of 1
[2022-12-27T08:00:01.354+0000] {taskinstance.py:1364} INFO - 
--------------------------------------------------------------------------------
[2022-12-27T08:00:01.385+0000] {taskinstance.py:1383} INFO - Executing <Task(BashOperator): clear_bento> on 2022-12-27 06:00:00+00:00
[2022-12-27T08:00:01.392+0000] {standard_task_runner.py:54} INFO - Started process 1492 to run task
[2022-12-27T08:00:01.396+0000] {standard_task_runner.py:82} INFO - Running: ['***', 'tasks', 'run', 'bertopic_autopik_***', 'clear_bento', 'scheduled__2022-12-27T06:00:00+00:00', '--job-id', '35', '--raw', '--subdir', 'DAGS_FOLDER/bertopic_autopik_***.py', '--cfg-path', '/tmp/tmp945ull0u']
[2022-12-27T08:00:01.397+0000] {standard_task_runner.py:83} INFO - Job 35: Subtask clear_bento
[2022-12-27T08:00:01.398+0000] {dagbag.py:525} INFO - Filling up the DagBag from /opt/***/dags/bertopic_autopik_***.py
[2022-12-27T08:00:16.574+0000] {warnings.py:109} WARNING - /home/***/.local/lib/python3.8/site-packages/***/configuration.py:545: DeprecationWarning: The sql_alchemy_conn option in [core] has been moved to the sql_alchemy_conn option in [database] - the old setting has been used, but please update your config.
  option = self._get_environment_variables(deprecated_key, deprecated_section, key, section)

[2022-12-27T08:00:16.678+0000] {task_command.py:384} INFO - Running <TaskInstance: bertopic_autopik_airflow.clear_bento scheduled__2022-12-27T06:00:00+00:00 [running]> on host c4e9f2234c2b
[2022-12-27T08:00:16.795+0000] {taskinstance.py:1590} INFO - Exporting the following env vars:
AIRFLOW_CTX_DAG_EMAIL=hojun.seo@pikurate.com
AIRFLOW_CTX_DAG_OWNER=***
AIRFLOW_CTX_DAG_ID=bertopic_autopik_***
AIRFLOW_CTX_TASK_ID=clear_bento
AIRFLOW_CTX_EXECUTION_DATE=2022-12-27T06:00:00+00:00
AIRFLOW_CTX_TRY_NUMBER=1
AIRFLOW_CTX_DAG_RUN_ID=scheduled__2022-12-27T06:00:00+00:00
[2022-12-27T08:00:16.796+0000] {subprocess.py:63} INFO - Tmp dir root location: 
 /tmp
[2022-12-27T08:00:16.797+0000] {subprocess.py:75} INFO - Running command: ['/bin/bash', '-c', ' \n                bentoml delete bertopic_autopik_bento --yes; bentoml models delete bertopic_autopik_model --yes; echo "Job continued"  \n            ']
[2022-12-27T08:00:16.860+0000] {subprocess.py:86} INFO - Output:
[2022-12-27T08:00:18.874+0000] {subprocess.py:93} INFO - Error: [bentoml-cli] `delete` failed: no Bentos with name 'bertopic_autopik_bento' found
[2022-12-27T08:00:20.750+0000] {subprocess.py:93} INFO - Model(tag="bertopic_autopik_model:7qqsowefxoz3gasc") deleted.
[2022-12-27T08:00:21.100+0000] {subprocess.py:93} INFO - Job continued
[2022-12-27T08:00:21.100+0000] {subprocess.py:97} INFO - Command exited with return code 0
[2022-12-27T08:00:21.150+0000] {taskinstance.py:1401} INFO - Marking task as SUCCESS. dag_id=bertopic_autopik_***, task_id=clear_bento, execution_date=20221227T060000, start_date=20221227T080001, end_date=20221227T080021
[2022-12-27T08:00:21.804+0000] {local_task_job.py:164} INFO - Task exited with return code 0
[2022-12-27T08:00:21.873+0000] {local_task_job.py:273} INFO - 1 downstream tasks scheduled from follow-on schedule check
[2022-12-27T08:14:01.349+0000] {taskinstance.py:1165} INFO - Dependencies all met for <TaskInstance: bertopic_autopik_airflow.clear_bento scheduled__2022-12-27T06:00:00+00:00 [queued]>
[2022-12-27T08:14:01.377+0000] {taskinstance.py:1165} INFO - Dependencies all met for <TaskInstance: bertopic_autopik_airflow.clear_bento scheduled__2022-12-27T06:00:00+00:00 [queued]>
[2022-12-27T08:14:01.378+0000] {taskinstance.py:1362} INFO - 
--------------------------------------------------------------------------------
[2022-12-27T08:14:01.378+0000] {taskinstance.py:1363} INFO - Starting attempt 1 of 1
[2022-12-27T08:14:01.379+0000] {taskinstance.py:1364} INFO - 
--------------------------------------------------------------------------------
[2022-12-27T08:14:01.406+0000] {taskinstance.py:1383} INFO - Executing <Task(BashOperator): clear_bento> on 2022-12-27 06:00:00+00:00
[2022-12-27T08:14:01.420+0000] {standard_task_runner.py:54} INFO - Started process 75 to run task
[2022-12-27T08:14:01.428+0000] {standard_task_runner.py:82} INFO - Running: ['***', 'tasks', 'run', 'bertopic_autopik_***', 'clear_bento', 'scheduled__2022-12-27T06:00:00+00:00', '--job-id', '2', '--raw', '--subdir', 'DAGS_FOLDER/bertopic_autopik_***.py', '--cfg-path', '/tmp/tmpzf4tzq6c']
[2022-12-27T08:14:01.429+0000] {standard_task_runner.py:83} INFO - Job 2: Subtask clear_bento
[2022-12-27T08:14:01.431+0000] {dagbag.py:525} INFO - Filling up the DagBag from /opt/***/dags/bertopic_autopik_***.py
[2022-12-27T08:14:28.757+0000] {warnings.py:109} WARNING - /home/***/.local/lib/python3.8/site-packages/***/configuration.py:545: DeprecationWarning: The sql_alchemy_conn option in [core] has been moved to the sql_alchemy_conn option in [database] - the old setting has been used, but please update your config.
  option = self._get_environment_variables(deprecated_key, deprecated_section, key, section)

[2022-12-27T08:14:28.840+0000] {task_command.py:384} INFO - Running <TaskInstance: bertopic_autopik_airflow.clear_bento scheduled__2022-12-27T06:00:00+00:00 [running]> on host 2492a182aa87
[2022-12-27T08:14:28.940+0000] {taskinstance.py:1590} INFO - Exporting the following env vars:
AIRFLOW_CTX_DAG_EMAIL=hojun.seo@pikurate.com
AIRFLOW_CTX_DAG_OWNER=***
AIRFLOW_CTX_DAG_ID=bertopic_autopik_***
AIRFLOW_CTX_TASK_ID=clear_bento
AIRFLOW_CTX_EXECUTION_DATE=2022-12-27T06:00:00+00:00
AIRFLOW_CTX_TRY_NUMBER=1
AIRFLOW_CTX_DAG_RUN_ID=scheduled__2022-12-27T06:00:00+00:00
[2022-12-27T08:14:28.941+0000] {subprocess.py:63} INFO - Tmp dir root location: 
 /tmp
[2022-12-27T08:14:28.941+0000] {subprocess.py:75} INFO - Running command: ['/bin/bash', '-c', ' \n                bentoml delete bertopic_autopik_bento --yes; bentoml models delete bertopic_autopik_model --yes; echo "Job continued"  \n            ']
[2022-12-27T08:14:28.994+0000] {subprocess.py:86} INFO - Output:
[2022-12-27T08:14:31.049+0000] {subprocess.py:93} INFO - Error: [bentoml-cli] `delete` failed: no Bentos with name 'bertopic_autopik_bento' found
[2022-12-27T08:14:32.363+0000] {subprocess.py:93} INFO - Error: [models] `delete` failed: no Models with name 'bertopic_autopik_model' found
[2022-12-27T08:14:32.445+0000] {subprocess.py:93} INFO - Job continued
[2022-12-27T08:14:32.445+0000] {subprocess.py:97} INFO - Command exited with return code 0
[2022-12-27T08:14:32.479+0000] {taskinstance.py:1401} INFO - Marking task as SUCCESS. dag_id=bertopic_autopik_***, task_id=clear_bento, execution_date=20221227T060000, start_date=20221227T081401, end_date=20221227T081432
[2022-12-27T08:14:32.936+0000] {local_task_job.py:164} INFO - Task exited with return code 0
[2022-12-27T08:14:32.982+0000] {local_task_job.py:273} INFO - 0 downstream tasks scheduled from follow-on schedule check
[2022-12-27T09:07:09.285+0000] {taskinstance.py:1165} INFO - Dependencies all met for <TaskInstance: bertopic_autopik_airflow.clear_bento scheduled__2022-12-27T06:00:00+00:00 [queued]>
[2022-12-27T09:07:09.351+0000] {taskinstance.py:1165} INFO - Dependencies all met for <TaskInstance: bertopic_autopik_airflow.clear_bento scheduled__2022-12-27T06:00:00+00:00 [queued]>
[2022-12-27T09:07:09.352+0000] {taskinstance.py:1362} INFO - 
--------------------------------------------------------------------------------
[2022-12-27T09:07:09.352+0000] {taskinstance.py:1363} INFO - Starting attempt 1 of 1
[2022-12-27T09:07:09.353+0000] {taskinstance.py:1364} INFO - 
--------------------------------------------------------------------------------
[2022-12-27T09:07:09.398+0000] {taskinstance.py:1383} INFO - Executing <Task(BashOperator): clear_bento> on 2022-12-27 06:00:00+00:00
[2022-12-27T09:07:09.420+0000] {standard_task_runner.py:54} INFO - Started process 76 to run task
[2022-12-27T09:07:09.429+0000] {standard_task_runner.py:82} INFO - Running: ['***', 'tasks', 'run', 'bertopic_autopik_***', 'clear_bento', 'scheduled__2022-12-27T06:00:00+00:00', '--job-id', '2', '--raw', '--subdir', 'DAGS_FOLDER/bertopic_autopik_***.py', '--cfg-path', '/tmp/tmpcnf4z31i']
[2022-12-27T09:07:09.431+0000] {standard_task_runner.py:83} INFO - Job 2: Subtask clear_bento
[2022-12-27T09:07:09.434+0000] {dagbag.py:525} INFO - Filling up the DagBag from /opt/***/dags/bertopic_autopik_***.py
[2022-12-27T09:07:37.180+0000] {warnings.py:109} WARNING - /home/***/.local/lib/python3.8/site-packages/***/configuration.py:545: DeprecationWarning: The sql_alchemy_conn option in [core] has been moved to the sql_alchemy_conn option in [database] - the old setting has been used, but please update your config.
  option = self._get_environment_variables(deprecated_key, deprecated_section, key, section)

[2022-12-27T09:07:37.238+0000] {task_command.py:384} INFO - Running <TaskInstance: bertopic_autopik_airflow.clear_bento scheduled__2022-12-27T06:00:00+00:00 [running]> on host a0f3911d9707
[2022-12-27T09:07:37.325+0000] {taskinstance.py:1590} INFO - Exporting the following env vars:
AIRFLOW_CTX_DAG_EMAIL=hojun.seo@pikurate.com
AIRFLOW_CTX_DAG_OWNER=***
AIRFLOW_CTX_DAG_ID=bertopic_autopik_***
AIRFLOW_CTX_TASK_ID=clear_bento
AIRFLOW_CTX_EXECUTION_DATE=2022-12-27T06:00:00+00:00
AIRFLOW_CTX_TRY_NUMBER=1
AIRFLOW_CTX_DAG_RUN_ID=scheduled__2022-12-27T06:00:00+00:00
[2022-12-27T09:07:37.326+0000] {subprocess.py:63} INFO - Tmp dir root location: 
 /tmp
[2022-12-27T09:07:37.327+0000] {subprocess.py:75} INFO - Running command: ['/bin/bash', '-c', ' \n                bentoml delete bertopic_autopik_bento --yes; bentoml models delete bertopic_autopik_model --yes; echo "Job continued"  \n            ']
[2022-12-27T09:07:37.360+0000] {subprocess.py:86} INFO - Output:
[2022-12-27T09:07:38.803+0000] {subprocess.py:93} INFO - Error: [bentoml-cli] `delete` failed: no Bentos with name 'bertopic_autopik_bento' found
[2022-12-27T09:07:40.353+0000] {subprocess.py:93} INFO - Error: [models] `delete` failed: no Models with name 'bertopic_autopik_model' found
[2022-12-27T09:07:40.541+0000] {subprocess.py:93} INFO - Job continued
[2022-12-27T09:07:40.543+0000] {subprocess.py:97} INFO - Command exited with return code 0
[2022-12-27T09:07:40.625+0000] {taskinstance.py:1401} INFO - Marking task as SUCCESS. dag_id=bertopic_autopik_***, task_id=clear_bento, execution_date=20221227T060000, start_date=20221227T090709, end_date=20221227T090740
[2022-12-27T09:07:41.088+0000] {local_task_job.py:164} INFO - Task exited with return code 0
[2022-12-27T09:07:41.143+0000] {local_task_job.py:273} INFO - 1 downstream tasks scheduled from follow-on schedule check
