[2022-12-27T06:57:26.894+0000] {taskinstance.py:1165} INFO - Dependencies all met for <TaskInstance: bertopic_autopik_airflow.create_bento manual__2022-12-27T06:49:48.387182+00:00 [queued]>
[2022-12-27T06:57:26.909+0000] {taskinstance.py:1165} INFO - Dependencies all met for <TaskInstance: bertopic_autopik_airflow.create_bento manual__2022-12-27T06:49:48.387182+00:00 [queued]>
[2022-12-27T06:57:26.909+0000] {taskinstance.py:1362} INFO - 
--------------------------------------------------------------------------------
[2022-12-27T06:57:26.909+0000] {taskinstance.py:1363} INFO - Starting attempt 1 of 1
[2022-12-27T06:57:26.910+0000] {taskinstance.py:1364} INFO - 
--------------------------------------------------------------------------------
[2022-12-27T06:57:26.928+0000] {taskinstance.py:1383} INFO - Executing <Task(BashOperator): create_bento> on 2022-12-27 06:49:48.387182+00:00
[2022-12-27T06:57:26.936+0000] {standard_task_runner.py:54} INFO - Started process 1160 to run task
[2022-12-27T06:57:26.940+0000] {standard_task_runner.py:82} INFO - Running: ['***', 'tasks', 'run', 'bertopic_autopik_***', 'create_bento', 'manual__2022-12-27T06:49:48.387182+00:00', '--job-id', '28', '--raw', '--subdir', 'DAGS_FOLDER/bertopic_autopik_***.py', '--cfg-path', '/tmp/tmpqohcwv35']
[2022-12-27T06:57:26.941+0000] {standard_task_runner.py:83} INFO - Job 28: Subtask create_bento
[2022-12-27T06:57:26.942+0000] {dagbag.py:525} INFO - Filling up the DagBag from /opt/***/dags/bertopic_autopik_***.py
[2022-12-27T06:57:37.873+0000] {warnings.py:109} WARNING - /home/***/.local/lib/python3.8/site-packages/***/configuration.py:545: DeprecationWarning: The sql_alchemy_conn option in [core] has been moved to the sql_alchemy_conn option in [database] - the old setting has been used, but please update your config.
  option = self._get_environment_variables(deprecated_key, deprecated_section, key, section)

[2022-12-27T06:57:37.931+0000] {task_command.py:384} INFO - Running <TaskInstance: bertopic_autopik_airflow.create_bento manual__2022-12-27T06:49:48.387182+00:00 [running]> on host c4e9f2234c2b
[2022-12-27T06:57:38.008+0000] {taskinstance.py:1590} INFO - Exporting the following env vars:
AIRFLOW_CTX_DAG_EMAIL=hojun.seo@pikurate.com
AIRFLOW_CTX_DAG_OWNER=***
AIRFLOW_CTX_DAG_ID=bertopic_autopik_***
AIRFLOW_CTX_TASK_ID=create_bento
AIRFLOW_CTX_EXECUTION_DATE=2022-12-27T06:49:48.387182+00:00
AIRFLOW_CTX_TRY_NUMBER=1
AIRFLOW_CTX_DAG_RUN_ID=manual__2022-12-27T06:49:48.387182+00:00
[2022-12-27T06:57:38.009+0000] {subprocess.py:63} INFO - Tmp dir root location: 
 /tmp
[2022-12-27T06:57:38.009+0000] {subprocess.py:75} INFO - Running command: ['/bin/bash', '-c', ' \n            cd /opt/***/dags/bentoml/auto_pik_bento; bentoml build\n        ']
[2022-12-27T06:57:38.059+0000] {subprocess.py:86} INFO - Output:
[2022-12-27T06:57:50.448+0000] {subprocess.py:93} INFO - Traceback (most recent call last):
[2022-12-27T06:57:50.449+0000] {subprocess.py:93} INFO -   File "/home/***/.local/bin/bentoml", line 8, in <module>
[2022-12-27T06:57:50.449+0000] {subprocess.py:93} INFO -     sys.exit(cli())
[2022-12-27T06:57:50.449+0000] {subprocess.py:93} INFO -   File "/home/***/.local/lib/python3.8/site-packages/click/core.py", line 1130, in __call__
[2022-12-27T06:57:50.449+0000] {subprocess.py:93} INFO -     return self.main(*args, **kwargs)
[2022-12-27T06:57:50.449+0000] {subprocess.py:93} INFO -   File "/home/***/.local/lib/python3.8/site-packages/click/core.py", line 1055, in main
[2022-12-27T06:57:50.449+0000] {subprocess.py:93} INFO -     rv = self.invoke(ctx)
[2022-12-27T06:57:50.449+0000] {subprocess.py:93} INFO -   File "/home/***/.local/lib/python3.8/site-packages/click/core.py", line 1657, in invoke
[2022-12-27T06:57:50.449+0000] {subprocess.py:93} INFO -     return _process_result(sub_ctx.command.invoke(sub_ctx))
[2022-12-27T06:57:50.450+0000] {subprocess.py:93} INFO -   File "/home/***/.local/lib/python3.8/site-packages/click/core.py", line 1404, in invoke
[2022-12-27T06:57:50.450+0000] {subprocess.py:93} INFO -     return ctx.invoke(self.callback, **ctx.params)
[2022-12-27T06:57:50.450+0000] {subprocess.py:93} INFO -   File "/home/***/.local/lib/python3.8/site-packages/click/core.py", line 760, in invoke
[2022-12-27T06:57:50.450+0000] {subprocess.py:93} INFO -     return __callback(*args, **kwargs)
[2022-12-27T06:57:50.450+0000] {subprocess.py:93} INFO -   File "/home/***/.local/lib/python3.8/site-packages/bentoml_cli/utils.py", line 268, in wrapper
[2022-12-27T06:57:50.450+0000] {subprocess.py:93} INFO -     return func(*args, **kwargs)
[2022-12-27T06:57:50.450+0000] {subprocess.py:93} INFO -   File "/home/***/.local/lib/python3.8/site-packages/bentoml_cli/utils.py", line 239, in wrapper
[2022-12-27T06:57:50.450+0000] {subprocess.py:93} INFO -     return_value = func(*args, **kwargs)
[2022-12-27T06:57:50.450+0000] {subprocess.py:93} INFO -   File "/home/***/.local/lib/python3.8/site-packages/bentoml_cli/utils.py", line 196, in wrapper
[2022-12-27T06:57:50.450+0000] {subprocess.py:93} INFO -     return func(*args, **kwargs)
[2022-12-27T06:57:50.451+0000] {subprocess.py:93} INFO -   File "/home/***/.local/lib/python3.8/site-packages/bentoml_cli/bentos.py", line 276, in build
[2022-12-27T06:57:50.451+0000] {subprocess.py:93} INFO -     build_bentofile(bentofile, build_ctx=build_ctx, version=version)
[2022-12-27T06:57:50.451+0000] {subprocess.py:93} INFO -   File "/home/***/.local/lib/python3.8/site-packages/simple_di/__init__.py", line 139, in _
[2022-12-27T06:57:50.451+0000] {subprocess.py:93} INFO -     return func(*_inject_args(bind.args), **_inject_kwargs(bind.kwargs))
[2022-12-27T06:57:50.451+0000] {subprocess.py:93} INFO -   File "/home/***/.local/lib/python3.8/site-packages/bentoml/bentos.py", line 391, in build_bentofile
[2022-12-27T06:57:50.451+0000] {subprocess.py:93} INFO -     bento = Bento.create(
[2022-12-27T06:57:50.451+0000] {subprocess.py:93} INFO -   File "/home/***/.local/lib/python3.8/site-packages/simple_di/__init__.py", line 139, in _
[2022-12-27T06:57:50.451+0000] {subprocess.py:93} INFO -     return func(*_inject_args(bind.args), **_inject_kwargs(bind.kwargs))
[2022-12-27T06:57:50.451+0000] {subprocess.py:93} INFO -   File "/home/***/.local/lib/python3.8/site-packages/bentoml/_internal/bento/bento.py", line 181, in create
[2022-12-27T06:57:50.451+0000] {subprocess.py:93} INFO -     svc = import_service(
[2022-12-27T06:57:50.452+0000] {subprocess.py:93} INFO -   File "/home/***/.local/lib/python3.8/site-packages/simple_di/__init__.py", line 139, in _
[2022-12-27T06:57:50.452+0000] {subprocess.py:93} INFO -     return func(*_inject_args(bind.args), **_inject_kwargs(bind.kwargs))
[2022-12-27T06:57:50.453+0000] {subprocess.py:93} INFO -   File "/home/***/.local/lib/python3.8/site-packages/bentoml/_internal/service/loader.py", line 137, in import_service
[2022-12-27T06:57:50.453+0000] {subprocess.py:93} INFO -     module = importlib.import_module(module_name, package=working_dir)
[2022-12-27T06:57:50.453+0000] {subprocess.py:93} INFO -   File "/usr/local/lib/python3.8/importlib/__init__.py", line 127, in import_module
[2022-12-27T06:57:50.453+0000] {subprocess.py:93} INFO -     return _bootstrap._gcd_import(name[level:], package, level)
[2022-12-27T06:57:50.453+0000] {subprocess.py:93} INFO -   File "<frozen importlib._bootstrap>", line 1014, in _gcd_import
[2022-12-27T06:57:50.453+0000] {subprocess.py:93} INFO -   File "<frozen importlib._bootstrap>", line 991, in _find_and_load
[2022-12-27T06:57:50.453+0000] {subprocess.py:93} INFO -   File "<frozen importlib._bootstrap>", line 975, in _find_and_load_unlocked
[2022-12-27T06:57:50.453+0000] {subprocess.py:93} INFO -   File "<frozen importlib._bootstrap>", line 671, in _load_unlocked
[2022-12-27T06:57:50.453+0000] {subprocess.py:93} INFO -   File "<frozen importlib._bootstrap_external>", line 843, in exec_module
[2022-12-27T06:57:50.453+0000] {subprocess.py:93} INFO -   File "<frozen importlib._bootstrap>", line 219, in _call_with_frames_removed
[2022-12-27T06:57:50.454+0000] {subprocess.py:93} INFO -   File "/opt/***/dags/bentoml/auto_pik_bento/./bento_service_auto_pik.py", line 55, in <module>
[2022-12-27T06:57:50.454+0000] {subprocess.py:93} INFO -     with open('data.pickle', 'rb') as f:
[2022-12-27T06:57:50.454+0000] {subprocess.py:93} INFO - FileNotFoundError: [Errno 2] No such file or directory: 'data.pickle'
[2022-12-27T06:57:51.226+0000] {subprocess.py:97} INFO - Command exited with return code 1
[2022-12-27T06:57:51.249+0000] {taskinstance.py:1851} ERROR - Task failed with exception
Traceback (most recent call last):
  File "/home/airflow/.local/lib/python3.8/site-packages/airflow/operators/bash.py", line 196, in execute
    raise AirflowException(
airflow.exceptions.AirflowException: Bash command failed. The command returned a non-zero exit code 1.
[2022-12-27T06:57:51.254+0000] {taskinstance.py:1401} INFO - Marking task as FAILED. dag_id=bertopic_autopik_***, task_id=create_bento, execution_date=20221227T064948, start_date=20221227T065726, end_date=20221227T065751
[2022-12-27T06:57:51.639+0000] {standard_task_runner.py:102} ERROR - Failed to execute job 28 for task create_bento (Bash command failed. The command returned a non-zero exit code 1.; 1160)
[2022-12-27T06:57:51.760+0000] {local_task_job.py:164} INFO - Task exited with return code 1
[2022-12-27T06:57:51.812+0000] {local_task_job.py:273} INFO - 0 downstream tasks scheduled from follow-on schedule check
