[2022-12-28T06:00:00.716+0000] {taskinstance.py:1165} INFO - Dependencies all met for <TaskInstance: bertopic_autopik_airflow.clear_bento scheduled__2022-12-28T04:00:00+00:00 [queued]>
[2022-12-28T06:00:00.731+0000] {taskinstance.py:1165} INFO - Dependencies all met for <TaskInstance: bertopic_autopik_airflow.clear_bento scheduled__2022-12-28T04:00:00+00:00 [queued]>
[2022-12-28T06:00:00.731+0000] {taskinstance.py:1362} INFO - 
--------------------------------------------------------------------------------
[2022-12-28T06:00:00.731+0000] {taskinstance.py:1363} INFO - Starting attempt 1 of 1
[2022-12-28T06:00:00.731+0000] {taskinstance.py:1364} INFO - 
--------------------------------------------------------------------------------
[2022-12-28T06:00:00.753+0000] {taskinstance.py:1383} INFO - Executing <Task(BashOperator): clear_bento> on 2022-12-28 04:00:00+00:00
[2022-12-28T06:00:00.767+0000] {standard_task_runner.py:54} INFO - Started process 359 to run task
[2022-12-28T06:00:00.772+0000] {standard_task_runner.py:82} INFO - Running: ['***', 'tasks', 'run', 'bertopic_autopik_***', 'clear_bento', 'scheduled__2022-12-28T04:00:00+00:00', '--job-id', '8', '--raw', '--subdir', 'DAGS_FOLDER/bertopic_autopik_***.py', '--cfg-path', '/tmp/tmpy0qefk5o']
[2022-12-28T06:00:00.773+0000] {standard_task_runner.py:83} INFO - Job 8: Subtask clear_bento
[2022-12-28T06:00:00.774+0000] {dagbag.py:525} INFO - Filling up the DagBag from /opt/***/dags/bertopic_autopik_***.py
[2022-12-28T06:00:12.467+0000] {warnings.py:109} WARNING - /home/***/.local/lib/python3.8/site-packages/***/configuration.py:545: DeprecationWarning: The sql_alchemy_conn option in [core] has been moved to the sql_alchemy_conn option in [database] - the old setting has been used, but please update your config.
  option = self._get_environment_variables(deprecated_key, deprecated_section, key, section)

[2022-12-28T06:00:12.528+0000] {task_command.py:384} INFO - Running <TaskInstance: bertopic_autopik_airflow.clear_bento scheduled__2022-12-28T04:00:00+00:00 [running]> on host 01844bb5aa3c
[2022-12-28T06:00:12.611+0000] {taskinstance.py:1590} INFO - Exporting the following env vars:
AIRFLOW_CTX_DAG_EMAIL=hojun.seo@pikurate.com
AIRFLOW_CTX_DAG_OWNER=***
AIRFLOW_CTX_DAG_ID=bertopic_autopik_***
AIRFLOW_CTX_TASK_ID=clear_bento
AIRFLOW_CTX_EXECUTION_DATE=2022-12-28T04:00:00+00:00
AIRFLOW_CTX_TRY_NUMBER=1
AIRFLOW_CTX_DAG_RUN_ID=scheduled__2022-12-28T04:00:00+00:00
[2022-12-28T06:00:12.612+0000] {subprocess.py:63} INFO - Tmp dir root location: 
 /tmp
[2022-12-28T06:00:12.613+0000] {subprocess.py:75} INFO - Running command: ['/bin/bash', '-c', ' \n                bentoml delete bertopic_autopik_bento --yes; bentoml models delete bertopic_autopik_model --yes; echo "Job continued"  \n            ']
[2022-12-28T06:00:12.639+0000] {subprocess.py:86} INFO - Output:
[2022-12-28T06:00:14.242+0000] {subprocess.py:93} INFO - Error: [bentoml-cli] `delete` failed: no Bentos with name 'bertopic_autopik_bento' found
[2022-12-28T06:00:15.878+0000] {subprocess.py:93} INFO - Model(tag="bertopic_autopik_model:547oyiegokczqasc") deleted.
[2022-12-28T06:00:16.250+0000] {subprocess.py:93} INFO - Job continued
[2022-12-28T06:00:16.251+0000] {subprocess.py:97} INFO - Command exited with return code 0
[2022-12-28T06:00:16.301+0000] {taskinstance.py:1401} INFO - Marking task as SUCCESS. dag_id=bertopic_autopik_***, task_id=clear_bento, execution_date=20221228T040000, start_date=20221228T060000, end_date=20221228T060016
[2022-12-28T06:00:16.784+0000] {local_task_job.py:164} INFO - Task exited with return code 0
[2022-12-28T06:00:16.855+0000] {local_task_job.py:273} INFO - 1 downstream tasks scheduled from follow-on schedule check
[2022-12-28T06:33:02.777+0000] {taskinstance.py:1165} INFO - Dependencies all met for <TaskInstance: bertopic_autopik_airflow.clear_bento scheduled__2022-12-28T04:00:00+00:00 [queued]>
[2022-12-28T06:33:02.801+0000] {taskinstance.py:1165} INFO - Dependencies all met for <TaskInstance: bertopic_autopik_airflow.clear_bento scheduled__2022-12-28T04:00:00+00:00 [queued]>
[2022-12-28T06:33:02.802+0000] {taskinstance.py:1362} INFO - 
--------------------------------------------------------------------------------
[2022-12-28T06:33:02.803+0000] {taskinstance.py:1363} INFO - Starting attempt 1 of 1
[2022-12-28T06:33:02.803+0000] {taskinstance.py:1364} INFO - 
--------------------------------------------------------------------------------
[2022-12-28T06:33:02.822+0000] {taskinstance.py:1383} INFO - Executing <Task(BashOperator): clear_bento> on 2022-12-28 04:00:00+00:00
[2022-12-28T06:33:02.829+0000] {standard_task_runner.py:54} INFO - Started process 68 to run task
[2022-12-28T06:33:02.833+0000] {standard_task_runner.py:82} INFO - Running: ['***', 'tasks', 'run', 'bertopic_autopik_***', 'clear_bento', 'scheduled__2022-12-28T04:00:00+00:00', '--job-id', '2', '--raw', '--subdir', 'DAGS_FOLDER/bertopic_autopik_***.py', '--cfg-path', '/tmp/tmp1gjdafp8']
[2022-12-28T06:33:02.835+0000] {standard_task_runner.py:83} INFO - Job 2: Subtask clear_bento
[2022-12-28T06:33:02.836+0000] {dagbag.py:525} INFO - Filling up the DagBag from /opt/***/dags/bertopic_autopik_***.py
[2022-12-28T06:33:24.031+0000] {warnings.py:109} WARNING - /home/***/.local/lib/python3.8/site-packages/***/configuration.py:545: DeprecationWarning: The sql_alchemy_conn option in [core] has been moved to the sql_alchemy_conn option in [database] - the old setting has been used, but please update your config.
  option = self._get_environment_variables(deprecated_key, deprecated_section, key, section)

[2022-12-28T06:33:24.092+0000] {task_command.py:384} INFO - Running <TaskInstance: bertopic_autopik_airflow.clear_bento scheduled__2022-12-28T04:00:00+00:00 [running]> on host 1bb2d79d4907
[2022-12-28T06:33:24.163+0000] {taskinstance.py:1590} INFO - Exporting the following env vars:
AIRFLOW_CTX_DAG_EMAIL=hojun.seo@pikurate.com
AIRFLOW_CTX_DAG_OWNER=***
AIRFLOW_CTX_DAG_ID=bertopic_autopik_***
AIRFLOW_CTX_TASK_ID=clear_bento
AIRFLOW_CTX_EXECUTION_DATE=2022-12-28T04:00:00+00:00
AIRFLOW_CTX_TRY_NUMBER=1
AIRFLOW_CTX_DAG_RUN_ID=scheduled__2022-12-28T04:00:00+00:00
[2022-12-28T06:33:24.164+0000] {subprocess.py:63} INFO - Tmp dir root location: 
 /tmp
[2022-12-28T06:33:24.164+0000] {subprocess.py:75} INFO - Running command: ['/bin/bash', '-c', ' \n                bentoml delete bertopic_autopik_bento --yes; bentoml models delete bertopic_autopik_model --yes; echo "Job continued"  \n            ']
[2022-12-28T06:33:24.188+0000] {subprocess.py:86} INFO - Output:
[2022-12-28T06:33:25.461+0000] {subprocess.py:93} INFO - Error: [bentoml-cli] `delete` failed: no Bentos with name 'bertopic_autopik_bento' found
[2022-12-28T06:33:26.710+0000] {subprocess.py:93} INFO - Error: [models] `delete` failed: no Models with name 'bertopic_autopik_model' found
[2022-12-28T06:33:26.777+0000] {subprocess.py:93} INFO - Job continued
[2022-12-28T06:33:26.777+0000] {subprocess.py:97} INFO - Command exited with return code 0
[2022-12-28T06:33:26.816+0000] {taskinstance.py:1401} INFO - Marking task as SUCCESS. dag_id=bertopic_autopik_***, task_id=clear_bento, execution_date=20221228T040000, start_date=20221228T063302, end_date=20221228T063326
[2022-12-28T06:33:27.400+0000] {local_task_job.py:164} INFO - Task exited with return code 0
[2022-12-28T06:33:27.434+0000] {local_task_job.py:273} INFO - 1 downstream tasks scheduled from follow-on schedule check
