[2022-12-28T06:02:50.551+0000] {taskinstance.py:1165} INFO - Dependencies all met for <TaskInstance: bertopic_autopik_airflow.train_bertopic manual__2022-12-28T06:01:24.767025+00:00 [queued]>
[2022-12-28T06:02:50.569+0000] {taskinstance.py:1165} INFO - Dependencies all met for <TaskInstance: bertopic_autopik_airflow.train_bertopic manual__2022-12-28T06:01:24.767025+00:00 [queued]>
[2022-12-28T06:02:50.569+0000] {taskinstance.py:1362} INFO - 
--------------------------------------------------------------------------------
[2022-12-28T06:02:50.569+0000] {taskinstance.py:1363} INFO - Starting attempt 1 of 1
[2022-12-28T06:02:50.570+0000] {taskinstance.py:1364} INFO - 
--------------------------------------------------------------------------------
[2022-12-28T06:02:50.598+0000] {taskinstance.py:1383} INFO - Executing <Task(PythonOperator): train_bertopic> on 2022-12-28 06:01:24.767025+00:00
[2022-12-28T06:02:50.613+0000] {standard_task_runner.py:54} INFO - Started process 558 to run task
[2022-12-28T06:02:50.617+0000] {standard_task_runner.py:82} INFO - Running: ['***', 'tasks', 'run', 'bertopic_autopik_***', 'train_bertopic', 'manual__2022-12-28T06:01:24.767025+00:00', '--job-id', '16', '--raw', '--subdir', 'DAGS_FOLDER/bertopic_autopik_***.py', '--cfg-path', '/tmp/tmpbgnlb7_s']
[2022-12-28T06:02:50.618+0000] {standard_task_runner.py:83} INFO - Job 16: Subtask train_bertopic
[2022-12-28T06:02:50.619+0000] {dagbag.py:525} INFO - Filling up the DagBag from /opt/***/dags/bertopic_autopik_***.py
[2022-12-28T06:03:00.752+0000] {warnings.py:109} WARNING - /home/***/.local/lib/python3.8/site-packages/***/configuration.py:545: DeprecationWarning: The sql_alchemy_conn option in [core] has been moved to the sql_alchemy_conn option in [database] - the old setting has been used, but please update your config.
  option = self._get_environment_variables(deprecated_key, deprecated_section, key, section)

[2022-12-28T06:03:00.811+0000] {task_command.py:384} INFO - Running <TaskInstance: bertopic_autopik_airflow.train_bertopic manual__2022-12-28T06:01:24.767025+00:00 [running]> on host 01844bb5aa3c
[2022-12-28T06:03:00.942+0000] {taskinstance.py:1590} INFO - Exporting the following env vars:
AIRFLOW_CTX_DAG_EMAIL=hojun.seo@pikurate.com
AIRFLOW_CTX_DAG_OWNER=***
AIRFLOW_CTX_DAG_ID=bertopic_autopik_***
AIRFLOW_CTX_TASK_ID=train_bertopic
AIRFLOW_CTX_EXECUTION_DATE=2022-12-28T06:01:24.767025+00:00
AIRFLOW_CTX_TRY_NUMBER=1
AIRFLOW_CTX_DAG_RUN_ID=manual__2022-12-28T06:01:24.767025+00:00
[2022-12-28T06:03:04.915+0000] {SentenceTransformer.py:66} INFO - Load pretrained SentenceTransformer: paraphrase-multilingual-MiniLM-L12-v2
[2022-12-28T06:03:08.208+0000] {SentenceTransformer.py:105} INFO - Use pytorch device: cuda
[2022-12-28T06:08:30.274+0000] {logging_mixin.py:117} INFO - the BERTopic took 325.42758297920227 seconds
[2022-12-28T06:08:59.462+0000] {warnings.py:109} WARNING - /home/***/.local/lib/python3.8/site-packages/scipy/sparse/_index.py:146: SparseEfficiencyWarning: Changing the sparsity structure of a csr_matrix is expensive. lil_matrix is more efficient.
  self._set_arrayXarray(i, j, x)

[2022-12-28T06:09:09.494+0000] {picklable.py:126} INFO - Using the default model signature for pickable model ({'__call__': ModelSignature(batchable=False, batch_dim=(0, 0), input_spec=None, output_spec=None)}) for model "bertopic_autopik_model".
[2022-12-28T06:09:14.685+0000] {model.py:207} INFO - Successfully saved Model(tag="bertopic_autopik_model:esbfcrego2ir2asc")
[2022-12-28T06:09:15.897+0000] {logging_mixin.py:117} INFO - Model saved: Model(tag="bertopic_autopik_model:esbfcrego2ir2asc")
[2022-12-28T06:09:16.222+0000] {python.py:177} INFO - Done. Returned value was: None
[2022-12-28T06:09:16.236+0000] {taskinstance.py:1401} INFO - Marking task as SUCCESS. dag_id=bertopic_autopik_***, task_id=train_bertopic, execution_date=20221228T060124, start_date=20221228T060250, end_date=20221228T060916
[2022-12-28T06:09:17.619+0000] {local_task_job.py:164} INFO - Task exited with return code 0
[2022-12-28T06:09:17.683+0000] {local_task_job.py:273} INFO - 0 downstream tasks scheduled from follow-on schedule check
