[2022-12-26T08:06:55.417+0000] {taskinstance.py:1165} INFO - Dependencies all met for <TaskInstance: bertopic_autopik_airflow.train_vectorizers manual__2022-12-26T07:58:28.966756+00:00 [queued]>
[2022-12-26T08:06:55.434+0000] {taskinstance.py:1165} INFO - Dependencies all met for <TaskInstance: bertopic_autopik_airflow.train_vectorizers manual__2022-12-26T07:58:28.966756+00:00 [queued]>
[2022-12-26T08:06:55.435+0000] {taskinstance.py:1362} INFO - 
--------------------------------------------------------------------------------
[2022-12-26T08:06:55.435+0000] {taskinstance.py:1363} INFO - Starting attempt 1 of 1
[2022-12-26T08:06:55.435+0000] {taskinstance.py:1364} INFO - 
--------------------------------------------------------------------------------
[2022-12-26T08:06:55.454+0000] {taskinstance.py:1383} INFO - Executing <Task(PythonOperator): train_vectorizers> on 2022-12-26 07:58:28.966756+00:00
[2022-12-26T08:06:55.462+0000] {standard_task_runner.py:54} INFO - Started process 621 to run task
[2022-12-26T08:06:55.466+0000] {standard_task_runner.py:82} INFO - Running: ['***', 'tasks', 'run', 'bertopic_autopik_***', 'train_vectorizers', 'manual__2022-12-26T07:58:28.966756+00:00', '--job-id', '20', '--raw', '--subdir', 'DAGS_FOLDER/bertopic_autopik_***.py', '--cfg-path', '/tmp/tmpkjugjy8k']
[2022-12-26T08:06:55.467+0000] {standard_task_runner.py:83} INFO - Job 20: Subtask train_vectorizers
[2022-12-26T08:06:55.468+0000] {dagbag.py:525} INFO - Filling up the DagBag from /opt/***/dags/bertopic_autopik_***.py
[2022-12-26T08:07:07.188+0000] {warnings.py:109} WARNING - /home/***/.local/lib/python3.8/site-packages/***/configuration.py:545: DeprecationWarning: The sql_alchemy_conn option in [core] has been moved to the sql_alchemy_conn option in [database] - the old setting has been used, but please update your config.
  option = self._get_environment_variables(deprecated_key, deprecated_section, key, section)

[2022-12-26T08:07:07.263+0000] {task_command.py:384} INFO - Running <TaskInstance: bertopic_autopik_airflow.train_vectorizers manual__2022-12-26T07:58:28.966756+00:00 [running]> on host c4b524c24ec1
[2022-12-26T08:07:07.363+0000] {taskinstance.py:1590} INFO - Exporting the following env vars:
AIRFLOW_CTX_DAG_EMAIL=hojun.seo@pikurate.com
AIRFLOW_CTX_DAG_OWNER=***
AIRFLOW_CTX_DAG_ID=bertopic_autopik_***
AIRFLOW_CTX_TASK_ID=train_vectorizers
AIRFLOW_CTX_EXECUTION_DATE=2022-12-26T07:58:28.966756+00:00
AIRFLOW_CTX_TRY_NUMBER=1
AIRFLOW_CTX_DAG_RUN_ID=manual__2022-12-26T07:58:28.966756+00:00
[2022-12-26T08:07:11.865+0000] {logging_mixin.py:117} INFO - It is pandas.Series type
[2022-12-26T08:07:12.514+0000] {taskinstance.py:1851} ERROR - Task failed with exception
Traceback (most recent call last):
  File "/home/airflow/.local/lib/python3.8/site-packages/airflow/operators/python.py", line 175, in execute
    return_value = self.execute_callable()
  File "/home/airflow/.local/lib/python3.8/site-packages/airflow/operators/python.py", line 193, in execute_callable
    return self.python_callable(*self.op_args, **self.op_kwargs)
  File "/opt/airflow/dags/functions/training_vectorizers.py", line 34, in train_vectorizers_save
    count_vectorizer, tfidf_transformer, feature_names = tf_idf(data['link_title'])
  File "/opt/airflow/dags/functions/training_vectorizers.py", line 17, in tf_idf
    word_count_vector = cv.fit_transform(data)
  File "/home/airflow/.local/lib/python3.8/site-packages/sklearn/feature_extraction/text.py", line 1377, in fit_transform
    vocabulary, X = self._count_vocab(raw_documents, self.fixed_vocabulary_)
  File "/home/airflow/.local/lib/python3.8/site-packages/sklearn/feature_extraction/text.py", line 1264, in _count_vocab
    for feature in analyze(doc):
  File "/home/airflow/.local/lib/python3.8/site-packages/sklearn/feature_extraction/text.py", line 111, in _analyze
    doc = preprocessor(doc)
  File "/home/airflow/.local/lib/python3.8/site-packages/sklearn/feature_extraction/text.py", line 69, in _preprocess
    doc = doc.lower()
AttributeError: 'NoneType' object has no attribute 'lower'
[2022-12-26T08:07:12.533+0000] {taskinstance.py:1401} INFO - Marking task as FAILED. dag_id=bertopic_autopik_***, task_id=train_vectorizers, execution_date=20221226T075828, start_date=20221226T080655, end_date=20221226T080712
[2022-12-26T08:07:12.906+0000] {standard_task_runner.py:102} ERROR - Failed to execute job 20 for task train_vectorizers ('NoneType' object has no attribute 'lower'; 621)
[2022-12-26T08:07:13.005+0000] {local_task_job.py:164} INFO - Task exited with return code 1
[2022-12-26T08:07:13.046+0000] {local_task_job.py:273} INFO - 0 downstream tasks scheduled from follow-on schedule check
