[2022-12-28T04:20:06.999+0000] {taskinstance.py:1165} INFO - Dependencies all met for <TaskInstance: bertopic_autopik_airflow.save_processed_data scheduled__2022-12-28T02:00:00+00:00 [queued]>
[2022-12-28T04:20:07.024+0000] {taskinstance.py:1165} INFO - Dependencies all met for <TaskInstance: bertopic_autopik_airflow.save_processed_data scheduled__2022-12-28T02:00:00+00:00 [queued]>
[2022-12-28T04:20:07.024+0000] {taskinstance.py:1362} INFO - 
--------------------------------------------------------------------------------
[2022-12-28T04:20:07.024+0000] {taskinstance.py:1363} INFO - Starting attempt 1 of 1
[2022-12-28T04:20:07.025+0000] {taskinstance.py:1364} INFO - 
--------------------------------------------------------------------------------
[2022-12-28T04:20:07.044+0000] {taskinstance.py:1383} INFO - Executing <Task(PythonOperator): save_processed_data> on 2022-12-28 02:00:00+00:00
[2022-12-28T04:20:07.051+0000] {standard_task_runner.py:54} INFO - Started process 117 to run task
[2022-12-28T04:20:07.055+0000] {standard_task_runner.py:82} INFO - Running: ['***', 'tasks', 'run', 'bertopic_autopik_***', 'save_processed_data', 'scheduled__2022-12-28T02:00:00+00:00', '--job-id', '4', '--raw', '--subdir', 'DAGS_FOLDER/bertopic_autopik_***.py', '--cfg-path', '/tmp/tmpv8qnt0_9']
[2022-12-28T04:20:07.056+0000] {standard_task_runner.py:83} INFO - Job 4: Subtask save_processed_data
[2022-12-28T04:20:07.057+0000] {dagbag.py:525} INFO - Filling up the DagBag from /opt/***/dags/bertopic_autopik_***.py
[2022-12-28T04:20:19.044+0000] {warnings.py:109} WARNING - /home/***/.local/lib/python3.8/site-packages/***/configuration.py:545: DeprecationWarning: The sql_alchemy_conn option in [core] has been moved to the sql_alchemy_conn option in [database] - the old setting has been used, but please update your config.
  option = self._get_environment_variables(deprecated_key, deprecated_section, key, section)

[2022-12-28T04:20:19.123+0000] {task_command.py:384} INFO - Running <TaskInstance: bertopic_autopik_airflow.save_processed_data scheduled__2022-12-28T02:00:00+00:00 [running]> on host 2f95ab99defd
[2022-12-28T04:20:19.215+0000] {taskinstance.py:1590} INFO - Exporting the following env vars:
AIRFLOW_CTX_DAG_EMAIL=hojun.seo@pikurate.com
AIRFLOW_CTX_DAG_OWNER=***
AIRFLOW_CTX_DAG_ID=bertopic_autopik_***
AIRFLOW_CTX_TASK_ID=save_processed_data
AIRFLOW_CTX_EXECUTION_DATE=2022-12-28T02:00:00+00:00
AIRFLOW_CTX_TRY_NUMBER=1
AIRFLOW_CTX_DAG_RUN_ID=scheduled__2022-12-28T02:00:00+00:00
[2022-12-28T04:20:25.061+0000] {logging_mixin.py:117} INFO - processed_data shape is:  (104936, 29)
[2022-12-28T04:20:25.104+0000] {python.py:177} INFO - Done. Returned value was: None
[2022-12-28T04:20:25.121+0000] {taskinstance.py:1401} INFO - Marking task as SUCCESS. dag_id=bertopic_autopik_***, task_id=save_processed_data, execution_date=20221228T020000, start_date=20221228T042007, end_date=20221228T042025
[2022-12-28T04:20:25.574+0000] {local_task_job.py:164} INFO - Task exited with return code 0
[2022-12-28T04:20:25.612+0000] {local_task_job.py:273} INFO - 0 downstream tasks scheduled from follow-on schedule check
[2022-12-28T05:04:01.357+0000] {taskinstance.py:1165} INFO - Dependencies all met for <TaskInstance: bertopic_autopik_airflow.save_processed_data scheduled__2022-12-28T02:00:00+00:00 [queued]>
[2022-12-28T05:04:01.368+0000] {taskinstance.py:1165} INFO - Dependencies all met for <TaskInstance: bertopic_autopik_airflow.save_processed_data scheduled__2022-12-28T02:00:00+00:00 [queued]>
[2022-12-28T05:04:01.368+0000] {taskinstance.py:1362} INFO - 
--------------------------------------------------------------------------------
[2022-12-28T05:04:01.368+0000] {taskinstance.py:1363} INFO - Starting attempt 1 of 1
[2022-12-28T05:04:01.369+0000] {taskinstance.py:1364} INFO - 
--------------------------------------------------------------------------------
[2022-12-28T05:04:01.383+0000] {taskinstance.py:1383} INFO - Executing <Task(PythonOperator): save_processed_data> on 2022-12-28 02:00:00+00:00
[2022-12-28T05:04:01.389+0000] {standard_task_runner.py:54} INFO - Started process 117 to run task
[2022-12-28T05:04:01.392+0000] {standard_task_runner.py:82} INFO - Running: ['***', 'tasks', 'run', 'bertopic_autopik_***', 'save_processed_data', 'scheduled__2022-12-28T02:00:00+00:00', '--job-id', '4', '--raw', '--subdir', 'DAGS_FOLDER/bertopic_autopik_***.py', '--cfg-path', '/tmp/tmpqw_uoack']
[2022-12-28T05:04:01.393+0000] {standard_task_runner.py:83} INFO - Job 4: Subtask save_processed_data
[2022-12-28T05:04:01.394+0000] {dagbag.py:525} INFO - Filling up the DagBag from /opt/***/dags/bertopic_autopik_***.py
[2022-12-28T05:04:10.588+0000] {warnings.py:109} WARNING - /home/***/.local/lib/python3.8/site-packages/***/configuration.py:545: DeprecationWarning: The sql_alchemy_conn option in [core] has been moved to the sql_alchemy_conn option in [database] - the old setting has been used, but please update your config.
  option = self._get_environment_variables(deprecated_key, deprecated_section, key, section)

[2022-12-28T05:04:10.671+0000] {task_command.py:384} INFO - Running <TaskInstance: bertopic_autopik_airflow.save_processed_data scheduled__2022-12-28T02:00:00+00:00 [running]> on host ca161c6b800c
[2022-12-28T05:04:10.770+0000] {taskinstance.py:1590} INFO - Exporting the following env vars:
AIRFLOW_CTX_DAG_EMAIL=hojun.seo@pikurate.com
AIRFLOW_CTX_DAG_OWNER=***
AIRFLOW_CTX_DAG_ID=bertopic_autopik_***
AIRFLOW_CTX_TASK_ID=save_processed_data
AIRFLOW_CTX_EXECUTION_DATE=2022-12-28T02:00:00+00:00
AIRFLOW_CTX_TRY_NUMBER=1
AIRFLOW_CTX_DAG_RUN_ID=scheduled__2022-12-28T02:00:00+00:00
[2022-12-28T05:04:16.086+0000] {logging_mixin.py:117} INFO - processed_data shape is:  (104936, 29)
[2022-12-28T05:04:16.115+0000] {python.py:177} INFO - Done. Returned value was: None
[2022-12-28T05:04:16.133+0000] {taskinstance.py:1401} INFO - Marking task as SUCCESS. dag_id=bertopic_autopik_***, task_id=save_processed_data, execution_date=20221228T020000, start_date=20221228T050401, end_date=20221228T050416
[2022-12-28T05:04:16.621+0000] {local_task_job.py:164} INFO - Task exited with return code 0
[2022-12-28T05:04:16.687+0000] {local_task_job.py:273} INFO - 1 downstream tasks scheduled from follow-on schedule check
[2022-12-28T05:38:20.588+0000] {taskinstance.py:1165} INFO - Dependencies all met for <TaskInstance: bertopic_autopik_airflow.save_processed_data scheduled__2022-12-28T02:00:00+00:00 [queued]>
[2022-12-28T05:38:20.600+0000] {taskinstance.py:1165} INFO - Dependencies all met for <TaskInstance: bertopic_autopik_airflow.save_processed_data scheduled__2022-12-28T02:00:00+00:00 [queued]>
[2022-12-28T05:38:20.601+0000] {taskinstance.py:1362} INFO - 
--------------------------------------------------------------------------------
[2022-12-28T05:38:20.601+0000] {taskinstance.py:1363} INFO - Starting attempt 1 of 1
[2022-12-28T05:38:20.601+0000] {taskinstance.py:1364} INFO - 
--------------------------------------------------------------------------------
[2022-12-28T05:38:20.617+0000] {taskinstance.py:1383} INFO - Executing <Task(PythonOperator): save_processed_data> on 2022-12-28 02:00:00+00:00
[2022-12-28T05:38:20.624+0000] {standard_task_runner.py:54} INFO - Started process 124 to run task
[2022-12-28T05:38:20.627+0000] {standard_task_runner.py:82} INFO - Running: ['***', 'tasks', 'run', 'bertopic_autopik_***', 'save_processed_data', 'scheduled__2022-12-28T02:00:00+00:00', '--job-id', '4', '--raw', '--subdir', 'DAGS_FOLDER/bertopic_autopik_***.py', '--cfg-path', '/tmp/tmpw7a1tl1d']
[2022-12-28T05:38:20.628+0000] {standard_task_runner.py:83} INFO - Job 4: Subtask save_processed_data
[2022-12-28T05:38:20.629+0000] {dagbag.py:525} INFO - Filling up the DagBag from /opt/***/dags/bertopic_autopik_***.py
[2022-12-28T05:38:31.751+0000] {warnings.py:109} WARNING - /home/***/.local/lib/python3.8/site-packages/***/configuration.py:545: DeprecationWarning: The sql_alchemy_conn option in [core] has been moved to the sql_alchemy_conn option in [database] - the old setting has been used, but please update your config.
  option = self._get_environment_variables(deprecated_key, deprecated_section, key, section)

[2022-12-28T05:38:31.813+0000] {task_command.py:384} INFO - Running <TaskInstance: bertopic_autopik_airflow.save_processed_data scheduled__2022-12-28T02:00:00+00:00 [running]> on host 01844bb5aa3c
[2022-12-28T05:38:31.896+0000] {taskinstance.py:1590} INFO - Exporting the following env vars:
AIRFLOW_CTX_DAG_EMAIL=hojun.seo@pikurate.com
AIRFLOW_CTX_DAG_OWNER=***
AIRFLOW_CTX_DAG_ID=bertopic_autopik_***
AIRFLOW_CTX_TASK_ID=save_processed_data
AIRFLOW_CTX_EXECUTION_DATE=2022-12-28T02:00:00+00:00
AIRFLOW_CTX_TRY_NUMBER=1
AIRFLOW_CTX_DAG_RUN_ID=scheduled__2022-12-28T02:00:00+00:00
[2022-12-28T05:38:37.564+0000] {logging_mixin.py:117} INFO - processed_data shape is:  (104936, 29)
[2022-12-28T05:38:37.592+0000] {python.py:177} INFO - Done. Returned value was: None
[2022-12-28T05:38:37.604+0000] {taskinstance.py:1401} INFO - Marking task as SUCCESS. dag_id=bertopic_autopik_***, task_id=save_processed_data, execution_date=20221228T020000, start_date=20221228T053820, end_date=20221228T053837
[2022-12-28T05:38:38.082+0000] {local_task_job.py:164} INFO - Task exited with return code 0
[2022-12-28T05:38:38.139+0000] {local_task_job.py:273} INFO - 1 downstream tasks scheduled from follow-on schedule check
