[2022-12-28T04:45:30.695+0000] {taskinstance.py:1165} INFO - Dependencies all met for <TaskInstance: bertopic_autopik_airflow.train_bertopic manual__2022-12-28T04:44:13.296482+00:00 [queued]>
[2022-12-28T04:45:30.709+0000] {taskinstance.py:1165} INFO - Dependencies all met for <TaskInstance: bertopic_autopik_airflow.train_bertopic manual__2022-12-28T04:44:13.296482+00:00 [queued]>
[2022-12-28T04:45:30.709+0000] {taskinstance.py:1362} INFO - 
--------------------------------------------------------------------------------
[2022-12-28T04:45:30.710+0000] {taskinstance.py:1363} INFO - Starting attempt 1 of 1
[2022-12-28T04:45:30.710+0000] {taskinstance.py:1364} INFO - 
--------------------------------------------------------------------------------
[2022-12-28T04:45:30.728+0000] {taskinstance.py:1383} INFO - Executing <Task(PythonOperator): train_bertopic> on 2022-12-28 04:44:13.296482+00:00
[2022-12-28T04:45:30.735+0000] {standard_task_runner.py:54} INFO - Started process 637 to run task
[2022-12-28T04:45:30.738+0000] {standard_task_runner.py:82} INFO - Running: ['***', 'tasks', 'run', 'bertopic_autopik_***', 'train_bertopic', 'manual__2022-12-28T04:44:13.296482+00:00', '--job-id', '17', '--raw', '--subdir', 'DAGS_FOLDER/bertopic_autopik_***.py', '--cfg-path', '/tmp/tmp5imd9bo2']
[2022-12-28T04:45:30.739+0000] {standard_task_runner.py:83} INFO - Job 17: Subtask train_bertopic
[2022-12-28T04:45:30.740+0000] {dagbag.py:525} INFO - Filling up the DagBag from /opt/***/dags/bertopic_autopik_***.py
[2022-12-28T04:45:40.275+0000] {warnings.py:109} WARNING - /home/***/.local/lib/python3.8/site-packages/***/configuration.py:545: DeprecationWarning: The sql_alchemy_conn option in [core] has been moved to the sql_alchemy_conn option in [database] - the old setting has been used, but please update your config.
  option = self._get_environment_variables(deprecated_key, deprecated_section, key, section)

[2022-12-28T04:45:40.343+0000] {task_command.py:384} INFO - Running <TaskInstance: bertopic_autopik_airflow.train_bertopic manual__2022-12-28T04:44:13.296482+00:00 [running]> on host 2f95ab99defd
[2022-12-28T04:45:40.429+0000] {taskinstance.py:1590} INFO - Exporting the following env vars:
AIRFLOW_CTX_DAG_EMAIL=hojun.seo@pikurate.com
AIRFLOW_CTX_DAG_OWNER=***
AIRFLOW_CTX_DAG_ID=bertopic_autopik_***
AIRFLOW_CTX_TASK_ID=train_bertopic
AIRFLOW_CTX_EXECUTION_DATE=2022-12-28T04:44:13.296482+00:00
AIRFLOW_CTX_TRY_NUMBER=1
AIRFLOW_CTX_DAG_RUN_ID=manual__2022-12-28T04:44:13.296482+00:00
[2022-12-28T04:45:45.077+0000] {SentenceTransformer.py:66} INFO - Load pretrained SentenceTransformer: paraphrase-multilingual-MiniLM-L12-v2
[2022-12-28T04:45:48.368+0000] {SentenceTransformer.py:105} INFO - Use pytorch device: cuda
[2022-12-28T04:51:21.627+0000] {logging_mixin.py:117} INFO - the BERTopic took 336.63081216812134 seconds
[2022-12-28T04:51:53.986+0000] {warnings.py:109} WARNING - /home/***/.local/lib/python3.8/site-packages/scipy/sparse/_index.py:146: SparseEfficiencyWarning: Changing the sparsity structure of a csr_matrix is expensive. lil_matrix is more efficient.
  self._set_arrayXarray(i, j, x)

[2022-12-28T04:52:07.931+0000] {picklable.py:126} INFO - Using the default model signature for pickable model ({'__call__': ModelSignature(batchable=False, batch_dim=(0, 0), input_spec=None, output_spec=None)}) for model "bertopic_autopik_model".
[2022-12-28T04:52:13.903+0000] {model.py:207} INFO - Successfully saved Model(tag="bertopic_autopik_model:mhl7ctugnohk2asc")
[2022-12-28T04:52:14.321+0000] {logging_mixin.py:117} INFO - Model saved: Model(tag="bertopic_autopik_model:mhl7ctugnohk2asc")
[2022-12-28T04:52:14.734+0000] {python.py:177} INFO - Done. Returned value was: None
[2022-12-28T04:52:14.747+0000] {taskinstance.py:1401} INFO - Marking task as SUCCESS. dag_id=bertopic_autopik_***, task_id=train_bertopic, execution_date=20221228T044413, start_date=20221228T044530, end_date=20221228T045214
[2022-12-28T04:52:15.571+0000] {local_task_job.py:164} INFO - Task exited with return code 0
[2022-12-28T04:52:15.608+0000] {local_task_job.py:273} INFO - 1 downstream tasks scheduled from follow-on schedule check
