[2022-12-27T06:57:07.823+0000] {taskinstance.py:1165} INFO - Dependencies all met for <TaskInstance: bertopic_autopik_airflow.train_vectorizers manual__2022-12-27T06:49:48.387182+00:00 [queued]>
[2022-12-27T06:57:07.837+0000] {taskinstance.py:1165} INFO - Dependencies all met for <TaskInstance: bertopic_autopik_airflow.train_vectorizers manual__2022-12-27T06:49:48.387182+00:00 [queued]>
[2022-12-27T06:57:07.837+0000] {taskinstance.py:1362} INFO - 
--------------------------------------------------------------------------------
[2022-12-27T06:57:07.837+0000] {taskinstance.py:1363} INFO - Starting attempt 1 of 1
[2022-12-27T06:57:07.837+0000] {taskinstance.py:1364} INFO - 
--------------------------------------------------------------------------------
[2022-12-27T06:57:07.855+0000] {taskinstance.py:1383} INFO - Executing <Task(PythonOperator): train_vectorizers> on 2022-12-27 06:49:48.387182+00:00
[2022-12-27T06:57:07.862+0000] {standard_task_runner.py:54} INFO - Started process 1138 to run task
[2022-12-27T06:57:07.865+0000] {standard_task_runner.py:82} INFO - Running: ['***', 'tasks', 'run', 'bertopic_autopik_***', 'train_vectorizers', 'manual__2022-12-27T06:49:48.387182+00:00', '--job-id', '27', '--raw', '--subdir', 'DAGS_FOLDER/bertopic_autopik_***.py', '--cfg-path', '/tmp/tmpccf1vzze']
[2022-12-27T06:57:07.866+0000] {standard_task_runner.py:83} INFO - Job 27: Subtask train_vectorizers
[2022-12-27T06:57:07.867+0000] {dagbag.py:525} INFO - Filling up the DagBag from /opt/***/dags/bertopic_autopik_***.py
[2022-12-27T06:57:18.950+0000] {warnings.py:109} WARNING - /home/***/.local/lib/python3.8/site-packages/***/configuration.py:545: DeprecationWarning: The sql_alchemy_conn option in [core] has been moved to the sql_alchemy_conn option in [database] - the old setting has been used, but please update your config.
  option = self._get_environment_variables(deprecated_key, deprecated_section, key, section)

[2022-12-27T06:57:19.006+0000] {task_command.py:384} INFO - Running <TaskInstance: bertopic_autopik_airflow.train_vectorizers manual__2022-12-27T06:49:48.387182+00:00 [running]> on host c4e9f2234c2b
[2022-12-27T06:57:19.104+0000] {taskinstance.py:1590} INFO - Exporting the following env vars:
AIRFLOW_CTX_DAG_EMAIL=hojun.seo@pikurate.com
AIRFLOW_CTX_DAG_OWNER=***
AIRFLOW_CTX_DAG_ID=bertopic_autopik_***
AIRFLOW_CTX_TASK_ID=train_vectorizers
AIRFLOW_CTX_EXECUTION_DATE=2022-12-27T06:49:48.387182+00:00
AIRFLOW_CTX_TRY_NUMBER=1
AIRFLOW_CTX_DAG_RUN_ID=manual__2022-12-27T06:49:48.387182+00:00
[2022-12-27T06:57:23.252+0000] {logging_mixin.py:117} INFO - It is pandas.Series type
[2022-12-27T06:57:25.165+0000] {python.py:177} INFO - Done. Returned value was: None
[2022-12-27T06:57:25.177+0000] {taskinstance.py:1401} INFO - Marking task as SUCCESS. dag_id=bertopic_autopik_***, task_id=train_vectorizers, execution_date=20221227T064948, start_date=20221227T065707, end_date=20221227T065725
[2022-12-27T06:57:25.634+0000] {local_task_job.py:164} INFO - Task exited with return code 0
[2022-12-27T06:57:25.681+0000] {local_task_job.py:273} INFO - 1 downstream tasks scheduled from follow-on schedule check
