[2022-12-28T01:20:54.264+0000] {taskinstance.py:1165} INFO - Dependencies all met for <TaskInstance: bertopic_autopik_airflow.create_bento scheduled__2022-12-27T22:00:00+00:00 [queued]>
[2022-12-28T01:20:54.281+0000] {taskinstance.py:1165} INFO - Dependencies all met for <TaskInstance: bertopic_autopik_airflow.create_bento scheduled__2022-12-27T22:00:00+00:00 [queued]>
[2022-12-28T01:20:54.281+0000] {taskinstance.py:1362} INFO - 
--------------------------------------------------------------------------------
[2022-12-28T01:20:54.281+0000] {taskinstance.py:1363} INFO - Starting attempt 1 of 1
[2022-12-28T01:20:54.281+0000] {taskinstance.py:1364} INFO - 
--------------------------------------------------------------------------------
[2022-12-28T01:20:54.303+0000] {taskinstance.py:1383} INFO - Executing <Task(BashOperator): create_bento> on 2022-12-27 22:00:00+00:00
[2022-12-28T01:20:54.309+0000] {standard_task_runner.py:54} INFO - Started process 273 to run task
[2022-12-28T01:20:54.313+0000] {standard_task_runner.py:82} INFO - Running: ['***', 'tasks', 'run', 'bertopic_autopik_***', 'create_bento', 'scheduled__2022-12-27T22:00:00+00:00', '--job-id', '7', '--raw', '--subdir', 'DAGS_FOLDER/bertopic_autopik_***.py', '--cfg-path', '/tmp/tmpksbu892d']
[2022-12-28T01:20:54.314+0000] {standard_task_runner.py:83} INFO - Job 7: Subtask create_bento
[2022-12-28T01:20:54.315+0000] {dagbag.py:525} INFO - Filling up the DagBag from /opt/***/dags/bertopic_autopik_***.py
[2022-12-28T01:21:05.226+0000] {warnings.py:109} WARNING - /home/***/.local/lib/python3.8/site-packages/***/configuration.py:545: DeprecationWarning: The sql_alchemy_conn option in [core] has been moved to the sql_alchemy_conn option in [database] - the old setting has been used, but please update your config.
  option = self._get_environment_variables(deprecated_key, deprecated_section, key, section)

[2022-12-28T01:21:05.288+0000] {task_command.py:384} INFO - Running <TaskInstance: bertopic_autopik_airflow.create_bento scheduled__2022-12-27T22:00:00+00:00 [running]> on host 55bf7dd50294
[2022-12-28T01:21:05.410+0000] {taskinstance.py:1590} INFO - Exporting the following env vars:
AIRFLOW_CTX_DAG_EMAIL=hojun.seo@pikurate.com
AIRFLOW_CTX_DAG_OWNER=***
AIRFLOW_CTX_DAG_ID=bertopic_autopik_***
AIRFLOW_CTX_TASK_ID=create_bento
AIRFLOW_CTX_EXECUTION_DATE=2022-12-27T22:00:00+00:00
AIRFLOW_CTX_TRY_NUMBER=1
AIRFLOW_CTX_DAG_RUN_ID=scheduled__2022-12-27T22:00:00+00:00
[2022-12-28T01:21:05.413+0000] {subprocess.py:63} INFO - Tmp dir root location: 
 /tmp
[2022-12-28T01:21:05.414+0000] {subprocess.py:75} INFO - Running command: ['/bin/bash', '-c', ' \n            cd /opt/***/dags/bentoml/auto_pik_bento; bentoml build\n        ']
[2022-12-28T01:21:05.478+0000] {subprocess.py:86} INFO - Output:
[2022-12-28T01:21:35.515+0000] {subprocess.py:93} INFO - Building BentoML service "bertopic_autopik_model:7bjofkugjwe6easc" from build context "/opt/***/dags/bentoml/auto_pik_bento".
[2022-12-28T01:21:35.920+0000] {subprocess.py:93} INFO - 
[2022-12-28T01:21:35.920+0000] {subprocess.py:93} INFO - ██████╗░███████╗███╗░░██╗████████╗░█████╗░███╗░░░███╗██╗░░░░░
[2022-12-28T01:21:35.920+0000] {subprocess.py:93} INFO - ██╔══██╗██╔════╝████╗░██║╚══██╔══╝██╔══██╗████╗░████║██║░░░░░
[2022-12-28T01:21:35.920+0000] {subprocess.py:93} INFO - ██████╦╝█████╗░░██╔██╗██║░░░██║░░░██║░░██║██╔████╔██║██║░░░░░
[2022-12-28T01:21:35.920+0000] {subprocess.py:93} INFO - ██╔══██╗██╔══╝░░██║╚████║░░░██║░░░██║░░██║██║╚██╔╝██║██║░░░░░
[2022-12-28T01:21:35.921+0000] {subprocess.py:93} INFO - ██████╦╝███████╗██║░╚███║░░░██║░░░╚█████╔╝██║░╚═╝░██║███████╗
[2022-12-28T01:21:35.921+0000] {subprocess.py:93} INFO - ╚═════╝░╚══════╝╚═╝░░╚══╝░░░╚═╝░░░░╚════╝░╚═╝░░░░░╚═╝╚══════╝
[2022-12-28T01:21:35.921+0000] {subprocess.py:93} INFO - 
[2022-12-28T01:21:35.921+0000] {subprocess.py:93} INFO - Successfully built Bento(tag="bertopic_autopik_model:7bjofkugjwe6easc").
[2022-12-28T01:21:38.525+0000] {subprocess.py:97} INFO - Command exited with return code 0
[2022-12-28T01:21:38.572+0000] {taskinstance.py:1401} INFO - Marking task as SUCCESS. dag_id=bertopic_autopik_***, task_id=create_bento, execution_date=20221227T220000, start_date=20221228T012054, end_date=20221228T012138
[2022-12-28T01:21:39.123+0000] {local_task_job.py:164} INFO - Task exited with return code 0
[2022-12-28T01:21:39.229+0000] {local_task_job.py:273} INFO - 1 downstream tasks scheduled from follow-on schedule check
