[2022-12-28T04:45:11.936+0000] {taskinstance.py:1165} INFO - Dependencies all met for <TaskInstance: bertopic_autopik_airflow.save_processed_data manual__2022-12-28T04:44:13.296482+00:00 [queued]>
[2022-12-28T04:45:11.950+0000] {taskinstance.py:1165} INFO - Dependencies all met for <TaskInstance: bertopic_autopik_airflow.save_processed_data manual__2022-12-28T04:44:13.296482+00:00 [queued]>
[2022-12-28T04:45:11.950+0000] {taskinstance.py:1362} INFO - 
--------------------------------------------------------------------------------
[2022-12-28T04:45:11.950+0000] {taskinstance.py:1363} INFO - Starting attempt 1 of 1
[2022-12-28T04:45:11.950+0000] {taskinstance.py:1364} INFO - 
--------------------------------------------------------------------------------
[2022-12-28T04:45:11.967+0000] {taskinstance.py:1383} INFO - Executing <Task(PythonOperator): save_processed_data> on 2022-12-28 04:44:13.296482+00:00
[2022-12-28T04:45:11.975+0000] {standard_task_runner.py:54} INFO - Started process 615 to run task
[2022-12-28T04:45:11.979+0000] {standard_task_runner.py:82} INFO - Running: ['***', 'tasks', 'run', 'bertopic_autopik_***', 'save_processed_data', 'manual__2022-12-28T04:44:13.296482+00:00', '--job-id', '16', '--raw', '--subdir', 'DAGS_FOLDER/bertopic_autopik_***.py', '--cfg-path', '/tmp/tmpw20359ff']
[2022-12-28T04:45:11.979+0000] {standard_task_runner.py:83} INFO - Job 16: Subtask save_processed_data
[2022-12-28T04:45:11.980+0000] {dagbag.py:525} INFO - Filling up the DagBag from /opt/***/dags/bertopic_autopik_***.py
[2022-12-28T04:45:21.930+0000] {warnings.py:109} WARNING - /home/***/.local/lib/python3.8/site-packages/***/configuration.py:545: DeprecationWarning: The sql_alchemy_conn option in [core] has been moved to the sql_alchemy_conn option in [database] - the old setting has been used, but please update your config.
  option = self._get_environment_variables(deprecated_key, deprecated_section, key, section)

[2022-12-28T04:45:21.985+0000] {task_command.py:384} INFO - Running <TaskInstance: bertopic_autopik_airflow.save_processed_data manual__2022-12-28T04:44:13.296482+00:00 [running]> on host 2f95ab99defd
[2022-12-28T04:45:22.057+0000] {taskinstance.py:1590} INFO - Exporting the following env vars:
AIRFLOW_CTX_DAG_EMAIL=hojun.seo@pikurate.com
AIRFLOW_CTX_DAG_OWNER=***
AIRFLOW_CTX_DAG_ID=bertopic_autopik_***
AIRFLOW_CTX_TASK_ID=save_processed_data
AIRFLOW_CTX_EXECUTION_DATE=2022-12-28T04:44:13.296482+00:00
AIRFLOW_CTX_TRY_NUMBER=1
AIRFLOW_CTX_DAG_RUN_ID=manual__2022-12-28T04:44:13.296482+00:00
[2022-12-28T04:45:26.319+0000] {logging_mixin.py:117} INFO - processed_data shape is:  (104936, 29)
[2022-12-28T04:45:26.348+0000] {python.py:177} INFO - Done. Returned value was: None
[2022-12-28T04:45:26.359+0000] {taskinstance.py:1401} INFO - Marking task as SUCCESS. dag_id=bertopic_autopik_***, task_id=save_processed_data, execution_date=20221228T044413, start_date=20221228T044511, end_date=20221228T044526
[2022-12-28T04:45:29.767+0000] {local_task_job.py:164} INFO - Task exited with return code 0
[2022-12-28T04:45:29.811+0000] {local_task_job.py:273} INFO - 1 downstream tasks scheduled from follow-on schedule check
